2016-06-25 18:38:57: -- Analysis Started by User
2016-06-25 18:39:02: Changes: 32, Conflicts: 0, CopyTime: 0, CopyState: 0/0, Errors: 0, All: 706
2016-06-25 18:39:02: Left to Right: Copy File: 32 
2016-06-25 18:39:02: -- Analysis Complete. Time 00:00:06, Speed: 65 files/s
2016-06-25 18:39:02: 
2016-06-25 18:39:07: == Sync Started by User
2016-06-25 18:39:09: Copy Over '/Users/Joe/Desktop/MWWG/Pictures/critters/critters_01.jpg' -> 'ftp://metrowestwatergardens.com/critters/critters_01.jpg'
2016-06-25 18:39:10: Copy Over '/Users/Joe/Desktop/MWWG/Pictures/critters/critters_02.jpg' -> 'ftp://metrowestwatergardens.com/critters/critters_02.jpg'
2016-06-25 18:39:11: Copy Over '/Users/Joe/Desktop/MWWG/Pictures/critters/critters_03.jpg' -> 'ftp://metrowestwatergardens.com/critters/critters_03.jpg'
2016-06-25 18:39:12: Copy Over '/Users/Joe/Desktop/MWWG/Pictures/critters/critters_04.jpg' -> 'ftp://metrowestwatergardens.com/critters/critters_04.jpg'
2016-06-25 18:39:13: Copy Over '/Users/Joe/Desktop/MWWG/Pictures/critters/critters_05.jpg' -> 'ftp://metrowestwatergardens.com/critters/critters_05.jpg'
2016-06-25 18:39:15: Copy Over '/Users/Joe/Desktop/MWWG/Pictures/critters/critters_06.jpg' -> 'ftp://metrowestwatergardens.com/critters/critters_06.jpg'
2016-06-25 18:39:16: Copy Over '/Users/Joe/Desktop/MWWG/Pictures/critters/critters_07.jpg' -> 'ftp://metrowestwatergardens.com/critters/critters_07.jpg'
2016-06-25 18:39:17: Copy Over '/Users/Joe/Desktop/MWWG/Pictures/critters/critters_08.jpg' -> 'ftp://metrowestwatergardens.com/critters/critters_08.jpg'
2016-06-25 18:39:18: Copy Over '/Users/Joe/Desktop/MWWG/Pictures/critters/critters_09.jpg' -> 'ftp://metrowestwatergardens.com/critters/critters_09.jpg'
2016-06-25 18:39:20: Copy Over '/Users/Joe/Desktop/MWWG/Pictures/critters/critters_10.jpg' -> 'ftp://metrowestwatergardens.com/critters/critters_10.jpg'
2016-06-25 18:39:22: Copy Over '/Users/Joe/Desktop/MWWG/Pictures/critters/critters_11.jpg' -> 'ftp://metrowestwatergardens.com/critters/critters_11.jpg'
2016-06-25 18:39:23: Copy Over '/Users/Joe/Desktop/MWWG/Pictures/critters/critters_12.jpg' -> 'ftp://metrowestwatergardens.com/critters/critters_12.jpg'
2016-06-25 18:39:24: Copy Over '/Users/Joe/Desktop/MWWG/Pictures/critters/critters_13.jpg' -> 'ftp://metrowestwatergardens.com/critters/critters_13.jpg'
2016-06-25 18:39:25: Copy Over '/Users/Joe/Desktop/MWWG/Pictures/critters/critters_14.jpg' -> 'ftp://metrowestwatergardens.com/critters/critters_14.jpg'
2016-06-25 18:39:26: Copy Over '/Users/Joe/Desktop/MWWG/Pictures/critters/critters_15.jpg' -> 'ftp://metrowestwatergardens.com/critters/critters_15.jpg'
2016-06-25 18:39:27: Copy Over '/Users/Joe/Desktop/MWWG/Pictures/critters/critters_16.jpg' -> 'ftp://metrowestwatergardens.com/critters/critters_16.jpg'
2016-06-25 18:39:29: Copy Over '/Users/Joe/Desktop/MWWG/Pictures/critters/thumb/thumb_critters_01.jpg' -> 'ftp://metrowestwatergardens.com/critters/thumb/thumb_critters_01.jpg'
2016-06-25 18:39:30: Copy Over '/Users/Joe/Desktop/MWWG/Pictures/critters/thumb/thumb_critters_02.jpg' -> 'ftp://metrowestwatergardens.com/critters/thumb/thumb_critters_02.jpg'
2016-06-25 18:39:31: Copy Over '/Users/Joe/Desktop/MWWG/Pictures/critters/thumb/thumb_critters_03.jpg' -> 'ftp://metrowestwatergardens.com/critters/thumb/thumb_critters_03.jpg'
2016-06-25 18:39:31: Copy Over '/Users/Joe/Desktop/MWWG/Pictures/critters/thumb/thumb_critters_04.jpg' -> 'ftp://metrowestwatergardens.com/critters/thumb/thumb_critters_04.jpg'
2016-06-25 18:39:32: Copy Over '/Users/Joe/Desktop/MWWG/Pictures/critters/thumb/thumb_critters_05.jpg' -> 'ftp://metrowestwatergardens.com/critters/thumb/thumb_critters_05.jpg'
2016-06-25 18:39:33: Copy Over '/Users/Joe/Desktop/MWWG/Pictures/critters/thumb/thumb_critters_06.jpg' -> 'ftp://metrowestwatergardens.com/critters/thumb/thumb_critters_06.jpg'
2016-06-25 18:39:34: Copy Over '/Users/Joe/Desktop/MWWG/Pictures/critters/thumb/thumb_critters_07.jpg' -> 'ftp://metrowestwatergardens.com/critters/thumb/thumb_critters_07.jpg'
2016-06-25 18:39:35: Copy Over '/Users/Joe/Desktop/MWWG/Pictures/critters/thumb/thumb_critters_08.jpg' -> 'ftp://metrowestwatergardens.com/critters/thumb/thumb_critters_08.jpg'
2016-06-25 18:39:36: Copy Over '/Users/Joe/Desktop/MWWG/Pictures/critters/thumb/thumb_critters_09.jpg' -> 'ftp://metrowestwatergardens.com/critters/thumb/thumb_critters_09.jpg'
2016-06-25 18:39:37: Copy Over '/Users/Joe/Desktop/MWWG/Pictures/critters/thumb/thumb_critters_10.jpg' -> 'ftp://metrowestwatergardens.com/critters/thumb/thumb_critters_10.jpg'
2016-06-25 18:39:38: Copy Over '/Users/Joe/Desktop/MWWG/Pictures/critters/thumb/thumb_critters_11.jpg' -> 'ftp://metrowestwatergardens.com/critters/thumb/thumb_critters_11.jpg'
2016-06-25 18:39:39: Copy Over '/Users/Joe/Desktop/MWWG/Pictures/critters/thumb/thumb_critters_12.jpg' -> 'ftp://metrowestwatergardens.com/critters/thumb/thumb_critters_12.jpg'
2016-06-25 18:39:40: Copy Over '/Users/Joe/Desktop/MWWG/Pictures/critters/thumb/thumb_critters_13.jpg' -> 'ftp://metrowestwatergardens.com/critters/thumb/thumb_critters_13.jpg'
2016-06-25 18:39:41: Copy Over '/Users/Joe/Desktop/MWWG/Pictures/critters/thumb/thumb_critters_14.jpg' -> 'ftp://metrowestwatergardens.com/critters/thumb/thumb_critters_14.jpg'
2016-06-25 18:39:42: Copy Over '/Users/Joe/Desktop/MWWG/Pictures/critters/thumb/thumb_critters_15.jpg' -> 'ftp://metrowestwatergardens.com/critters/thumb/thumb_critters_15.jpg'
2016-06-25 18:39:43: Copy Over '/Users/Joe/Desktop/MWWG/Pictures/critters/thumb/thumb_critters_16.jpg' -> 'ftp://metrowestwatergardens.com/critters/thumb/thumb_critters_16.jpg'
2016-06-25 18:39:44: == Sync Complete. Time: 00:00:39, Speed: 31.3 KB/s, OK: 32, Errors: 0
2016-06-25 18:39:44: 
