2016-06-25 13:22:45: -- Analysis Started by User
2016-06-25 13:22:48: Changes: 18, Conflicts: 0, CopyTime: 0, CopyState: 0/0, Errors: 0, All: 180
2016-06-25 13:22:48: Left to Right: Copy File: 18 
2016-06-25 13:22:48: -- Analysis Complete. Time 00:00:04, Speed: 42 files/s
2016-06-25 13:22:48: 
2016-06-25 13:22:54: == Sync Started by User
2016-06-25 13:22:55: Create Folder 'ftp://metrowestwatergardens.com/critters/thumb'
2016-06-25 13:22:56: Copy New '/Users/Joe/Desktop/MWWG/Pictures/critters/thumb/thumb_critters_1.jpg' -> 'ftp://metrowestwatergardens.com/critters/thumb/thumb_critters_1.jpg'
2016-06-25 13:22:56: Copy New '/Users/Joe/Desktop/MWWG/Pictures/critters/thumb/thumb_critters_2.jpg' -> 'ftp://metrowestwatergardens.com/critters/thumb/thumb_critters_2.jpg'
2016-06-25 13:22:57: Copy New '/Users/Joe/Desktop/MWWG/Pictures/critters/thumb/thumb_Critters_Pix02.jpg' -> 'ftp://metrowestwatergardens.com/critters/thumb/thumb_Critters_Pix02.jpg'
2016-06-25 13:22:58: Copy New '/Users/Joe/Desktop/MWWG/Pictures/critters/thumb/thumb_Critters_Pix03.jpg' -> 'ftp://metrowestwatergardens.com/critters/thumb/thumb_Critters_Pix03.jpg'
2016-06-25 13:22:59: Copy New '/Users/Joe/Desktop/MWWG/Pictures/critters/thumb/thumb_Critters_Pix04.jpg' -> 'ftp://metrowestwatergardens.com/critters/thumb/thumb_Critters_Pix04.jpg'
2016-06-25 13:23:00: Copy New '/Users/Joe/Desktop/MWWG/Pictures/critters/thumb/thumb_Critters_Pix05.jpg' -> 'ftp://metrowestwatergardens.com/critters/thumb/thumb_Critters_Pix05.jpg'
2016-06-25 13:23:00: Copy New '/Users/Joe/Desktop/MWWG/Pictures/critters/thumb/thumb_Critters_Pix06.jpg' -> 'ftp://metrowestwatergardens.com/critters/thumb/thumb_Critters_Pix06.jpg'
2016-06-25 13:23:01: Copy New '/Users/Joe/Desktop/MWWG/Pictures/critters/thumb/thumb_Critters_Pix07.jpg' -> 'ftp://metrowestwatergardens.com/critters/thumb/thumb_Critters_Pix07.jpg'
2016-06-25 13:23:02: Copy New '/Users/Joe/Desktop/MWWG/Pictures/critters/thumb/thumb_Critters_Pix08.jpg' -> 'ftp://metrowestwatergardens.com/critters/thumb/thumb_Critters_Pix08.jpg'
2016-06-25 13:23:03: Copy New '/Users/Joe/Desktop/MWWG/Pictures/critters/thumb/thumb_Critters_Pix09.jpg' -> 'ftp://metrowestwatergardens.com/critters/thumb/thumb_Critters_Pix09.jpg'
2016-06-25 13:23:04: Copy New '/Users/Joe/Desktop/MWWG/Pictures/critters/thumb/thumb_Critters_Pix10.jpg' -> 'ftp://metrowestwatergardens.com/critters/thumb/thumb_Critters_Pix10.jpg'
2016-06-25 13:23:04: Copy New '/Users/Joe/Desktop/MWWG/Pictures/critters/thumb/thumb_Critters_Pix11.jpg' -> 'ftp://metrowestwatergardens.com/critters/thumb/thumb_Critters_Pix11.jpg'
2016-06-25 13:23:05: Copy New '/Users/Joe/Desktop/MWWG/Pictures/critters/thumb/thumb_Critters_Pix12.jpg' -> 'ftp://metrowestwatergardens.com/critters/thumb/thumb_Critters_Pix12.jpg'
2016-06-25 13:23:06: Copy New '/Users/Joe/Desktop/MWWG/Pictures/critters/thumb/thumb_Critters_Pix13.jpg' -> 'ftp://metrowestwatergardens.com/critters/thumb/thumb_Critters_Pix13.jpg'
2016-06-25 13:23:07: Copy New '/Users/Joe/Desktop/MWWG/Pictures/critters/thumb/thumb_Critters_Pix14.jpg' -> 'ftp://metrowestwatergardens.com/critters/thumb/thumb_Critters_Pix14.jpg'
2016-06-25 13:23:07: Copy New '/Users/Joe/Desktop/MWWG/Pictures/critters/thumb/thumb_Critters_Pix15.jpg' -> 'ftp://metrowestwatergardens.com/critters/thumb/thumb_Critters_Pix15.jpg'
2016-06-25 13:23:08: Copy New '/Users/Joe/Desktop/MWWG/Pictures/critters/thumb/thumb_Critters_Pix16.jpg' -> 'ftp://metrowestwatergardens.com/critters/thumb/thumb_Critters_Pix16.jpg'
2016-06-25 13:23:09: == Sync Complete. Time: 00:00:16, Speed: 10.8 KB/s, OK: 18, Errors: 0
2016-06-25 13:23:09: 
