2016-06-25 13:41:50: -- Analysis Started by User
2016-06-25 13:41:53: Changes: 100, Conflicts: 0, CopyTime: 0, CopyState: 0/0, Errors: 0, All: 180
2016-06-25 13:41:53: Left to Right: Name Case Change: 100 
2016-06-25 13:41:53: -- Analysis Complete. Time 00:00:04, Speed: 42 files/s
2016-06-25 13:41:53: 
2016-06-25 13:41:58: == Sync Started by User
2016-06-25 13:41:59: Change Name Case: Move File ftp://metrowestwatergardens.com/before and after/After_10.JPG -> ftp://metrowestwatergardens.com/before and after/After_10.jpg
2016-06-25 13:42:00: Change Name Case: Move File ftp://metrowestwatergardens.com/before and after/After_11.JPG -> ftp://metrowestwatergardens.com/before and after/After_11.jpg
2016-06-25 13:42:00: Change Name Case: Move File ftp://metrowestwatergardens.com/before and after/After_13.JPG -> ftp://metrowestwatergardens.com/before and after/After_13.jpg
2016-06-25 13:42:00: Change Name Case: Move File ftp://metrowestwatergardens.com/before and after/After_5.JPG -> ftp://metrowestwatergardens.com/before and after/After_5.jpg
2016-06-25 13:42:00: Change Name Case: Move File ftp://metrowestwatergardens.com/before and after/After_8.JPG -> ftp://metrowestwatergardens.com/before and after/After_8.jpg
2016-06-25 13:42:01: Change Name Case: Move File ftp://metrowestwatergardens.com/before and after/After_9.JPG -> ftp://metrowestwatergardens.com/before and after/After_9.jpg
2016-06-25 13:42:01: Change Name Case: Move File ftp://metrowestwatergardens.com/before and after/Before_10.JPG -> ftp://metrowestwatergardens.com/before and after/Before_10.jpg
2016-06-25 13:42:01: Change Name Case: Move File ftp://metrowestwatergardens.com/before and after/Before_13.JPG -> ftp://metrowestwatergardens.com/before and after/Before_13.jpg
2016-06-25 13:42:01: Change Name Case: Move File ftp://metrowestwatergardens.com/before and after/Before_8.JPG -> ftp://metrowestwatergardens.com/before and after/Before_8.jpg
2016-06-25 13:42:02: Change Name Case: Move File ftp://metrowestwatergardens.com/before and after/Before_9.JPG -> ftp://metrowestwatergardens.com/before and after/Before_9.jpg
2016-06-25 13:42:02: Change Name Case: Move File ftp://metrowestwatergardens.com/before and after/IMG_0393.JPG -> ftp://metrowestwatergardens.com/before and after/IMG_0393.jpg
2016-06-25 13:42:02: Change Name Case: Move File ftp://metrowestwatergardens.com/before and after/IMG_0394.JPG -> ftp://metrowestwatergardens.com/before and after/IMG_0394.jpg
2016-06-25 13:42:02: Change Name Case: Move File ftp://metrowestwatergardens.com/critters/Critters_Pix02.JPG -> ftp://metrowestwatergardens.com/critters/Critters_Pix02.jpg
2016-06-25 13:42:03: Change Name Case: Move File ftp://metrowestwatergardens.com/critters/Critters_Pix03.JPG -> ftp://metrowestwatergardens.com/critters/Critters_Pix03.jpg
2016-06-25 13:42:03: Change Name Case: Move File ftp://metrowestwatergardens.com/critters/Critters_Pix04.JPG -> ftp://metrowestwatergardens.com/critters/Critters_Pix04.jpg
2016-06-25 13:42:03: Change Name Case: Move File ftp://metrowestwatergardens.com/critters/Critters_Pix05.JPG -> ftp://metrowestwatergardens.com/critters/Critters_Pix05.jpg
2016-06-25 13:42:03: Change Name Case: Move File ftp://metrowestwatergardens.com/critters/Critters_Pix06.JPG -> ftp://metrowestwatergardens.com/critters/Critters_Pix06.jpg
2016-06-25 13:42:04: Change Name Case: Move File ftp://metrowestwatergardens.com/critters/Critters_Pix07.JPG -> ftp://metrowestwatergardens.com/critters/Critters_Pix07.jpg
2016-06-25 13:42:04: Change Name Case: Move File ftp://metrowestwatergardens.com/critters/Critters_Pix08.JPG -> ftp://metrowestwatergardens.com/critters/Critters_Pix08.jpg
2016-06-25 13:42:04: Change Name Case: Move File ftp://metrowestwatergardens.com/critters/Critters_Pix09.JPG -> ftp://metrowestwatergardens.com/critters/Critters_Pix09.jpg
2016-06-25 13:42:04: Change Name Case: Move File ftp://metrowestwatergardens.com/critters/Critters_Pix10.JPG -> ftp://metrowestwatergardens.com/critters/Critters_Pix10.jpg
2016-06-25 13:42:04: Change Name Case: Move File ftp://metrowestwatergardens.com/critters/Critters_Pix11.JPG -> ftp://metrowestwatergardens.com/critters/Critters_Pix11.jpg
2016-06-25 13:42:05: Change Name Case: Move File ftp://metrowestwatergardens.com/critters/Critters_Pix12.JPG -> ftp://metrowestwatergardens.com/critters/Critters_Pix12.jpg
2016-06-25 13:42:05: Change Name Case: Move File ftp://metrowestwatergardens.com/critters/Critters_Pix13.JPG -> ftp://metrowestwatergardens.com/critters/Critters_Pix13.jpg
2016-06-25 13:42:05: Change Name Case: Move File ftp://metrowestwatergardens.com/critters/Critters_Pix14.JPG -> ftp://metrowestwatergardens.com/critters/Critters_Pix14.jpg
2016-06-25 13:42:05: Change Name Case: Move File ftp://metrowestwatergardens.com/critters/Critters_Pix15.JPG -> ftp://metrowestwatergardens.com/critters/Critters_Pix15.jpg
2016-06-25 13:42:06: Change Name Case: Move File ftp://metrowestwatergardens.com/critters/Critters_Pix16.JPG -> ftp://metrowestwatergardens.com/critters/Critters_Pix16.jpg
2016-06-25 13:42:06: Change Name Case: Move File ftp://metrowestwatergardens.com/plants/Plants_Pix01.JPG -> ftp://metrowestwatergardens.com/plants/Plants_Pix01.jpg
2016-06-25 13:42:06: Change Name Case: Move File ftp://metrowestwatergardens.com/plants/Plants_Pix02.JPG -> ftp://metrowestwatergardens.com/plants/Plants_Pix02.jpg
2016-06-25 13:42:06: Change Name Case: Move File ftp://metrowestwatergardens.com/plants/Plants_Pix03.JPG -> ftp://metrowestwatergardens.com/plants/Plants_Pix03.jpg
2016-06-25 13:42:07: Change Name Case: Move File ftp://metrowestwatergardens.com/plants/Plants_Pix04.JPG -> ftp://metrowestwatergardens.com/plants/Plants_Pix04.jpg
2016-06-25 13:42:07: Change Name Case: Move File ftp://metrowestwatergardens.com/plants/Plants_Pix05.JPG -> ftp://metrowestwatergardens.com/plants/Plants_Pix05.jpg
2016-06-25 13:42:07: Change Name Case: Move File ftp://metrowestwatergardens.com/plants/Plants_Pix06.JPG -> ftp://metrowestwatergardens.com/plants/Plants_Pix06.jpg
2016-06-25 13:42:07: Change Name Case: Move File ftp://metrowestwatergardens.com/plants/Plants_Pix07.JPG -> ftp://metrowestwatergardens.com/plants/Plants_Pix07.jpg
2016-06-25 13:42:08: Change Name Case: Move File ftp://metrowestwatergardens.com/plants/Plants_Pix08.JPG -> ftp://metrowestwatergardens.com/plants/Plants_Pix08.jpg
2016-06-25 13:42:08: Change Name Case: Move File ftp://metrowestwatergardens.com/plants/Plants_Pix09.JPG -> ftp://metrowestwatergardens.com/plants/Plants_Pix09.jpg
2016-06-25 13:42:08: Change Name Case: Move File ftp://metrowestwatergardens.com/plants/Plants_Pix10.JPG -> ftp://metrowestwatergardens.com/plants/Plants_Pix10.jpg
2016-06-25 13:42:08: Change Name Case: Move File ftp://metrowestwatergardens.com/plants/Plants_Pix11.JPG -> ftp://metrowestwatergardens.com/plants/Plants_Pix11.jpg
2016-06-25 13:42:09: Change Name Case: Move File ftp://metrowestwatergardens.com/plants/Plants_Pix12.JPG -> ftp://metrowestwatergardens.com/plants/Plants_Pix12.jpg
2016-06-25 13:42:09: Change Name Case: Move File ftp://metrowestwatergardens.com/ponds/Ponds_Pix01.JPG -> ftp://metrowestwatergardens.com/ponds/Ponds_Pix01.jpg
2016-06-25 13:42:09: Change Name Case: Move File ftp://metrowestwatergardens.com/ponds/Ponds_Pix02.JPG -> ftp://metrowestwatergardens.com/ponds/Ponds_Pix02.jpg
2016-06-25 13:42:09: Change Name Case: Move File ftp://metrowestwatergardens.com/ponds/Ponds_Pix03.JPG -> ftp://metrowestwatergardens.com/ponds/Ponds_Pix03.jpg
2016-06-25 13:42:10: Change Name Case: Move File ftp://metrowestwatergardens.com/ponds/Ponds_Pix04.JPG -> ftp://metrowestwatergardens.com/ponds/Ponds_Pix04.jpg
2016-06-25 13:42:10: Change Name Case: Move File ftp://metrowestwatergardens.com/ponds/Ponds_Pix05.JPG -> ftp://metrowestwatergardens.com/ponds/Ponds_Pix05.jpg
2016-06-25 13:42:10: Change Name Case: Move File ftp://metrowestwatergardens.com/ponds/Ponds_Pix06.JPG -> ftp://metrowestwatergardens.com/ponds/Ponds_Pix06.jpg
2016-06-25 13:42:10: Change Name Case: Move File ftp://metrowestwatergardens.com/ponds/Ponds_Pix07.JPG -> ftp://metrowestwatergardens.com/ponds/Ponds_Pix07.jpg
2016-06-25 13:42:11: Change Name Case: Move File ftp://metrowestwatergardens.com/ponds/Ponds_Pix08.JPG -> ftp://metrowestwatergardens.com/ponds/Ponds_Pix08.jpg
2016-06-25 13:42:11: Change Name Case: Move File ftp://metrowestwatergardens.com/ponds/Ponds_Pix09.JPG -> ftp://metrowestwatergardens.com/ponds/Ponds_Pix09.jpg
2016-06-25 13:42:11: Change Name Case: Move File ftp://metrowestwatergardens.com/ponds/Ponds_Pix13.JPG -> ftp://metrowestwatergardens.com/ponds/Ponds_Pix13.jpg
2016-06-25 13:42:11: Change Name Case: Move File ftp://metrowestwatergardens.com/ponds/Ponds_Pix14.JPG -> ftp://metrowestwatergardens.com/ponds/Ponds_Pix14.jpg
2016-06-25 13:42:11: Change Name Case: Move File ftp://metrowestwatergardens.com/ponds/Ponds_Pix16.JPG -> ftp://metrowestwatergardens.com/ponds/Ponds_Pix16.jpg
2016-06-25 13:42:12: Change Name Case: Move File ftp://metrowestwatergardens.com/ponds/Ponds_Pix21.JPG -> ftp://metrowestwatergardens.com/ponds/Ponds_Pix21.jpg
2016-06-25 13:42:12: Change Name Case: Move File ftp://metrowestwatergardens.com/ponds/Ponds_Pix22.JPG -> ftp://metrowestwatergardens.com/ponds/Ponds_Pix22.jpg
2016-06-25 13:42:12: Change Name Case: Move File ftp://metrowestwatergardens.com/ponds/Ponds_Pix23.JPG -> ftp://metrowestwatergardens.com/ponds/Ponds_Pix23.jpg
2016-06-25 13:42:12: Change Name Case: Move File ftp://metrowestwatergardens.com/ponds/Ponds_Pix25.JPG -> ftp://metrowestwatergardens.com/ponds/Ponds_Pix25.jpg
2016-06-25 13:42:13: Change Name Case: Move File ftp://metrowestwatergardens.com/ponds/Ponds_Pix26.JPG -> ftp://metrowestwatergardens.com/ponds/Ponds_Pix26.jpg
2016-06-25 13:42:13: Change Name Case: Move File ftp://metrowestwatergardens.com/ponds/Ponds_Pix27.JPG -> ftp://metrowestwatergardens.com/ponds/Ponds_Pix27.jpg
2016-06-25 13:42:13: Change Name Case: Move File ftp://metrowestwatergardens.com/ponds/Ponds_Pix28.JPG -> ftp://metrowestwatergardens.com/ponds/Ponds_Pix28.jpg
2016-06-25 13:42:13: Change Name Case: Move File ftp://metrowestwatergardens.com/ponds/Ponds_Pix29.JPG -> ftp://metrowestwatergardens.com/ponds/Ponds_Pix29.jpg
2016-06-25 13:42:14: Change Name Case: Move File ftp://metrowestwatergardens.com/ponds/Ponds_Pix30.JPG -> ftp://metrowestwatergardens.com/ponds/Ponds_Pix30.jpg
2016-06-25 13:42:14: Change Name Case: Move File ftp://metrowestwatergardens.com/ponds/Ponds_Pix31.JPG -> ftp://metrowestwatergardens.com/ponds/Ponds_Pix31.jpg
2016-06-25 13:42:14: Change Name Case: Move File ftp://metrowestwatergardens.com/ponds/Ponds_Pix32.JPG -> ftp://metrowestwatergardens.com/ponds/Ponds_Pix32.jpg
2016-06-25 13:42:14: Change Name Case: Move File ftp://metrowestwatergardens.com/ponds/Ponds_Pix33.JPG -> ftp://metrowestwatergardens.com/ponds/Ponds_Pix33.jpg
2016-06-25 13:42:15: Change Name Case: Move File ftp://metrowestwatergardens.com/ponds/Ponds_Pix34.JPG -> ftp://metrowestwatergardens.com/ponds/Ponds_Pix34.jpg
2016-06-25 13:42:15: Change Name Case: Move File ftp://metrowestwatergardens.com/ponds/Ponds_Pix35.JPG -> ftp://metrowestwatergardens.com/ponds/Ponds_Pix35.jpg
2016-06-25 13:42:15: Change Name Case: Move File ftp://metrowestwatergardens.com/ponds/Ponds_Pix36.JPG -> ftp://metrowestwatergardens.com/ponds/Ponds_Pix36.jpg
2016-06-25 13:42:15: Change Name Case: Move File ftp://metrowestwatergardens.com/ponds/Ponds_Pix37.JPG -> ftp://metrowestwatergardens.com/ponds/Ponds_Pix37.jpg
2016-06-25 13:42:16: Change Name Case: Move File ftp://metrowestwatergardens.com/ponds/Ponds_Pix44.JPG -> ftp://metrowestwatergardens.com/ponds/Ponds_Pix44.jpg
2016-06-25 13:42:16: Change Name Case: Move File ftp://metrowestwatergardens.com/waterfalls/Waterfalls_Pix03.JPG -> ftp://metrowestwatergardens.com/waterfalls/Waterfalls_Pix03.jpg
2016-06-25 13:42:16: Change Name Case: Move File ftp://metrowestwatergardens.com/waterfalls/Waterfalls_Pix04.JPG -> ftp://metrowestwatergardens.com/waterfalls/Waterfalls_Pix04.jpg
2016-06-25 13:42:16: Change Name Case: Move File ftp://metrowestwatergardens.com/waterfalls/Waterfalls_Pix05.JPG -> ftp://metrowestwatergardens.com/waterfalls/Waterfalls_Pix05.jpg
2016-06-25 13:42:17: Change Name Case: Move File ftp://metrowestwatergardens.com/waterfalls/Waterfalls_Pix06.JPG -> ftp://metrowestwatergardens.com/waterfalls/Waterfalls_Pix06.jpg
2016-06-25 13:42:17: Change Name Case: Move File ftp://metrowestwatergardens.com/waterfalls/Waterfalls_Pix07.JPG -> ftp://metrowestwatergardens.com/waterfalls/Waterfalls_Pix07.jpg
2016-06-25 13:42:17: Change Name Case: Move File ftp://metrowestwatergardens.com/waterfalls/Waterfalls_Pix08.JPG -> ftp://metrowestwatergardens.com/waterfalls/Waterfalls_Pix08.jpg
2016-06-25 13:42:17: Change Name Case: Move File ftp://metrowestwatergardens.com/waterfalls/Waterfalls_Pix09.JPG -> ftp://metrowestwatergardens.com/waterfalls/Waterfalls_Pix09.jpg
2016-06-25 13:42:18: Change Name Case: Move File ftp://metrowestwatergardens.com/waterfalls/Waterfalls_Pix10.JPG -> ftp://metrowestwatergardens.com/waterfalls/Waterfalls_Pix10.jpg
2016-06-25 13:42:18: Change Name Case: Move File ftp://metrowestwatergardens.com/waterfalls/Waterfalls_Pix11.JPG -> ftp://metrowestwatergardens.com/waterfalls/Waterfalls_Pix11.jpg
2016-06-25 13:42:18: Change Name Case: Move File ftp://metrowestwatergardens.com/waterfalls/Waterfalls_Pix13.JPG -> ftp://metrowestwatergardens.com/waterfalls/Waterfalls_Pix13.jpg
2016-06-25 13:42:18: Change Name Case: Move File ftp://metrowestwatergardens.com/waterfalls/Waterfalls_Pix14.JPG -> ftp://metrowestwatergardens.com/waterfalls/Waterfalls_Pix14.jpg
2016-06-25 13:42:19: Change Name Case: Move File ftp://metrowestwatergardens.com/waterfalls/Waterfalls_Pix15.JPG -> ftp://metrowestwatergardens.com/waterfalls/Waterfalls_Pix15.jpg
2016-06-25 13:42:19: Change Name Case: Move File ftp://metrowestwatergardens.com/waterfalls/Waterfalls_Pix16.JPG -> ftp://metrowestwatergardens.com/waterfalls/Waterfalls_Pix16.jpg
2016-06-25 13:42:19: Change Name Case: Move File ftp://metrowestwatergardens.com/waterfalls/Waterfalls_Pix17.JPG -> ftp://metrowestwatergardens.com/waterfalls/Waterfalls_Pix17.jpg
2016-06-25 13:42:19: Change Name Case: Move File ftp://metrowestwatergardens.com/waterfalls/Waterfalls_Pix18.JPG -> ftp://metrowestwatergardens.com/waterfalls/Waterfalls_Pix18.jpg
2016-06-25 13:42:20: Change Name Case: Move File ftp://metrowestwatergardens.com/waterfalls/Waterfalls_Pix20.JPG -> ftp://metrowestwatergardens.com/waterfalls/Waterfalls_Pix20.jpg
2016-06-25 13:42:20: Change Name Case: Move File ftp://metrowestwatergardens.com/waterfalls/Waterfalls_Pix21.JPG -> ftp://metrowestwatergardens.com/waterfalls/Waterfalls_Pix21.jpg
2016-06-25 13:42:20: Change Name Case: Move File ftp://metrowestwatergardens.com/waterfalls/Waterfalls_Pix22.JPG -> ftp://metrowestwatergardens.com/waterfalls/Waterfalls_Pix22.jpg
2016-06-25 13:42:20: Change Name Case: Move File ftp://metrowestwatergardens.com/waterfalls/Waterfalls_Pix23.JPG -> ftp://metrowestwatergardens.com/waterfalls/Waterfalls_Pix23.jpg
2016-06-25 13:42:20: Change Name Case: Move File ftp://metrowestwatergardens.com/waterfalls/Waterfalls_Pix24.JPG -> ftp://metrowestwatergardens.com/waterfalls/Waterfalls_Pix24.jpg
2016-06-25 13:42:21: Change Name Case: Move File ftp://metrowestwatergardens.com/waterfalls/Waterfalls_Pix25.JPG -> ftp://metrowestwatergardens.com/waterfalls/Waterfalls_Pix25.jpg
2016-06-25 13:42:21: Change Name Case: Move File ftp://metrowestwatergardens.com/waterfalls/Waterfalls_Pix27.JPG -> ftp://metrowestwatergardens.com/waterfalls/Waterfalls_Pix27.jpg
2016-06-25 13:42:21: Change Name Case: Move File ftp://metrowestwatergardens.com/waterfalls/Waterfalls_Pix28.JPG -> ftp://metrowestwatergardens.com/waterfalls/Waterfalls_Pix28.jpg
2016-06-25 13:42:21: Change Name Case: Move File ftp://metrowestwatergardens.com/waterfalls/Waterfalls_Pix29.JPG -> ftp://metrowestwatergardens.com/waterfalls/Waterfalls_Pix29.jpg
2016-06-25 13:42:22: Change Name Case: Move File ftp://metrowestwatergardens.com/waterfalls/Waterfalls_Pix30.JPG -> ftp://metrowestwatergardens.com/waterfalls/Waterfalls_Pix30.jpg
2016-06-25 13:42:22: Change Name Case: Move File ftp://metrowestwatergardens.com/waterfalls/Waterfalls_Pix31.JPG -> ftp://metrowestwatergardens.com/waterfalls/Waterfalls_Pix31.jpg
2016-06-25 13:42:22: Change Name Case: Move File ftp://metrowestwatergardens.com/waterfalls/Waterfalls_Pix32.JPG -> ftp://metrowestwatergardens.com/waterfalls/Waterfalls_Pix32.jpg
2016-06-25 13:42:22: Change Name Case: Move File ftp://metrowestwatergardens.com/waterfalls/Waterfalls_Pix33.JPG -> ftp://metrowestwatergardens.com/waterfalls/Waterfalls_Pix33.jpg
2016-06-25 13:42:23: Change Name Case: Move File ftp://metrowestwatergardens.com/waterfalls/Waterfalls_Pix34.JPG -> ftp://metrowestwatergardens.com/waterfalls/Waterfalls_Pix34.jpg
2016-06-25 13:42:23: Change Name Case: Move File ftp://metrowestwatergardens.com/waterfalls/Waterfalls_Pix36.JPG -> ftp://metrowestwatergardens.com/waterfalls/Waterfalls_Pix36.jpg
2016-06-25 13:42:23: Change Name Case: Move File ftp://metrowestwatergardens.com/waterfalls/Waterfalls_Pix37.JPG -> ftp://metrowestwatergardens.com/waterfalls/Waterfalls_Pix37.jpg
2016-06-25 13:42:23: Change Name Case: Move File ftp://metrowestwatergardens.com/waterfalls/Waterfalls_Pix38.JPG -> ftp://metrowestwatergardens.com/waterfalls/Waterfalls_Pix38.jpg
2016-06-25 13:42:24: == Sync Complete. Time: 00:00:27, Speed: 2.0 KB/s, OK: 100, Errors: 0
2016-06-25 13:42:24: 
