2016-06-25 17:04:36: -- Analysis Started by User
2016-06-25 17:04:41: Changes: 56, Conflicts: 0, CopyTime: 0, CopyState: 0/0, Errors: 0, All: 706
2016-06-25 17:04:41: Left to Right: Copy File: 28 Delete File: 28 
2016-06-25 17:04:41: -- Analysis Complete. Time 00:00:06, Speed: 69 files/s
2016-06-25 17:04:41: 
2016-06-25 17:04:44: == Sync Started by User
2016-06-25 17:04:45: Delete File 'ftp://metrowestwatergardens.com/before and after/beforeandafter_01.jpg'
2016-06-25 17:04:45: Delete File 'ftp://metrowestwatergardens.com/before and after/beforeandafter_02.jpg'
2016-06-25 17:04:45: Delete File 'ftp://metrowestwatergardens.com/before and after/beforeandafter_03.jpg'
2016-06-25 17:04:46: Delete File 'ftp://metrowestwatergardens.com/before and after/beforeandafter_04.jpg'
2016-06-25 17:04:46: Delete File 'ftp://metrowestwatergardens.com/before and after/beforeandafter_05.jpg'
2016-06-25 17:04:46: Delete File 'ftp://metrowestwatergardens.com/before and after/beforeandafter_06.jpg'
2016-06-25 17:04:46: Delete File 'ftp://metrowestwatergardens.com/before and after/beforeandafter_07.jpg'
2016-06-25 17:04:46: Delete File 'ftp://metrowestwatergardens.com/before and after/beforeandafter_08.jpg'
2016-06-25 17:04:46: Delete File 'ftp://metrowestwatergardens.com/before and after/beforeandafter_09.jpg'
2016-06-25 17:04:47: Delete File 'ftp://metrowestwatergardens.com/before and after/beforeandafter_10.jpg'
2016-06-25 17:04:47: Delete File 'ftp://metrowestwatergardens.com/before and after/beforeandafter_11.jpg'
2016-06-25 17:04:47: Delete File 'ftp://metrowestwatergardens.com/before and after/beforeandafter_12.jpg'
2016-06-25 17:04:47: Delete File 'ftp://metrowestwatergardens.com/before and after/beforeandafter_13.jpg'
2016-06-25 17:04:47: Delete File 'ftp://metrowestwatergardens.com/before and after/beforeandafter_14.jpg'
2016-06-25 17:04:47: Delete File 'ftp://metrowestwatergardens.com/before and after/thumb/thumb_beforeandafter_01.jpg'
2016-06-25 17:04:48: Delete File 'ftp://metrowestwatergardens.com/before and after/thumb/thumb_beforeandafter_02.jpg'
2016-06-25 17:04:48: Delete File 'ftp://metrowestwatergardens.com/before and after/thumb/thumb_beforeandafter_03.jpg'
2016-06-25 17:04:48: Delete File 'ftp://metrowestwatergardens.com/before and after/thumb/thumb_beforeandafter_04.jpg'
2016-06-25 17:04:48: Delete File 'ftp://metrowestwatergardens.com/before and after/thumb/thumb_beforeandafter_05.jpg'
2016-06-25 17:04:48: Delete File 'ftp://metrowestwatergardens.com/before and after/thumb/thumb_beforeandafter_06.jpg'
2016-06-25 17:04:48: Delete File 'ftp://metrowestwatergardens.com/before and after/thumb/thumb_beforeandafter_07.jpg'
2016-06-25 17:04:49: Delete File 'ftp://metrowestwatergardens.com/before and after/thumb/thumb_beforeandafter_08.jpg'
2016-06-25 17:04:49: Delete File 'ftp://metrowestwatergardens.com/before and after/thumb/thumb_beforeandafter_09.jpg'
2016-06-25 17:04:49: Delete File 'ftp://metrowestwatergardens.com/before and after/thumb/thumb_beforeandafter_10.jpg'
2016-06-25 17:04:49: Delete File 'ftp://metrowestwatergardens.com/before and after/thumb/thumb_beforeandafter_11.jpg'
2016-06-25 17:04:49: Delete File 'ftp://metrowestwatergardens.com/before and after/thumb/thumb_beforeandafter_12.jpg'
2016-06-25 17:04:49: Delete File 'ftp://metrowestwatergardens.com/before and after/thumb/thumb_beforeandafter_13.jpg'
2016-06-25 17:04:50: Delete File 'ftp://metrowestwatergardens.com/before and after/thumb/thumb_beforeandafter_14.jpg'
2016-06-25 17:04:51: Copy New '/Users/Joe/Desktop/MWWG/Pictures/before and after/before and after_01.jpg' -> 'ftp://metrowestwatergardens.com/before and after/before and after_01.jpg'
2016-06-25 17:04:52: Copy New '/Users/Joe/Desktop/MWWG/Pictures/before and after/before and after_02.jpg' -> 'ftp://metrowestwatergardens.com/before and after/before and after_02.jpg'
2016-06-25 17:04:53: Copy New '/Users/Joe/Desktop/MWWG/Pictures/before and after/before and after_03.jpg' -> 'ftp://metrowestwatergardens.com/before and after/before and after_03.jpg'
2016-06-25 17:04:54: Copy New '/Users/Joe/Desktop/MWWG/Pictures/before and after/before and after_04.jpg' -> 'ftp://metrowestwatergardens.com/before and after/before and after_04.jpg'
2016-06-25 17:04:55: Copy New '/Users/Joe/Desktop/MWWG/Pictures/before and after/before and after_05.jpg' -> 'ftp://metrowestwatergardens.com/before and after/before and after_05.jpg'
2016-06-25 17:04:56: Copy New '/Users/Joe/Desktop/MWWG/Pictures/before and after/before and after_06.jpg' -> 'ftp://metrowestwatergardens.com/before and after/before and after_06.jpg'
2016-06-25 17:04:58: Copy New '/Users/Joe/Desktop/MWWG/Pictures/before and after/before and after_07.jpg' -> 'ftp://metrowestwatergardens.com/before and after/before and after_07.jpg'
2016-06-25 17:04:59: Copy New '/Users/Joe/Desktop/MWWG/Pictures/before and after/before and after_08.jpg' -> 'ftp://metrowestwatergardens.com/before and after/before and after_08.jpg'
2016-06-25 17:05:00: Copy New '/Users/Joe/Desktop/MWWG/Pictures/before and after/before and after_09.jpg' -> 'ftp://metrowestwatergardens.com/before and after/before and after_09.jpg'
2016-06-25 17:05:01: Copy New '/Users/Joe/Desktop/MWWG/Pictures/before and after/before and after_10.jpg' -> 'ftp://metrowestwatergardens.com/before and after/before and after_10.jpg'
2016-06-25 17:05:02: Copy New '/Users/Joe/Desktop/MWWG/Pictures/before and after/before and after_11.jpg' -> 'ftp://metrowestwatergardens.com/before and after/before and after_11.jpg'
2016-06-25 17:05:03: Copy New '/Users/Joe/Desktop/MWWG/Pictures/before and after/before and after_12.jpg' -> 'ftp://metrowestwatergardens.com/before and after/before and after_12.jpg'
2016-06-25 17:05:04: Copy New '/Users/Joe/Desktop/MWWG/Pictures/before and after/before and after_13.jpg' -> 'ftp://metrowestwatergardens.com/before and after/before and after_13.jpg'
2016-06-25 17:05:05: Copy New '/Users/Joe/Desktop/MWWG/Pictures/before and after/before and after_14.jpg' -> 'ftp://metrowestwatergardens.com/before and after/before and after_14.jpg'
2016-06-25 17:05:06: Copy New '/Users/Joe/Desktop/MWWG/Pictures/before and after/thumb/thumb_before and after_01.jpg' -> 'ftp://metrowestwatergardens.com/before and after/thumb/thumb_before and after_01.jpg'
2016-06-25 17:05:07: Copy New '/Users/Joe/Desktop/MWWG/Pictures/before and after/thumb/thumb_before and after_02.jpg' -> 'ftp://metrowestwatergardens.com/before and after/thumb/thumb_before and after_02.jpg'
2016-06-25 17:05:08: Copy New '/Users/Joe/Desktop/MWWG/Pictures/before and after/thumb/thumb_before and after_03.jpg' -> 'ftp://metrowestwatergardens.com/before and after/thumb/thumb_before and after_03.jpg'
2016-06-25 17:05:09: Copy New '/Users/Joe/Desktop/MWWG/Pictures/before and after/thumb/thumb_before and after_04.jpg' -> 'ftp://metrowestwatergardens.com/before and after/thumb/thumb_before and after_04.jpg'
2016-06-25 17:05:09: Copy New '/Users/Joe/Desktop/MWWG/Pictures/before and after/thumb/thumb_before and after_05.jpg' -> 'ftp://metrowestwatergardens.com/before and after/thumb/thumb_before and after_05.jpg'
2016-06-25 17:05:10: Copy New '/Users/Joe/Desktop/MWWG/Pictures/before and after/thumb/thumb_before and after_06.jpg' -> 'ftp://metrowestwatergardens.com/before and after/thumb/thumb_before and after_06.jpg'
2016-06-25 17:05:11: Copy New '/Users/Joe/Desktop/MWWG/Pictures/before and after/thumb/thumb_before and after_07.jpg' -> 'ftp://metrowestwatergardens.com/before and after/thumb/thumb_before and after_07.jpg'
2016-06-25 17:05:12: Copy New '/Users/Joe/Desktop/MWWG/Pictures/before and after/thumb/thumb_before and after_08.jpg' -> 'ftp://metrowestwatergardens.com/before and after/thumb/thumb_before and after_08.jpg'
2016-06-25 17:05:13: Copy New '/Users/Joe/Desktop/MWWG/Pictures/before and after/thumb/thumb_before and after_09.jpg' -> 'ftp://metrowestwatergardens.com/before and after/thumb/thumb_before and after_09.jpg'
2016-06-25 17:05:13: Copy New '/Users/Joe/Desktop/MWWG/Pictures/before and after/thumb/thumb_before and after_10.jpg' -> 'ftp://metrowestwatergardens.com/before and after/thumb/thumb_before and after_10.jpg'
2016-06-25 17:05:14: Copy New '/Users/Joe/Desktop/MWWG/Pictures/before and after/thumb/thumb_before and after_11.jpg' -> 'ftp://metrowestwatergardens.com/before and after/thumb/thumb_before and after_11.jpg'
2016-06-25 17:05:15: Copy New '/Users/Joe/Desktop/MWWG/Pictures/before and after/thumb/thumb_before and after_12.jpg' -> 'ftp://metrowestwatergardens.com/before and after/thumb/thumb_before and after_12.jpg'
2016-06-25 17:05:16: Copy New '/Users/Joe/Desktop/MWWG/Pictures/before and after/thumb/thumb_before and after_13.jpg' -> 'ftp://metrowestwatergardens.com/before and after/thumb/thumb_before and after_13.jpg'
2016-06-25 17:05:17: Copy New '/Users/Joe/Desktop/MWWG/Pictures/before and after/thumb/thumb_before and after_14.jpg' -> 'ftp://metrowestwatergardens.com/before and after/thumb/thumb_before and after_14.jpg'
2016-06-25 17:05:18: == Sync Complete. Time: 00:00:36, Speed: 45.8 KB/s, OK: 56, Errors: 0
2016-06-25 17:05:18: 
