2016-06-25 16:33:27: Test Auto Proxy on mediator.goodsync.com
2016-06-25 16:33:27: DoSibHttpTestTxn: url=http://mediator.goodsync.com/Z_time_checker.php proxy=m_bUseProxy_Auto=1 m_bUseProxy_Manual=0 m_sHost= m_nPort=3128 m_sUserId= m_sPasswd=
2016-06-25 16:33:27: DoSibHttpTestTxn: url=https://mediator.goodsync.com/Z_time_checker.php proxy=m_bUseProxy_Auto=1 m_bUseProxy_Manual=0 m_sHost= m_nPort=3128 m_sUserId= m_sPasswd=
2016-06-25 16:33:28: Direct Connection works for HTTP and HTTPS, no need for proxy
2016-06-25 16:33:29: -- Analysis Started by User
2016-06-25 16:33:34: Changes: 446, Conflicts: 0, CopyTime: 0, CopyState: 0/0, Errors: 0, All: 479
2016-06-25 16:33:34: Left to Right: Copy File: 170 Delete File: 276 
2016-06-25 16:33:34: -- Analysis Complete. Time 00:00:07, Speed: 66 files/s
2016-06-25 16:33:34: 
2016-06-25 16:33:42: == Sync Started by User
2016-06-25 16:33:43: Delete File 'ftp://metrowestwatergardens.com/before and after/After_10.jpg'
2016-06-25 16:33:43: Delete File 'ftp://metrowestwatergardens.com/before and after/After_11.jpg'
2016-06-25 16:33:43: Delete File 'ftp://metrowestwatergardens.com/before and after/After_12.jpg'
2016-06-25 16:33:43: Delete File 'ftp://metrowestwatergardens.com/before and after/After_13.jpg'
2016-06-25 16:33:44: Delete File 'ftp://metrowestwatergardens.com/before and after/After_5.jpg'
2016-06-25 16:33:44: Delete File 'ftp://metrowestwatergardens.com/before and after/After_8.jpg'
2016-06-25 16:33:44: Delete File 'ftp://metrowestwatergardens.com/before and after/After_9.jpg'
2016-06-25 16:33:44: Delete File 'ftp://metrowestwatergardens.com/before and after/Before_10.jpg'
2016-06-25 16:33:44: Delete File 'ftp://metrowestwatergardens.com/before and after/Before_11.jpg'
2016-06-25 16:33:44: Delete File 'ftp://metrowestwatergardens.com/before and after/Before_12.jpg'
2016-06-25 16:33:45: Delete File 'ftp://metrowestwatergardens.com/before and after/Before_13.jpg'
2016-06-25 16:33:45: Delete File 'ftp://metrowestwatergardens.com/before and after/Before_5.jpg'
2016-06-25 16:33:45: Delete File 'ftp://metrowestwatergardens.com/before and after/Before_8.jpg'
2016-06-25 16:33:45: Delete File 'ftp://metrowestwatergardens.com/before and after/Before_9.jpg'
2016-06-25 16:33:45: Delete File 'ftp://metrowestwatergardens.com/before and after/IMG_0393.jpg'
2016-06-25 16:33:45: Delete File 'ftp://metrowestwatergardens.com/before and after/IMG_0394.jpg'
2016-06-25 16:33:46: Delete File 'ftp://metrowestwatergardens.com/before and after/thumb/thumb_After_10.jpg'
2016-06-25 16:33:46: Delete File 'ftp://metrowestwatergardens.com/before and after/thumb/thumb_After_11.jpg'
2016-06-25 16:33:46: Delete File 'ftp://metrowestwatergardens.com/before and after/thumb/thumb_After_12.jpg'
2016-06-25 16:33:46: Delete File 'ftp://metrowestwatergardens.com/before and after/thumb/thumb_After_13.jpg'
2016-06-25 16:33:46: Delete File 'ftp://metrowestwatergardens.com/before and after/thumb/thumb_After_5.jpg'
2016-06-25 16:33:47: Delete File 'ftp://metrowestwatergardens.com/before and after/thumb/thumb_After_8.jpg'
2016-06-25 16:33:47: Delete File 'ftp://metrowestwatergardens.com/before and after/thumb/thumb_After_9.jpg'
2016-06-25 16:33:47: Delete File 'ftp://metrowestwatergardens.com/before and after/thumb/thumb_Before_10.jpg'
2016-06-25 16:33:47: Delete File 'ftp://metrowestwatergardens.com/before and after/thumb/thumb_Before_11.jpg'
2016-06-25 16:33:47: Delete File 'ftp://metrowestwatergardens.com/before and after/thumb/thumb_Before_12.jpg'
2016-06-25 16:33:47: Delete File 'ftp://metrowestwatergardens.com/before and after/thumb/thumb_Before_13.jpg'
2016-06-25 16:33:48: Delete File 'ftp://metrowestwatergardens.com/before and after/thumb/thumb_Before_5.jpg'
2016-06-25 16:33:48: Delete File 'ftp://metrowestwatergardens.com/before and after/thumb/thumb_Before_8.jpg'
2016-06-25 16:33:48: Delete File 'ftp://metrowestwatergardens.com/before and after/thumb/thumb_Before_9.jpg'
2016-06-25 16:33:48: Delete File 'ftp://metrowestwatergardens.com/before and after/thumb/thumb_IMG_0393.jpg'
2016-06-25 16:33:48: Delete File 'ftp://metrowestwatergardens.com/before and after/thumb/thumb_IMG_0394.jpg'
2016-06-25 16:33:49: Delete File 'ftp://metrowestwatergardens.com/critters/critters_1.jpg'
2016-06-25 16:33:49: Delete File 'ftp://metrowestwatergardens.com/critters/critters_2.jpg'
2016-06-25 16:33:49: Delete File 'ftp://metrowestwatergardens.com/critters/Critters_Pix02.jpg'
2016-06-25 16:33:49: Delete File 'ftp://metrowestwatergardens.com/critters/Critters_Pix03.jpg'
2016-06-25 16:33:49: Delete File 'ftp://metrowestwatergardens.com/critters/Critters_Pix04.jpg'
2016-06-25 16:33:49: Delete File 'ftp://metrowestwatergardens.com/critters/Critters_Pix05.jpg'
2016-06-25 16:33:49: Delete File 'ftp://metrowestwatergardens.com/critters/Critters_Pix06.jpg'
2016-06-25 16:33:50: Delete File 'ftp://metrowestwatergardens.com/critters/Critters_Pix07.jpg'
2016-06-25 16:33:50: Delete File 'ftp://metrowestwatergardens.com/critters/Critters_Pix08.jpg'
2016-06-25 16:33:50: Delete File 'ftp://metrowestwatergardens.com/critters/Critters_Pix09.jpg'
2016-06-25 16:33:50: Delete File 'ftp://metrowestwatergardens.com/critters/Critters_Pix10.jpg'
2016-06-25 16:33:50: Delete File 'ftp://metrowestwatergardens.com/critters/Critters_Pix11.jpg'
2016-06-25 16:33:50: Delete File 'ftp://metrowestwatergardens.com/critters/Critters_Pix12.jpg'
2016-06-25 16:33:51: Delete File 'ftp://metrowestwatergardens.com/critters/Critters_Pix13.jpg'
2016-06-25 16:33:51: Delete File 'ftp://metrowestwatergardens.com/critters/Critters_Pix14.jpg'
2016-06-25 16:33:51: Delete File 'ftp://metrowestwatergardens.com/critters/Critters_Pix15.jpg'
2016-06-25 16:33:51: Delete File 'ftp://metrowestwatergardens.com/critters/Critters_Pix16.jpg'
2016-06-25 16:33:52: Delete File 'ftp://metrowestwatergardens.com/critters/thumb/thumb_critters_1.jpg'
2016-06-25 16:33:52: Delete File 'ftp://metrowestwatergardens.com/critters/thumb/thumb_critters_2.jpg'
2016-06-25 16:33:52: Delete File 'ftp://metrowestwatergardens.com/critters/thumb/thumb_Critters_Pix02.jpg'
2016-06-25 16:33:52: Delete File 'ftp://metrowestwatergardens.com/critters/thumb/thumb_Critters_Pix03.jpg'
2016-06-25 16:33:52: Delete File 'ftp://metrowestwatergardens.com/critters/thumb/thumb_Critters_Pix04.jpg'
2016-06-25 16:33:52: Delete File 'ftp://metrowestwatergardens.com/critters/thumb/thumb_Critters_Pix05.jpg'
2016-06-25 16:33:53: Delete File 'ftp://metrowestwatergardens.com/critters/thumb/thumb_Critters_Pix06.jpg'
2016-06-25 16:33:53: Delete File 'ftp://metrowestwatergardens.com/critters/thumb/thumb_Critters_Pix07.jpg'
2016-06-25 16:33:53: Delete File 'ftp://metrowestwatergardens.com/critters/thumb/thumb_Critters_Pix08.jpg'
2016-06-25 16:33:53: Delete File 'ftp://metrowestwatergardens.com/critters/thumb/thumb_Critters_Pix09.jpg'
2016-06-25 16:33:53: Delete File 'ftp://metrowestwatergardens.com/critters/thumb/thumb_Critters_Pix10.jpg'
2016-06-25 16:33:53: Delete File 'ftp://metrowestwatergardens.com/critters/thumb/thumb_Critters_Pix11.jpg'
2016-06-25 16:33:54: Delete File 'ftp://metrowestwatergardens.com/critters/thumb/thumb_Critters_Pix12.jpg'
2016-06-25 16:33:54: Delete File 'ftp://metrowestwatergardens.com/critters/thumb/thumb_Critters_Pix13.jpg'
2016-06-25 16:33:54: Delete File 'ftp://metrowestwatergardens.com/critters/thumb/thumb_Critters_Pix14.jpg'
2016-06-25 16:33:54: Delete File 'ftp://metrowestwatergardens.com/critters/thumb/thumb_Critters_Pix15.jpg'
2016-06-25 16:33:54: Delete File 'ftp://metrowestwatergardens.com/critters/thumb/thumb_Critters_Pix16.jpg'
2016-06-25 16:33:54: Delete File 'ftp://metrowestwatergardens.com/plants/Plants_Pix01.jpg'
2016-06-25 16:33:55: Delete File 'ftp://metrowestwatergardens.com/plants/Plants_Pix02.jpg'
2016-06-25 16:33:55: Delete File 'ftp://metrowestwatergardens.com/plants/Plants_Pix03.jpg'
2016-06-25 16:33:55: Delete File 'ftp://metrowestwatergardens.com/plants/Plants_Pix04.jpg'
2016-06-25 16:33:55: Delete File 'ftp://metrowestwatergardens.com/plants/Plants_Pix05.jpg'
2016-06-25 16:33:55: Delete File 'ftp://metrowestwatergardens.com/plants/Plants_Pix06.jpg'
2016-06-25 16:33:55: Delete File 'ftp://metrowestwatergardens.com/plants/Plants_Pix07.jpg'
2016-06-25 16:33:56: Delete File 'ftp://metrowestwatergardens.com/plants/Plants_Pix08.jpg'
2016-06-25 16:33:56: Delete File 'ftp://metrowestwatergardens.com/plants/Plants_Pix09.jpg'
2016-06-25 16:33:56: Delete File 'ftp://metrowestwatergardens.com/plants/Plants_Pix10.jpg'
2016-06-25 16:33:56: Delete File 'ftp://metrowestwatergardens.com/plants/Plants_Pix11.jpg'
2016-06-25 16:33:56: Delete File 'ftp://metrowestwatergardens.com/plants/Plants_Pix12.jpg'
2016-06-25 16:33:57: Delete File 'ftp://metrowestwatergardens.com/plants/thumb/thumb_Plants_Pix01.jpg'
2016-06-25 16:33:57: Delete File 'ftp://metrowestwatergardens.com/plants/thumb/thumb_Plants_Pix02.jpg'
2016-06-25 16:33:57: Delete File 'ftp://metrowestwatergardens.com/plants/thumb/thumb_Plants_Pix03.jpg'
2016-06-25 16:33:57: Delete File 'ftp://metrowestwatergardens.com/plants/thumb/thumb_Plants_Pix04.jpg'
2016-06-25 16:33:57: Delete File 'ftp://metrowestwatergardens.com/plants/thumb/thumb_Plants_Pix05.jpg'
2016-06-25 16:33:58: Delete File 'ftp://metrowestwatergardens.com/plants/thumb/thumb_Plants_Pix06.jpg'
2016-06-25 16:33:58: Delete File 'ftp://metrowestwatergardens.com/plants/thumb/thumb_Plants_Pix07.jpg'
2016-06-25 16:33:58: Delete File 'ftp://metrowestwatergardens.com/plants/thumb/thumb_Plants_Pix08.jpg'
2016-06-25 16:33:58: Delete File 'ftp://metrowestwatergardens.com/plants/thumb/thumb_Plants_Pix09.jpg'
2016-06-25 16:33:58: Delete File 'ftp://metrowestwatergardens.com/plants/thumb/thumb_Plants_Pix10.jpg'
2016-06-25 16:33:58: Delete File 'ftp://metrowestwatergardens.com/plants/thumb/thumb_Plants_Pix11.jpg'
2016-06-25 16:33:58: Delete File 'ftp://metrowestwatergardens.com/plants/thumb/thumb_Plants_Pix12.jpg'
2016-06-25 16:33:59: Delete File 'ftp://metrowestwatergardens.com/ponds/Ponds_Pix01.jpg'
2016-06-25 16:33:59: Delete File 'ftp://metrowestwatergardens.com/ponds/Ponds_Pix02.jpg'
2016-06-25 16:33:59: Delete File 'ftp://metrowestwatergardens.com/ponds/Ponds_Pix03.jpg'
2016-06-25 16:33:59: Delete File 'ftp://metrowestwatergardens.com/ponds/Ponds_Pix04.jpg'
2016-06-25 16:33:59: Delete File 'ftp://metrowestwatergardens.com/ponds/Ponds_Pix05.jpg'
2016-06-25 16:34:00: Delete File 'ftp://metrowestwatergardens.com/ponds/Ponds_Pix06.jpg'
2016-06-25 16:34:00: Delete File 'ftp://metrowestwatergardens.com/ponds/Ponds_Pix07.jpg'
2016-06-25 16:34:00: Delete File 'ftp://metrowestwatergardens.com/ponds/Ponds_Pix08.jpg'
2016-06-25 16:34:00: Delete File 'ftp://metrowestwatergardens.com/ponds/Ponds_Pix09.jpg'
2016-06-25 16:34:00: Delete File 'ftp://metrowestwatergardens.com/ponds/Ponds_Pix10.jpg'
2016-06-25 16:34:00: Delete File 'ftp://metrowestwatergardens.com/ponds/Ponds_Pix11.jpg'
2016-06-25 16:34:00: Delete File 'ftp://metrowestwatergardens.com/ponds/Ponds_Pix12.jpg'
2016-06-25 16:34:01: Delete File 'ftp://metrowestwatergardens.com/ponds/Ponds_Pix13.jpg'
2016-06-25 16:34:01: Delete File 'ftp://metrowestwatergardens.com/ponds/Ponds_Pix14.jpg'
2016-06-25 16:34:01: Delete File 'ftp://metrowestwatergardens.com/ponds/Ponds_Pix15.jpg'
2016-06-25 16:34:01: Delete File 'ftp://metrowestwatergardens.com/ponds/Ponds_Pix16.jpg'
2016-06-25 16:34:01: Delete File 'ftp://metrowestwatergardens.com/ponds/Ponds_Pix17.jpg'
2016-06-25 16:34:02: Delete File 'ftp://metrowestwatergardens.com/ponds/Ponds_Pix18.jpg'
2016-06-25 16:34:02: Delete File 'ftp://metrowestwatergardens.com/ponds/Ponds_Pix19.jpg'
2016-06-25 16:34:02: Delete File 'ftp://metrowestwatergardens.com/ponds/Ponds_Pix20.jpg'
2016-06-25 16:34:02: Delete File 'ftp://metrowestwatergardens.com/ponds/Ponds_Pix21.jpg'
2016-06-25 16:34:02: Delete File 'ftp://metrowestwatergardens.com/ponds/Ponds_Pix22.jpg'
2016-06-25 16:34:02: Delete File 'ftp://metrowestwatergardens.com/ponds/Ponds_Pix23.jpg'
2016-06-25 16:34:02: Delete File 'ftp://metrowestwatergardens.com/ponds/Ponds_Pix24.jpg'
2016-06-25 16:34:03: Delete File 'ftp://metrowestwatergardens.com/ponds/Ponds_Pix25.jpg'
2016-06-25 16:34:03: Delete File 'ftp://metrowestwatergardens.com/ponds/Ponds_Pix26.jpg'
2016-06-25 16:34:03: Delete File 'ftp://metrowestwatergardens.com/ponds/Ponds_Pix27.jpg'
2016-06-25 16:34:03: Delete File 'ftp://metrowestwatergardens.com/ponds/Ponds_Pix28.jpg'
2016-06-25 16:34:03: Delete File 'ftp://metrowestwatergardens.com/ponds/Ponds_Pix29.jpg'
2016-06-25 16:34:03: Delete File 'ftp://metrowestwatergardens.com/ponds/Ponds_Pix30.jpg'
2016-06-25 16:34:04: Delete File 'ftp://metrowestwatergardens.com/ponds/Ponds_Pix31.jpg'
2016-06-25 16:34:04: Delete File 'ftp://metrowestwatergardens.com/ponds/Ponds_Pix32.jpg'
2016-06-25 16:34:04: Delete File 'ftp://metrowestwatergardens.com/ponds/Ponds_Pix33.jpg'
2016-06-25 16:34:04: Delete File 'ftp://metrowestwatergardens.com/ponds/Ponds_Pix34.jpg'
2016-06-25 16:34:04: Delete File 'ftp://metrowestwatergardens.com/ponds/Ponds_Pix35.jpg'
2016-06-25 16:34:04: Delete File 'ftp://metrowestwatergardens.com/ponds/Ponds_Pix36.jpg'
2016-06-25 16:34:05: Delete File 'ftp://metrowestwatergardens.com/ponds/Ponds_Pix37.jpg'
2016-06-25 16:34:05: Delete File 'ftp://metrowestwatergardens.com/ponds/Ponds_Pix38.jpg'
2016-06-25 16:34:05: Delete File 'ftp://metrowestwatergardens.com/ponds/Ponds_Pix39.jpg'
2016-06-25 16:34:05: Delete File 'ftp://metrowestwatergardens.com/ponds/Ponds_Pix40.jpg'
2016-06-25 16:34:05: Delete File 'ftp://metrowestwatergardens.com/ponds/Ponds_Pix41.jpg'
2016-06-25 16:34:05: Delete File 'ftp://metrowestwatergardens.com/ponds/Ponds_Pix42.jpg'
2016-06-25 16:34:05: Delete File 'ftp://metrowestwatergardens.com/ponds/Ponds_Pix43.jpg'
2016-06-25 16:34:06: Delete File 'ftp://metrowestwatergardens.com/ponds/Ponds_Pix44.jpg'
2016-06-25 16:34:06: Delete File 'ftp://metrowestwatergardens.com/ponds/thumb/thumb_Ponds_Pix01.jpg'
2016-06-25 16:34:06: Delete File 'ftp://metrowestwatergardens.com/ponds/thumb/thumb_Ponds_Pix02.jpg'
2016-06-25 16:34:07: Delete File 'ftp://metrowestwatergardens.com/ponds/thumb/thumb_Ponds_Pix03.jpg'
2016-06-25 16:34:07: Delete File 'ftp://metrowestwatergardens.com/ponds/thumb/thumb_Ponds_Pix04.jpg'
2016-06-25 16:34:07: Delete File 'ftp://metrowestwatergardens.com/ponds/thumb/thumb_Ponds_Pix05.jpg'
2016-06-25 16:34:07: Delete File 'ftp://metrowestwatergardens.com/ponds/thumb/thumb_Ponds_Pix06.jpg'
2016-06-25 16:34:07: Delete File 'ftp://metrowestwatergardens.com/ponds/thumb/thumb_Ponds_Pix07.jpg'
2016-06-25 16:34:07: Delete File 'ftp://metrowestwatergardens.com/ponds/thumb/thumb_Ponds_Pix08.jpg'
2016-06-25 16:34:07: Delete File 'ftp://metrowestwatergardens.com/ponds/thumb/thumb_Ponds_Pix09.jpg'
2016-06-25 16:34:08: Delete File 'ftp://metrowestwatergardens.com/ponds/thumb/thumb_Ponds_Pix10.jpg'
2016-06-25 16:34:08: Delete File 'ftp://metrowestwatergardens.com/ponds/thumb/thumb_Ponds_Pix11.jpg'
2016-06-25 16:34:08: Delete File 'ftp://metrowestwatergardens.com/ponds/thumb/thumb_Ponds_Pix12.jpg'
2016-06-25 16:34:08: Delete File 'ftp://metrowestwatergardens.com/ponds/thumb/thumb_Ponds_Pix13.jpg'
2016-06-25 16:34:08: Delete File 'ftp://metrowestwatergardens.com/ponds/thumb/thumb_Ponds_Pix14.jpg'
2016-06-25 16:34:08: Delete File 'ftp://metrowestwatergardens.com/ponds/thumb/thumb_Ponds_Pix15.jpg'
2016-06-25 16:34:09: Delete File 'ftp://metrowestwatergardens.com/ponds/thumb/thumb_Ponds_Pix16.jpg'
2016-06-25 16:34:09: Delete File 'ftp://metrowestwatergardens.com/ponds/thumb/thumb_Ponds_Pix17.jpg'
2016-06-25 16:34:09: Delete File 'ftp://metrowestwatergardens.com/ponds/thumb/thumb_Ponds_Pix18.jpg'
2016-06-25 16:34:09: Delete File 'ftp://metrowestwatergardens.com/ponds/thumb/thumb_Ponds_Pix19.jpg'
2016-06-25 16:34:09: Delete File 'ftp://metrowestwatergardens.com/ponds/thumb/thumb_Ponds_Pix20.jpg'
2016-06-25 16:34:09: Delete File 'ftp://metrowestwatergardens.com/ponds/thumb/thumb_Ponds_Pix21.jpg'
2016-06-25 16:34:10: Delete File 'ftp://metrowestwatergardens.com/ponds/thumb/thumb_Ponds_Pix22.jpg'
2016-06-25 16:34:10: Delete File 'ftp://metrowestwatergardens.com/ponds/thumb/thumb_Ponds_Pix23.jpg'
2016-06-25 16:34:10: Delete File 'ftp://metrowestwatergardens.com/ponds/thumb/thumb_Ponds_Pix24.jpg'
2016-06-25 16:34:10: Delete File 'ftp://metrowestwatergardens.com/ponds/thumb/thumb_Ponds_Pix25.jpg'
2016-06-25 16:34:10: Delete File 'ftp://metrowestwatergardens.com/ponds/thumb/thumb_Ponds_Pix26.jpg'
2016-06-25 16:34:10: Delete File 'ftp://metrowestwatergardens.com/ponds/thumb/thumb_Ponds_Pix27.jpg'
2016-06-25 16:34:10: Delete File 'ftp://metrowestwatergardens.com/ponds/thumb/thumb_Ponds_Pix28.jpg'
2016-06-25 16:34:11: Delete File 'ftp://metrowestwatergardens.com/ponds/thumb/thumb_Ponds_Pix29.jpg'
2016-06-25 16:34:11: Delete File 'ftp://metrowestwatergardens.com/ponds/thumb/thumb_Ponds_Pix30.jpg'
2016-06-25 16:34:11: Delete File 'ftp://metrowestwatergardens.com/ponds/thumb/thumb_Ponds_Pix31.jpg'
2016-06-25 16:34:11: Delete File 'ftp://metrowestwatergardens.com/ponds/thumb/thumb_Ponds_Pix32.jpg'
2016-06-25 16:34:11: Delete File 'ftp://metrowestwatergardens.com/ponds/thumb/thumb_Ponds_Pix33.jpg'
2016-06-25 16:34:11: Delete File 'ftp://metrowestwatergardens.com/ponds/thumb/thumb_Ponds_Pix34.jpg'
2016-06-25 16:34:12: Delete File 'ftp://metrowestwatergardens.com/ponds/thumb/thumb_Ponds_Pix35.jpg'
2016-06-25 16:34:12: Delete File 'ftp://metrowestwatergardens.com/ponds/thumb/thumb_Ponds_Pix36.jpg'
2016-06-25 16:34:12: Delete File 'ftp://metrowestwatergardens.com/ponds/thumb/thumb_Ponds_Pix37.jpg'
2016-06-25 16:34:12: Delete File 'ftp://metrowestwatergardens.com/ponds/thumb/thumb_Ponds_Pix38.jpg'
2016-06-25 16:34:12: Delete File 'ftp://metrowestwatergardens.com/ponds/thumb/thumb_Ponds_Pix39.jpg'
2016-06-25 16:34:12: Delete File 'ftp://metrowestwatergardens.com/ponds/thumb/thumb_Ponds_Pix40.jpg'
2016-06-25 16:34:12: Delete File 'ftp://metrowestwatergardens.com/ponds/thumb/thumb_Ponds_Pix41.jpg'
2016-06-25 16:34:13: Delete File 'ftp://metrowestwatergardens.com/ponds/thumb/thumb_Ponds_Pix42.jpg'
2016-06-25 16:34:13: Delete File 'ftp://metrowestwatergardens.com/ponds/thumb/thumb_Ponds_Pix43.jpg'
2016-06-25 16:34:13: Delete File 'ftp://metrowestwatergardens.com/ponds/thumb/thumb_Ponds_Pix44.jpg'
2016-06-25 16:34:14: Delete File 'ftp://metrowestwatergardens.com/waterfalls/thumb/thumb_Waterfalls_Pix01.jpg'
2016-06-25 16:34:14: Delete File 'ftp://metrowestwatergardens.com/waterfalls/thumb/thumb_Waterfalls_Pix02.jpg'
2016-06-25 16:34:14: Delete File 'ftp://metrowestwatergardens.com/waterfalls/thumb/thumb_Waterfalls_Pix03.jpg'
2016-06-25 16:34:14: Delete File 'ftp://metrowestwatergardens.com/waterfalls/thumb/thumb_Waterfalls_Pix04.jpg'
2016-06-25 16:34:14: Delete File 'ftp://metrowestwatergardens.com/waterfalls/thumb/thumb_Waterfalls_Pix05.jpg'
2016-06-25 16:34:14: Delete File 'ftp://metrowestwatergardens.com/waterfalls/thumb/thumb_Waterfalls_Pix06.jpg'
2016-06-25 16:34:14: Delete File 'ftp://metrowestwatergardens.com/waterfalls/thumb/thumb_Waterfalls_Pix07.jpg'
2016-06-25 16:34:15: Delete File 'ftp://metrowestwatergardens.com/waterfalls/thumb/thumb_Waterfalls_Pix08.jpg'
2016-06-25 16:34:15: Delete File 'ftp://metrowestwatergardens.com/waterfalls/thumb/thumb_Waterfalls_Pix09.jpg'
2016-06-25 16:34:15: Delete File 'ftp://metrowestwatergardens.com/waterfalls/thumb/thumb_Waterfalls_Pix10.jpg'
2016-06-25 16:34:15: Delete File 'ftp://metrowestwatergardens.com/waterfalls/thumb/thumb_Waterfalls_Pix11.jpg'
2016-06-25 16:34:15: Delete File 'ftp://metrowestwatergardens.com/waterfalls/thumb/thumb_Waterfalls_Pix12.jpg'
2016-06-25 16:34:15: Delete File 'ftp://metrowestwatergardens.com/waterfalls/thumb/thumb_Waterfalls_Pix13.jpg'
2016-06-25 16:34:16: Delete File 'ftp://metrowestwatergardens.com/waterfalls/thumb/thumb_Waterfalls_Pix14.jpg'
2016-06-25 16:34:16: Delete File 'ftp://metrowestwatergardens.com/waterfalls/thumb/thumb_Waterfalls_Pix15.jpg'
2016-06-25 16:34:16: Delete File 'ftp://metrowestwatergardens.com/waterfalls/thumb/thumb_Waterfalls_Pix16.jpg'
2016-06-25 16:34:16: Delete File 'ftp://metrowestwatergardens.com/waterfalls/thumb/thumb_Waterfalls_Pix17.jpg'
2016-06-25 16:34:16: Delete File 'ftp://metrowestwatergardens.com/waterfalls/thumb/thumb_Waterfalls_Pix18.jpg'
2016-06-25 16:34:16: Delete File 'ftp://metrowestwatergardens.com/waterfalls/thumb/thumb_Waterfalls_Pix19.jpg'
2016-06-25 16:34:16: Delete File 'ftp://metrowestwatergardens.com/waterfalls/thumb/thumb_Waterfalls_Pix20.jpg'
2016-06-25 16:34:17: Delete File 'ftp://metrowestwatergardens.com/waterfalls/thumb/thumb_Waterfalls_Pix21.jpg'
2016-06-25 16:34:17: Delete File 'ftp://metrowestwatergardens.com/waterfalls/thumb/thumb_Waterfalls_Pix22.jpg'
2016-06-25 16:34:17: Delete File 'ftp://metrowestwatergardens.com/waterfalls/thumb/thumb_Waterfalls_Pix23.jpg'
2016-06-25 16:34:17: Delete File 'ftp://metrowestwatergardens.com/waterfalls/thumb/thumb_Waterfalls_Pix24.jpg'
2016-06-25 16:34:17: Delete File 'ftp://metrowestwatergardens.com/waterfalls/thumb/thumb_Waterfalls_Pix25.jpg'
2016-06-25 16:34:17: Delete File 'ftp://metrowestwatergardens.com/waterfalls/thumb/thumb_Waterfalls_Pix26.jpg'
2016-06-25 16:34:18: Delete File 'ftp://metrowestwatergardens.com/waterfalls/thumb/thumb_Waterfalls_Pix27.jpg'
2016-06-25 16:34:18: Delete File 'ftp://metrowestwatergardens.com/waterfalls/thumb/thumb_Waterfalls_Pix28.jpg'
2016-06-25 16:34:18: Delete File 'ftp://metrowestwatergardens.com/waterfalls/thumb/thumb_Waterfalls_Pix29.jpg'
2016-06-25 16:34:18: Delete File 'ftp://metrowestwatergardens.com/waterfalls/thumb/thumb_Waterfalls_Pix30.jpg'
2016-06-25 16:34:18: Delete File 'ftp://metrowestwatergardens.com/waterfalls/thumb/thumb_Waterfalls_Pix31.jpg'
2016-06-25 16:34:18: Delete File 'ftp://metrowestwatergardens.com/waterfalls/thumb/thumb_Waterfalls_Pix32.jpg'
2016-06-25 16:34:19: Delete File 'ftp://metrowestwatergardens.com/waterfalls/thumb/thumb_Waterfalls_Pix33.jpg'
2016-06-25 16:34:19: Delete File 'ftp://metrowestwatergardens.com/waterfalls/thumb/thumb_Waterfalls_Pix34.jpg'
2016-06-25 16:34:19: Delete File 'ftp://metrowestwatergardens.com/waterfalls/thumb/thumb_Waterfalls_Pix35.jpg'
2016-06-25 16:34:19: Delete File 'ftp://metrowestwatergardens.com/waterfalls/thumb/thumb_Waterfalls_Pix36.jpg'
2016-06-25 16:34:19: Delete File 'ftp://metrowestwatergardens.com/waterfalls/thumb/thumb_Waterfalls_Pix37.jpg'
2016-06-25 16:34:19: Delete File 'ftp://metrowestwatergardens.com/waterfalls/thumb/thumb_Waterfalls_Pix38.jpg'
2016-06-25 16:34:19: Delete File 'ftp://metrowestwatergardens.com/waterfalls/thumb/thumb_Waterfalls_Pix39.jpg'
2016-06-25 16:34:20: Delete File 'ftp://metrowestwatergardens.com/waterfalls/thumb/thumb_Waterfalls_Pix40.jpg'
2016-06-25 16:34:20: Delete File 'ftp://metrowestwatergardens.com/waterfalls/thumb/thumb_Waterfalls_Pix41.jpg'
2016-06-25 16:34:20: Delete File 'ftp://metrowestwatergardens.com/waterfalls/thumb/thumb_Waterfalls_Pix42.jpg'
2016-06-25 16:34:20: Delete File 'ftp://metrowestwatergardens.com/waterfalls/thumb/thumb_Waterfalls_Pix43.jpg'
2016-06-25 16:34:20: Delete File 'ftp://metrowestwatergardens.com/waterfalls/thumb/thumb_Waterfalls_Pix44.jpg'
2016-06-25 16:34:20: Delete File 'ftp://metrowestwatergardens.com/waterfalls/thumb/thumb_Waterfalls_Pix45.jpg'
2016-06-25 16:34:21: Delete File 'ftp://metrowestwatergardens.com/waterfalls/thumb/thumb_Waterfalls_Pix46.jpg'
2016-06-25 16:34:21: Delete File 'ftp://metrowestwatergardens.com/waterfalls/thumb/thumb_Waterfalls_Pix47.jpg'
2016-06-25 16:34:21: Delete File 'ftp://metrowestwatergardens.com/waterfalls/thumb/thumb_Waterfalls_Pix48.jpg'
2016-06-25 16:34:21: Delete File 'ftp://metrowestwatergardens.com/waterfalls/thumb/thumb_Waterfalls_Pix49.jpg'
2016-06-25 16:34:21: Delete File 'ftp://metrowestwatergardens.com/waterfalls/Waterfalls_Pix01.jpg'
2016-06-25 16:34:21: Delete File 'ftp://metrowestwatergardens.com/waterfalls/Waterfalls_Pix02.jpg'
2016-06-25 16:34:22: Delete File 'ftp://metrowestwatergardens.com/waterfalls/Waterfalls_Pix03.jpg'
2016-06-25 16:34:22: Delete File 'ftp://metrowestwatergardens.com/waterfalls/Waterfalls_Pix04.jpg'
2016-06-25 16:34:22: Delete File 'ftp://metrowestwatergardens.com/waterfalls/Waterfalls_Pix05.jpg'
2016-06-25 16:34:22: Delete File 'ftp://metrowestwatergardens.com/waterfalls/Waterfalls_Pix06.jpg'
2016-06-25 16:34:22: Delete File 'ftp://metrowestwatergardens.com/waterfalls/Waterfalls_Pix07.jpg'
2016-06-25 16:34:22: Delete File 'ftp://metrowestwatergardens.com/waterfalls/Waterfalls_Pix08.jpg'
2016-06-25 16:34:23: Delete File 'ftp://metrowestwatergardens.com/waterfalls/Waterfalls_Pix09.jpg'
2016-06-25 16:34:23: Delete File 'ftp://metrowestwatergardens.com/waterfalls/Waterfalls_Pix10.jpg'
2016-06-25 16:34:23: Delete File 'ftp://metrowestwatergardens.com/waterfalls/Waterfalls_Pix11.jpg'
2016-06-25 16:34:23: Delete File 'ftp://metrowestwatergardens.com/waterfalls/Waterfalls_Pix12.jpg'
2016-06-25 16:34:23: Delete File 'ftp://metrowestwatergardens.com/waterfalls/Waterfalls_Pix13.jpg'
2016-06-25 16:34:23: Delete File 'ftp://metrowestwatergardens.com/waterfalls/Waterfalls_Pix14.jpg'
2016-06-25 16:34:23: Delete File 'ftp://metrowestwatergardens.com/waterfalls/Waterfalls_Pix15.jpg'
2016-06-25 16:34:24: Delete File 'ftp://metrowestwatergardens.com/waterfalls/Waterfalls_Pix16.jpg'
2016-06-25 16:34:24: Delete File 'ftp://metrowestwatergardens.com/waterfalls/Waterfalls_Pix17.jpg'
2016-06-25 16:34:24: Delete File 'ftp://metrowestwatergardens.com/waterfalls/Waterfalls_Pix18.jpg'
2016-06-25 16:34:24: Delete File 'ftp://metrowestwatergardens.com/waterfalls/Waterfalls_Pix19.jpg'
2016-06-25 16:34:24: Delete File 'ftp://metrowestwatergardens.com/waterfalls/Waterfalls_Pix20.jpg'
2016-06-25 16:34:24: Delete File 'ftp://metrowestwatergardens.com/waterfalls/Waterfalls_Pix21.jpg'
2016-06-25 16:34:25: Delete File 'ftp://metrowestwatergardens.com/waterfalls/Waterfalls_Pix22.jpg'
2016-06-25 16:34:25: Delete File 'ftp://metrowestwatergardens.com/waterfalls/Waterfalls_Pix23.jpg'
2016-06-25 16:34:25: Delete File 'ftp://metrowestwatergardens.com/waterfalls/Waterfalls_Pix24.jpg'
2016-06-25 16:34:25: Delete File 'ftp://metrowestwatergardens.com/waterfalls/Waterfalls_Pix25.jpg'
2016-06-25 16:34:25: Delete File 'ftp://metrowestwatergardens.com/waterfalls/Waterfalls_Pix26.jpg'
2016-06-25 16:34:25: Delete File 'ftp://metrowestwatergardens.com/waterfalls/Waterfalls_Pix27.jpg'
2016-06-25 16:34:26: Delete File 'ftp://metrowestwatergardens.com/waterfalls/Waterfalls_Pix28.jpg'
2016-06-25 16:34:26: Delete File 'ftp://metrowestwatergardens.com/waterfalls/Waterfalls_Pix29.jpg'
2016-06-25 16:34:26: Delete File 'ftp://metrowestwatergardens.com/waterfalls/Waterfalls_Pix30.jpg'
2016-06-25 16:34:26: Delete File 'ftp://metrowestwatergardens.com/waterfalls/Waterfalls_Pix31.jpg'
2016-06-25 16:34:26: Delete File 'ftp://metrowestwatergardens.com/waterfalls/Waterfalls_Pix32.jpg'
2016-06-25 16:34:26: Delete File 'ftp://metrowestwatergardens.com/waterfalls/Waterfalls_Pix33.jpg'
2016-06-25 16:34:26: Delete File 'ftp://metrowestwatergardens.com/waterfalls/Waterfalls_Pix34.jpg'
2016-06-25 16:34:27: Delete File 'ftp://metrowestwatergardens.com/waterfalls/Waterfalls_Pix35.jpg'
2016-06-25 16:34:27: Delete File 'ftp://metrowestwatergardens.com/waterfalls/Waterfalls_Pix36.jpg'
2016-06-25 16:34:27: Delete File 'ftp://metrowestwatergardens.com/waterfalls/Waterfalls_Pix37.jpg'
2016-06-25 16:34:27: Delete File 'ftp://metrowestwatergardens.com/waterfalls/Waterfalls_Pix38.jpg'
2016-06-25 16:34:27: Delete File 'ftp://metrowestwatergardens.com/waterfalls/Waterfalls_Pix39.jpg'
2016-06-25 16:34:27: Delete File 'ftp://metrowestwatergardens.com/waterfalls/Waterfalls_Pix40.jpg'
2016-06-25 16:34:28: Delete File 'ftp://metrowestwatergardens.com/waterfalls/Waterfalls_Pix41.jpg'
2016-06-25 16:34:28: Delete File 'ftp://metrowestwatergardens.com/waterfalls/Waterfalls_Pix42.jpg'
2016-06-25 16:34:28: Delete File 'ftp://metrowestwatergardens.com/waterfalls/Waterfalls_Pix43.jpg'
2016-06-25 16:34:28: Delete File 'ftp://metrowestwatergardens.com/waterfalls/Waterfalls_Pix44.jpg'
2016-06-25 16:34:28: Delete File 'ftp://metrowestwatergardens.com/waterfalls/Waterfalls_Pix45.jpg'
2016-06-25 16:34:28: Delete File 'ftp://metrowestwatergardens.com/waterfalls/Waterfalls_Pix46.jpg'
2016-06-25 16:34:28: Delete File 'ftp://metrowestwatergardens.com/waterfalls/Waterfalls_Pix47.jpg'
2016-06-25 16:34:29: Delete File 'ftp://metrowestwatergardens.com/waterfalls/Waterfalls_Pix48.jpg'
2016-06-25 16:34:29: Delete File 'ftp://metrowestwatergardens.com/waterfalls/Waterfalls_Pix49.jpg'
2016-06-25 16:34:30: Copy New '/Users/Joe/Desktop/MWWG/Pictures/critters/critters_01.jpg' -> 'ftp://metrowestwatergardens.com/critters/critters_01.jpg'
2016-06-25 16:34:31: Copy New '/Users/Joe/Desktop/MWWG/Pictures/critters/critters_02.jpg' -> 'ftp://metrowestwatergardens.com/critters/critters_02.jpg'
2016-06-25 16:34:32: Copy New '/Users/Joe/Desktop/MWWG/Pictures/critters/critters_03.jpg' -> 'ftp://metrowestwatergardens.com/critters/critters_03.jpg'
2016-06-25 16:34:33: Copy New '/Users/Joe/Desktop/MWWG/Pictures/critters/critters_04.jpg' -> 'ftp://metrowestwatergardens.com/critters/critters_04.jpg'
2016-06-25 16:34:34: Copy New '/Users/Joe/Desktop/MWWG/Pictures/critters/critters_05.jpg' -> 'ftp://metrowestwatergardens.com/critters/critters_05.jpg'
2016-06-25 16:34:35: Copy New '/Users/Joe/Desktop/MWWG/Pictures/critters/critters_06.jpg' -> 'ftp://metrowestwatergardens.com/critters/critters_06.jpg'
2016-06-25 16:34:36: Copy New '/Users/Joe/Desktop/MWWG/Pictures/critters/critters_07.jpg' -> 'ftp://metrowestwatergardens.com/critters/critters_07.jpg'
2016-06-25 16:34:37: Copy New '/Users/Joe/Desktop/MWWG/Pictures/critters/critters_08.jpg' -> 'ftp://metrowestwatergardens.com/critters/critters_08.jpg'
2016-06-25 16:34:38: Copy New '/Users/Joe/Desktop/MWWG/Pictures/critters/critters_09.jpg' -> 'ftp://metrowestwatergardens.com/critters/critters_09.jpg'
2016-06-25 16:34:39: Copy New '/Users/Joe/Desktop/MWWG/Pictures/critters/critters_10.jpg' -> 'ftp://metrowestwatergardens.com/critters/critters_10.jpg'
2016-06-25 16:34:40: Copy New '/Users/Joe/Desktop/MWWG/Pictures/critters/critters_11.jpg' -> 'ftp://metrowestwatergardens.com/critters/critters_11.jpg'
2016-06-25 16:34:41: Copy New '/Users/Joe/Desktop/MWWG/Pictures/critters/critters_12.jpg' -> 'ftp://metrowestwatergardens.com/critters/critters_12.jpg'
2016-06-25 16:34:42: Copy New '/Users/Joe/Desktop/MWWG/Pictures/critters/critters_13.jpg' -> 'ftp://metrowestwatergardens.com/critters/critters_13.jpg'
2016-06-25 16:34:43: Copy New '/Users/Joe/Desktop/MWWG/Pictures/critters/critters_14.jpg' -> 'ftp://metrowestwatergardens.com/critters/critters_14.jpg'
2016-06-25 16:34:44: Copy New '/Users/Joe/Desktop/MWWG/Pictures/critters/critters_15.jpg' -> 'ftp://metrowestwatergardens.com/critters/critters_15.jpg'
2016-06-25 16:34:45: Copy New '/Users/Joe/Desktop/MWWG/Pictures/critters/critters_16.jpg' -> 'ftp://metrowestwatergardens.com/critters/critters_16.jpg'
2016-06-25 16:34:46: Copy New '/Users/Joe/Desktop/MWWG/Pictures/plants/plants_01.jpg' -> 'ftp://metrowestwatergardens.com/plants/plants_01.jpg'
2016-06-25 16:34:48: Copy New '/Users/Joe/Desktop/MWWG/Pictures/plants/plants_02.jpg' -> 'ftp://metrowestwatergardens.com/plants/plants_02.jpg'
2016-06-25 16:34:49: Copy New '/Users/Joe/Desktop/MWWG/Pictures/plants/plants_03.jpg' -> 'ftp://metrowestwatergardens.com/plants/plants_03.jpg'
2016-06-25 16:34:50: Copy New '/Users/Joe/Desktop/MWWG/Pictures/plants/plants_04.jpg' -> 'ftp://metrowestwatergardens.com/plants/plants_04.jpg'
2016-06-25 16:34:51: Copy New '/Users/Joe/Desktop/MWWG/Pictures/plants/plants_05.jpg' -> 'ftp://metrowestwatergardens.com/plants/plants_05.jpg'
2016-06-25 16:34:52: Copy New '/Users/Joe/Desktop/MWWG/Pictures/plants/plants_06.jpg' -> 'ftp://metrowestwatergardens.com/plants/plants_06.jpg'
2016-06-25 16:34:53: Copy New '/Users/Joe/Desktop/MWWG/Pictures/plants/plants_07.jpg' -> 'ftp://metrowestwatergardens.com/plants/plants_07.jpg'
2016-06-25 16:34:54: Copy New '/Users/Joe/Desktop/MWWG/Pictures/plants/plants_08.jpg' -> 'ftp://metrowestwatergardens.com/plants/plants_08.jpg'
2016-06-25 16:34:55: Copy New '/Users/Joe/Desktop/MWWG/Pictures/plants/plants_09.jpg' -> 'ftp://metrowestwatergardens.com/plants/plants_09.jpg'
2016-06-25 16:34:56: Copy New '/Users/Joe/Desktop/MWWG/Pictures/plants/plants_10.jpg' -> 'ftp://metrowestwatergardens.com/plants/plants_10.jpg'
2016-06-25 16:34:57: Copy New '/Users/Joe/Desktop/MWWG/Pictures/plants/plants_11.jpg' -> 'ftp://metrowestwatergardens.com/plants/plants_11.jpg'
2016-06-25 16:34:58: Copy New '/Users/Joe/Desktop/MWWG/Pictures/plants/plants_12.jpg' -> 'ftp://metrowestwatergardens.com/plants/plants_12.jpg'
2016-06-25 16:34:59: Copy New '/Users/Joe/Desktop/MWWG/Pictures/ponds/ponds_01.jpg' -> 'ftp://metrowestwatergardens.com/ponds/ponds_01.jpg'
2016-06-25 16:35:01: Copy New '/Users/Joe/Desktop/MWWG/Pictures/ponds/ponds_02.jpg' -> 'ftp://metrowestwatergardens.com/ponds/ponds_02.jpg'
2016-06-25 16:35:02: Copy New '/Users/Joe/Desktop/MWWG/Pictures/ponds/ponds_03.jpg' -> 'ftp://metrowestwatergardens.com/ponds/ponds_03.jpg'
2016-06-25 16:35:03: Copy New '/Users/Joe/Desktop/MWWG/Pictures/ponds/ponds_04.jpg' -> 'ftp://metrowestwatergardens.com/ponds/ponds_04.jpg'
2016-06-25 16:35:04: Copy New '/Users/Joe/Desktop/MWWG/Pictures/ponds/ponds_05.jpg' -> 'ftp://metrowestwatergardens.com/ponds/ponds_05.jpg'
2016-06-25 16:35:05: Copy New '/Users/Joe/Desktop/MWWG/Pictures/ponds/ponds_06.jpg' -> 'ftp://metrowestwatergardens.com/ponds/ponds_06.jpg'
2016-06-25 16:35:07: Copy New '/Users/Joe/Desktop/MWWG/Pictures/ponds/ponds_07.jpg' -> 'ftp://metrowestwatergardens.com/ponds/ponds_07.jpg'
2016-06-25 16:35:08: Copy New '/Users/Joe/Desktop/MWWG/Pictures/ponds/ponds_08.jpg' -> 'ftp://metrowestwatergardens.com/ponds/ponds_08.jpg'
2016-06-25 16:35:09: Copy New '/Users/Joe/Desktop/MWWG/Pictures/ponds/ponds_09.jpg' -> 'ftp://metrowestwatergardens.com/ponds/ponds_09.jpg'
2016-06-25 16:35:10: Copy New '/Users/Joe/Desktop/MWWG/Pictures/ponds/ponds_10.jpg' -> 'ftp://metrowestwatergardens.com/ponds/ponds_10.jpg'
2016-06-25 16:35:11: Copy New '/Users/Joe/Desktop/MWWG/Pictures/ponds/ponds_11.jpg' -> 'ftp://metrowestwatergardens.com/ponds/ponds_11.jpg'
2016-06-25 16:35:13: Copy New '/Users/Joe/Desktop/MWWG/Pictures/ponds/ponds_12.jpg' -> 'ftp://metrowestwatergardens.com/ponds/ponds_12.jpg'
2016-06-25 16:35:14: Copy New '/Users/Joe/Desktop/MWWG/Pictures/ponds/ponds_13.jpg' -> 'ftp://metrowestwatergardens.com/ponds/ponds_13.jpg'
2016-06-25 16:35:15: Copy New '/Users/Joe/Desktop/MWWG/Pictures/ponds/ponds_14.jpg' -> 'ftp://metrowestwatergardens.com/ponds/ponds_14.jpg'
2016-06-25 16:35:16: Copy New '/Users/Joe/Desktop/MWWG/Pictures/ponds/ponds_15.jpg' -> 'ftp://metrowestwatergardens.com/ponds/ponds_15.jpg'
2016-06-25 16:35:17: Copy New '/Users/Joe/Desktop/MWWG/Pictures/ponds/ponds_16.jpg' -> 'ftp://metrowestwatergardens.com/ponds/ponds_16.jpg'
2016-06-25 16:35:18: Copy New '/Users/Joe/Desktop/MWWG/Pictures/ponds/ponds_17.jpg' -> 'ftp://metrowestwatergardens.com/ponds/ponds_17.jpg'
2016-06-25 16:35:19: Copy New '/Users/Joe/Desktop/MWWG/Pictures/ponds/ponds_18.jpg' -> 'ftp://metrowestwatergardens.com/ponds/ponds_18.jpg'
2016-06-25 16:35:21: Copy New '/Users/Joe/Desktop/MWWG/Pictures/ponds/ponds_19.jpg' -> 'ftp://metrowestwatergardens.com/ponds/ponds_19.jpg'
2016-06-25 16:35:22: Copy New '/Users/Joe/Desktop/MWWG/Pictures/ponds/ponds_20.jpg' -> 'ftp://metrowestwatergardens.com/ponds/ponds_20.jpg'
2016-06-25 16:35:23: Copy New '/Users/Joe/Desktop/MWWG/Pictures/ponds/ponds_21.jpg' -> 'ftp://metrowestwatergardens.com/ponds/ponds_21.jpg'
2016-06-25 16:35:24: Copy New '/Users/Joe/Desktop/MWWG/Pictures/ponds/ponds_22.jpg' -> 'ftp://metrowestwatergardens.com/ponds/ponds_22.jpg'
2016-06-25 16:35:26: Copy New '/Users/Joe/Desktop/MWWG/Pictures/ponds/ponds_23.jpg' -> 'ftp://metrowestwatergardens.com/ponds/ponds_23.jpg'
2016-06-25 16:35:27: Copy New '/Users/Joe/Desktop/MWWG/Pictures/ponds/ponds_24.jpg' -> 'ftp://metrowestwatergardens.com/ponds/ponds_24.jpg'
2016-06-25 16:35:28: Copy New '/Users/Joe/Desktop/MWWG/Pictures/ponds/ponds_25.jpg' -> 'ftp://metrowestwatergardens.com/ponds/ponds_25.jpg'
2016-06-25 16:35:29: Copy New '/Users/Joe/Desktop/MWWG/Pictures/ponds/ponds_26.jpg' -> 'ftp://metrowestwatergardens.com/ponds/ponds_26.jpg'
2016-06-25 16:35:30: Copy New '/Users/Joe/Desktop/MWWG/Pictures/ponds/ponds_27.jpg' -> 'ftp://metrowestwatergardens.com/ponds/ponds_27.jpg'
2016-06-25 16:35:31: Copy New '/Users/Joe/Desktop/MWWG/Pictures/ponds/ponds_28.jpg' -> 'ftp://metrowestwatergardens.com/ponds/ponds_28.jpg'
2016-06-25 16:35:33: Copy New '/Users/Joe/Desktop/MWWG/Pictures/ponds/ponds_29.jpg' -> 'ftp://metrowestwatergardens.com/ponds/ponds_29.jpg'
2016-06-25 16:35:34: Copy New '/Users/Joe/Desktop/MWWG/Pictures/ponds/ponds_30.jpg' -> 'ftp://metrowestwatergardens.com/ponds/ponds_30.jpg'
2016-06-25 16:35:35: Copy New '/Users/Joe/Desktop/MWWG/Pictures/ponds/ponds_31.jpg' -> 'ftp://metrowestwatergardens.com/ponds/ponds_31.jpg'
2016-06-25 16:35:36: Copy New '/Users/Joe/Desktop/MWWG/Pictures/ponds/ponds_32.jpg' -> 'ftp://metrowestwatergardens.com/ponds/ponds_32.jpg'
2016-06-25 16:35:37: Copy New '/Users/Joe/Desktop/MWWG/Pictures/ponds/ponds_33.jpg' -> 'ftp://metrowestwatergardens.com/ponds/ponds_33.jpg'
2016-06-25 16:35:38: Copy New '/Users/Joe/Desktop/MWWG/Pictures/ponds/ponds_34.jpg' -> 'ftp://metrowestwatergardens.com/ponds/ponds_34.jpg'
2016-06-25 16:35:40: Copy New '/Users/Joe/Desktop/MWWG/Pictures/ponds/ponds_35.jpg' -> 'ftp://metrowestwatergardens.com/ponds/ponds_35.jpg'
2016-06-25 16:35:41: Copy New '/Users/Joe/Desktop/MWWG/Pictures/ponds/ponds_36.jpg' -> 'ftp://metrowestwatergardens.com/ponds/ponds_36.jpg'
2016-06-25 16:35:43: Copy New '/Users/Joe/Desktop/MWWG/Pictures/ponds/ponds_37.jpg' -> 'ftp://metrowestwatergardens.com/ponds/ponds_37.jpg'
2016-06-25 16:35:44: Copy New '/Users/Joe/Desktop/MWWG/Pictures/ponds/ponds_38.jpg' -> 'ftp://metrowestwatergardens.com/ponds/ponds_38.jpg'
2016-06-25 16:35:45: Copy New '/Users/Joe/Desktop/MWWG/Pictures/ponds/ponds_39.jpg' -> 'ftp://metrowestwatergardens.com/ponds/ponds_39.jpg'
2016-06-25 16:35:46: Copy New '/Users/Joe/Desktop/MWWG/Pictures/ponds/ponds_40.jpg' -> 'ftp://metrowestwatergardens.com/ponds/ponds_40.jpg'
2016-06-25 16:35:48: Copy New '/Users/Joe/Desktop/MWWG/Pictures/ponds/ponds_41.jpg' -> 'ftp://metrowestwatergardens.com/ponds/ponds_41.jpg'
2016-06-25 16:35:49: Copy New '/Users/Joe/Desktop/MWWG/Pictures/ponds/ponds_42.jpg' -> 'ftp://metrowestwatergardens.com/ponds/ponds_42.jpg'
2016-06-25 16:35:50: Copy New '/Users/Joe/Desktop/MWWG/Pictures/ponds/ponds_43.jpg' -> 'ftp://metrowestwatergardens.com/ponds/ponds_43.jpg'
2016-06-25 16:35:51: Copy New '/Users/Joe/Desktop/MWWG/Pictures/ponds/ponds_44.jpg' -> 'ftp://metrowestwatergardens.com/ponds/ponds_44.jpg'
2016-06-25 16:35:52: Copy New '/Users/Joe/Desktop/MWWG/Pictures/ponds/ponds_45.jpg' -> 'ftp://metrowestwatergardens.com/ponds/ponds_45.jpg'
2016-06-25 16:35:54: Copy New '/Users/Joe/Desktop/MWWG/Pictures/ponds/ponds_46.jpg' -> 'ftp://metrowestwatergardens.com/ponds/ponds_46.jpg'
2016-06-25 16:35:55: Copy New '/Users/Joe/Desktop/MWWG/Pictures/ponds/ponds_47.jpg' -> 'ftp://metrowestwatergardens.com/ponds/ponds_47.jpg'
2016-06-25 16:35:56: Copy New '/Users/Joe/Desktop/MWWG/Pictures/ponds/ponds_48.jpg' -> 'ftp://metrowestwatergardens.com/ponds/ponds_48.jpg'
2016-06-25 16:35:57: Copy New '/Users/Joe/Desktop/MWWG/Pictures/ponds/ponds_49.jpg' -> 'ftp://metrowestwatergardens.com/ponds/ponds_49.jpg'
2016-06-25 16:35:58: Copy New '/Users/Joe/Desktop/MWWG/Pictures/ponds/ponds_50.jpg' -> 'ftp://metrowestwatergardens.com/ponds/ponds_50.jpg'
2016-06-25 16:36:00: Copy New '/Users/Joe/Desktop/MWWG/Pictures/ponds/ponds_51.jpg' -> 'ftp://metrowestwatergardens.com/ponds/ponds_51.jpg'
2016-06-25 16:36:01: Copy New '/Users/Joe/Desktop/MWWG/Pictures/ponds/ponds_52.jpg' -> 'ftp://metrowestwatergardens.com/ponds/ponds_52.jpg'
2016-06-25 16:36:02: Copy New '/Users/Joe/Desktop/MWWG/Pictures/ponds/ponds_53.jpg' -> 'ftp://metrowestwatergardens.com/ponds/ponds_53.jpg'
2016-06-25 16:36:03: Copy New '/Users/Joe/Desktop/MWWG/Pictures/ponds/ponds_54.jpg' -> 'ftp://metrowestwatergardens.com/ponds/ponds_54.jpg'
2016-06-25 16:36:04: Copy New '/Users/Joe/Desktop/MWWG/Pictures/ponds/ponds_55.jpg' -> 'ftp://metrowestwatergardens.com/ponds/ponds_55.jpg'
2016-06-25 16:36:06: Copy New '/Users/Joe/Desktop/MWWG/Pictures/ponds/ponds_56.jpg' -> 'ftp://metrowestwatergardens.com/ponds/ponds_56.jpg'
2016-06-25 16:36:07: Copy New '/Users/Joe/Desktop/MWWG/Pictures/ponds/ponds_57.jpg' -> 'ftp://metrowestwatergardens.com/ponds/ponds_57.jpg'
2016-06-25 16:36:08: Copy New '/Users/Joe/Desktop/MWWG/Pictures/ponds/ponds_58.jpg' -> 'ftp://metrowestwatergardens.com/ponds/ponds_58.jpg'
2016-06-25 16:36:09: Copy New '/Users/Joe/Desktop/MWWG/Pictures/ponds/ponds_59.jpg' -> 'ftp://metrowestwatergardens.com/ponds/ponds_59.jpg'
2016-06-25 16:36:10: Copy New '/Users/Joe/Desktop/MWWG/Pictures/ponds/ponds_60.jpg' -> 'ftp://metrowestwatergardens.com/ponds/ponds_60.jpg'
2016-06-25 16:36:11: Copy New '/Users/Joe/Desktop/MWWG/Pictures/ponds/ponds_61.jpg' -> 'ftp://metrowestwatergardens.com/ponds/ponds_61.jpg'
2016-06-25 16:36:13: Copy New '/Users/Joe/Desktop/MWWG/Pictures/ponds/ponds_62.jpg' -> 'ftp://metrowestwatergardens.com/ponds/ponds_62.jpg'
2016-06-25 16:36:14: Copy New '/Users/Joe/Desktop/MWWG/Pictures/ponds/ponds_63.jpg' -> 'ftp://metrowestwatergardens.com/ponds/ponds_63.jpg'
2016-06-25 16:36:15: Copy New '/Users/Joe/Desktop/MWWG/Pictures/ponds/ponds_64.jpg' -> 'ftp://metrowestwatergardens.com/ponds/ponds_64.jpg'
2016-06-25 16:36:16: Copy New '/Users/Joe/Desktop/MWWG/Pictures/ponds/ponds_65.jpg' -> 'ftp://metrowestwatergardens.com/ponds/ponds_65.jpg'
2016-06-25 16:36:17: Copy New '/Users/Joe/Desktop/MWWG/Pictures/ponds/ponds_66.jpg' -> 'ftp://metrowestwatergardens.com/ponds/ponds_66.jpg'
2016-06-25 16:36:18: Copy New '/Users/Joe/Desktop/MWWG/Pictures/ponds/ponds_67.jpg' -> 'ftp://metrowestwatergardens.com/ponds/ponds_67.jpg'
2016-06-25 16:36:19: Copy New '/Users/Joe/Desktop/MWWG/Pictures/ponds/ponds_68.jpg' -> 'ftp://metrowestwatergardens.com/ponds/ponds_68.jpg'
2016-06-25 16:36:21: Copy New '/Users/Joe/Desktop/MWWG/Pictures/ponds/ponds_69.jpg' -> 'ftp://metrowestwatergardens.com/ponds/ponds_69.jpg'
2016-06-25 16:36:22: Copy New '/Users/Joe/Desktop/MWWG/Pictures/ponds/ponds_70.jpg' -> 'ftp://metrowestwatergardens.com/ponds/ponds_70.jpg'
2016-06-25 16:36:23: Copy New '/Users/Joe/Desktop/MWWG/Pictures/ponds/ponds_71.jpg' -> 'ftp://metrowestwatergardens.com/ponds/ponds_71.jpg'
2016-06-25 16:36:25: Copy New '/Users/Joe/Desktop/MWWG/Pictures/ponds/ponds_72.jpg' -> 'ftp://metrowestwatergardens.com/ponds/ponds_72.jpg'
2016-06-25 16:36:26: Copy New '/Users/Joe/Desktop/MWWG/Pictures/ponds/ponds_73.jpg' -> 'ftp://metrowestwatergardens.com/ponds/ponds_73.jpg'
2016-06-25 16:36:27: Copy New '/Users/Joe/Desktop/MWWG/Pictures/ponds/ponds_74.jpg' -> 'ftp://metrowestwatergardens.com/ponds/ponds_74.jpg'
2016-06-25 16:36:28: Copy New '/Users/Joe/Desktop/MWWG/Pictures/ponds/ponds_75.jpg' -> 'ftp://metrowestwatergardens.com/ponds/ponds_75.jpg'
2016-06-25 16:36:29: Copy New '/Users/Joe/Desktop/MWWG/Pictures/ponds/ponds_76.jpg' -> 'ftp://metrowestwatergardens.com/ponds/ponds_76.jpg'
2016-06-25 16:36:31: Copy New '/Users/Joe/Desktop/MWWG/Pictures/ponds/ponds_77.jpg' -> 'ftp://metrowestwatergardens.com/ponds/ponds_77.jpg'
2016-06-25 16:36:32: Copy New '/Users/Joe/Desktop/MWWG/Pictures/ponds/ponds_78.jpg' -> 'ftp://metrowestwatergardens.com/ponds/ponds_78.jpg'
2016-06-25 16:36:33: Copy New '/Users/Joe/Desktop/MWWG/Pictures/ponds/ponds_79.jpg' -> 'ftp://metrowestwatergardens.com/ponds/ponds_79.jpg'
2016-06-25 16:36:34: Copy New '/Users/Joe/Desktop/MWWG/Pictures/ponds/ponds_80.jpg' -> 'ftp://metrowestwatergardens.com/ponds/ponds_80.jpg'
2016-06-25 16:36:35: Copy New '/Users/Joe/Desktop/MWWG/Pictures/ponds/ponds_81.jpg' -> 'ftp://metrowestwatergardens.com/ponds/ponds_81.jpg'
2016-06-25 16:36:36: Copy New '/Users/Joe/Desktop/MWWG/Pictures/ponds/ponds_82.jpg' -> 'ftp://metrowestwatergardens.com/ponds/ponds_82.jpg'
2016-06-25 16:36:37: Copy New '/Users/Joe/Desktop/MWWG/Pictures/ponds/ponds_83.jpg' -> 'ftp://metrowestwatergardens.com/ponds/ponds_83.jpg'
2016-06-25 16:36:38: Copy New '/Users/Joe/Desktop/MWWG/Pictures/ponds/ponds_84.jpg' -> 'ftp://metrowestwatergardens.com/ponds/ponds_84.jpg'
2016-06-25 16:36:40: Copy New '/Users/Joe/Desktop/MWWG/Pictures/ponds/ponds_85.jpg' -> 'ftp://metrowestwatergardens.com/ponds/ponds_85.jpg'
2016-06-25 16:36:41: Copy New '/Users/Joe/Desktop/MWWG/Pictures/ponds/ponds_86.jpg' -> 'ftp://metrowestwatergardens.com/ponds/ponds_86.jpg'
2016-06-25 16:36:43: Copy New '/Users/Joe/Desktop/MWWG/Pictures/ponds/ponds_87.jpg' -> 'ftp://metrowestwatergardens.com/ponds/ponds_87.jpg'
2016-06-25 16:36:44: Copy New '/Users/Joe/Desktop/MWWG/Pictures/ponds/ponds_88.jpg' -> 'ftp://metrowestwatergardens.com/ponds/ponds_88.jpg'
2016-06-25 16:36:45: Copy New '/Users/Joe/Desktop/MWWG/Pictures/ponds/ponds_89.jpg' -> 'ftp://metrowestwatergardens.com/ponds/ponds_89.jpg'
2016-06-25 16:36:46: Copy New '/Users/Joe/Desktop/MWWG/Pictures/ponds/ponds_90.jpg' -> 'ftp://metrowestwatergardens.com/ponds/ponds_90.jpg'
2016-06-25 16:36:47: Copy New '/Users/Joe/Desktop/MWWG/Pictures/ponds/ponds_91.jpg' -> 'ftp://metrowestwatergardens.com/ponds/ponds_91.jpg'
2016-06-25 16:36:48: Copy New '/Users/Joe/Desktop/MWWG/Pictures/ponds/ponds_92.jpg' -> 'ftp://metrowestwatergardens.com/ponds/ponds_92.jpg'
2016-06-25 16:36:49: Copy New '/Users/Joe/Desktop/MWWG/Pictures/ponds/ponds_93.jpg' -> 'ftp://metrowestwatergardens.com/ponds/ponds_93.jpg'
2016-06-25 16:36:50: Copy New '/Users/Joe/Desktop/MWWG/Pictures/waterfalls/waterfalls_01.jpg' -> 'ftp://metrowestwatergardens.com/waterfalls/waterfalls_01.jpg'
2016-06-25 16:36:52: Copy New '/Users/Joe/Desktop/MWWG/Pictures/waterfalls/waterfalls_02.jpg' -> 'ftp://metrowestwatergardens.com/waterfalls/waterfalls_02.jpg'
2016-06-25 16:36:53: Copy New '/Users/Joe/Desktop/MWWG/Pictures/waterfalls/waterfalls_03.jpg' -> 'ftp://metrowestwatergardens.com/waterfalls/waterfalls_03.jpg'
2016-06-25 16:36:54: Copy New '/Users/Joe/Desktop/MWWG/Pictures/waterfalls/waterfalls_04.jpg' -> 'ftp://metrowestwatergardens.com/waterfalls/waterfalls_04.jpg'
2016-06-25 16:36:55: Copy New '/Users/Joe/Desktop/MWWG/Pictures/waterfalls/waterfalls_05.jpg' -> 'ftp://metrowestwatergardens.com/waterfalls/waterfalls_05.jpg'
2016-06-25 16:36:56: Copy New '/Users/Joe/Desktop/MWWG/Pictures/waterfalls/waterfalls_06.jpg' -> 'ftp://metrowestwatergardens.com/waterfalls/waterfalls_06.jpg'
2016-06-25 16:36:57: Copy New '/Users/Joe/Desktop/MWWG/Pictures/waterfalls/waterfalls_07.jpg' -> 'ftp://metrowestwatergardens.com/waterfalls/waterfalls_07.jpg'
2016-06-25 16:36:59: Copy New '/Users/Joe/Desktop/MWWG/Pictures/waterfalls/waterfalls_08.jpg' -> 'ftp://metrowestwatergardens.com/waterfalls/waterfalls_08.jpg'
2016-06-25 16:37:00: Copy New '/Users/Joe/Desktop/MWWG/Pictures/waterfalls/waterfalls_09.jpg' -> 'ftp://metrowestwatergardens.com/waterfalls/waterfalls_09.jpg'
2016-06-25 16:37:01: Copy New '/Users/Joe/Desktop/MWWG/Pictures/waterfalls/waterfalls_10.jpg' -> 'ftp://metrowestwatergardens.com/waterfalls/waterfalls_10.jpg'
2016-06-25 16:37:02: Copy New '/Users/Joe/Desktop/MWWG/Pictures/waterfalls/waterfalls_11.jpg' -> 'ftp://metrowestwatergardens.com/waterfalls/waterfalls_11.jpg'
2016-06-25 16:37:03: Copy New '/Users/Joe/Desktop/MWWG/Pictures/waterfalls/waterfalls_12.jpg' -> 'ftp://metrowestwatergardens.com/waterfalls/waterfalls_12.jpg'
2016-06-25 16:37:04: Copy New '/Users/Joe/Desktop/MWWG/Pictures/waterfalls/waterfalls_13.jpg' -> 'ftp://metrowestwatergardens.com/waterfalls/waterfalls_13.jpg'
2016-06-25 16:37:05: Copy New '/Users/Joe/Desktop/MWWG/Pictures/waterfalls/waterfalls_14.jpg' -> 'ftp://metrowestwatergardens.com/waterfalls/waterfalls_14.jpg'
2016-06-25 16:37:07: Copy New '/Users/Joe/Desktop/MWWG/Pictures/waterfalls/waterfalls_15.jpg' -> 'ftp://metrowestwatergardens.com/waterfalls/waterfalls_15.jpg'
2016-06-25 16:37:08: Copy New '/Users/Joe/Desktop/MWWG/Pictures/waterfalls/waterfalls_16.jpg' -> 'ftp://metrowestwatergardens.com/waterfalls/waterfalls_16.jpg'
2016-06-25 16:37:09: Copy New '/Users/Joe/Desktop/MWWG/Pictures/waterfalls/waterfalls_17.jpg' -> 'ftp://metrowestwatergardens.com/waterfalls/waterfalls_17.jpg'
2016-06-25 16:37:10: Copy New '/Users/Joe/Desktop/MWWG/Pictures/waterfalls/waterfalls_18.jpg' -> 'ftp://metrowestwatergardens.com/waterfalls/waterfalls_18.jpg'
2016-06-25 16:37:11: Copy New '/Users/Joe/Desktop/MWWG/Pictures/waterfalls/waterfalls_19.jpg' -> 'ftp://metrowestwatergardens.com/waterfalls/waterfalls_19.jpg'
2016-06-25 16:37:12: Copy New '/Users/Joe/Desktop/MWWG/Pictures/waterfalls/waterfalls_20.jpg' -> 'ftp://metrowestwatergardens.com/waterfalls/waterfalls_20.jpg'
2016-06-25 16:37:13: Copy New '/Users/Joe/Desktop/MWWG/Pictures/waterfalls/waterfalls_21.jpg' -> 'ftp://metrowestwatergardens.com/waterfalls/waterfalls_21.jpg'
2016-06-25 16:37:14: Copy New '/Users/Joe/Desktop/MWWG/Pictures/waterfalls/waterfalls_22.jpg' -> 'ftp://metrowestwatergardens.com/waterfalls/waterfalls_22.jpg'
2016-06-25 16:37:15: Copy New '/Users/Joe/Desktop/MWWG/Pictures/waterfalls/waterfalls_23.jpg' -> 'ftp://metrowestwatergardens.com/waterfalls/waterfalls_23.jpg'
2016-06-25 16:37:17: Copy New '/Users/Joe/Desktop/MWWG/Pictures/waterfalls/waterfalls_24.jpg' -> 'ftp://metrowestwatergardens.com/waterfalls/waterfalls_24.jpg'
2016-06-25 16:37:18: Copy New '/Users/Joe/Desktop/MWWG/Pictures/waterfalls/waterfalls_25.jpg' -> 'ftp://metrowestwatergardens.com/waterfalls/waterfalls_25.jpg'
2016-06-25 16:37:19: Copy New '/Users/Joe/Desktop/MWWG/Pictures/waterfalls/waterfalls_26.jpg' -> 'ftp://metrowestwatergardens.com/waterfalls/waterfalls_26.jpg'
2016-06-25 16:37:20: Copy New '/Users/Joe/Desktop/MWWG/Pictures/waterfalls/waterfalls_27.jpg' -> 'ftp://metrowestwatergardens.com/waterfalls/waterfalls_27.jpg'
2016-06-25 16:37:21: Copy New '/Users/Joe/Desktop/MWWG/Pictures/waterfalls/waterfalls_28.jpg' -> 'ftp://metrowestwatergardens.com/waterfalls/waterfalls_28.jpg'
2016-06-25 16:37:22: Copy New '/Users/Joe/Desktop/MWWG/Pictures/waterfalls/waterfalls_29.jpg' -> 'ftp://metrowestwatergardens.com/waterfalls/waterfalls_29.jpg'
2016-06-25 16:37:23: Copy New '/Users/Joe/Desktop/MWWG/Pictures/waterfalls/waterfalls_30.jpg' -> 'ftp://metrowestwatergardens.com/waterfalls/waterfalls_30.jpg'
2016-06-25 16:37:25: Copy New '/Users/Joe/Desktop/MWWG/Pictures/waterfalls/waterfalls_31.jpg' -> 'ftp://metrowestwatergardens.com/waterfalls/waterfalls_31.jpg'
2016-06-25 16:37:26: Copy New '/Users/Joe/Desktop/MWWG/Pictures/waterfalls/waterfalls_32.jpg' -> 'ftp://metrowestwatergardens.com/waterfalls/waterfalls_32.jpg'
2016-06-25 16:37:27: Copy New '/Users/Joe/Desktop/MWWG/Pictures/waterfalls/waterfalls_33.jpg' -> 'ftp://metrowestwatergardens.com/waterfalls/waterfalls_33.jpg'
2016-06-25 16:37:28: Copy New '/Users/Joe/Desktop/MWWG/Pictures/waterfalls/waterfalls_34.jpg' -> 'ftp://metrowestwatergardens.com/waterfalls/waterfalls_34.jpg'
2016-06-25 16:37:29: Copy New '/Users/Joe/Desktop/MWWG/Pictures/waterfalls/waterfalls_35.jpg' -> 'ftp://metrowestwatergardens.com/waterfalls/waterfalls_35.jpg'
2016-06-25 16:37:30: Copy New '/Users/Joe/Desktop/MWWG/Pictures/waterfalls/waterfalls_36.jpg' -> 'ftp://metrowestwatergardens.com/waterfalls/waterfalls_36.jpg'
2016-06-25 16:37:32: Copy New '/Users/Joe/Desktop/MWWG/Pictures/waterfalls/waterfalls_37.jpg' -> 'ftp://metrowestwatergardens.com/waterfalls/waterfalls_37.jpg'
2016-06-25 16:37:33: Copy New '/Users/Joe/Desktop/MWWG/Pictures/waterfalls/waterfalls_38.jpg' -> 'ftp://metrowestwatergardens.com/waterfalls/waterfalls_38.jpg'
2016-06-25 16:37:34: Copy New '/Users/Joe/Desktop/MWWG/Pictures/waterfalls/waterfalls_39.jpg' -> 'ftp://metrowestwatergardens.com/waterfalls/waterfalls_39.jpg'
2016-06-25 16:37:35: Copy New '/Users/Joe/Desktop/MWWG/Pictures/waterfalls/waterfalls_40.jpg' -> 'ftp://metrowestwatergardens.com/waterfalls/waterfalls_40.jpg'
2016-06-25 16:37:36: Copy New '/Users/Joe/Desktop/MWWG/Pictures/waterfalls/waterfalls_41.jpg' -> 'ftp://metrowestwatergardens.com/waterfalls/waterfalls_41.jpg'
2016-06-25 16:37:37: Copy New '/Users/Joe/Desktop/MWWG/Pictures/waterfalls/waterfalls_42.jpg' -> 'ftp://metrowestwatergardens.com/waterfalls/waterfalls_42.jpg'
2016-06-25 16:37:38: Copy New '/Users/Joe/Desktop/MWWG/Pictures/waterfalls/waterfalls_43.jpg' -> 'ftp://metrowestwatergardens.com/waterfalls/waterfalls_43.jpg'
2016-06-25 16:37:39: Copy New '/Users/Joe/Desktop/MWWG/Pictures/waterfalls/waterfalls_44.jpg' -> 'ftp://metrowestwatergardens.com/waterfalls/waterfalls_44.jpg'
2016-06-25 16:37:40: Copy New '/Users/Joe/Desktop/MWWG/Pictures/waterfalls/waterfalls_45.jpg' -> 'ftp://metrowestwatergardens.com/waterfalls/waterfalls_45.jpg'
2016-06-25 16:37:42: Copy New '/Users/Joe/Desktop/MWWG/Pictures/waterfalls/waterfalls_46.jpg' -> 'ftp://metrowestwatergardens.com/waterfalls/waterfalls_46.jpg'
2016-06-25 16:37:43: Copy New '/Users/Joe/Desktop/MWWG/Pictures/waterfalls/waterfalls_47.jpg' -> 'ftp://metrowestwatergardens.com/waterfalls/waterfalls_47.jpg'
2016-06-25 16:37:44: Copy New '/Users/Joe/Desktop/MWWG/Pictures/waterfalls/waterfalls_48.jpg' -> 'ftp://metrowestwatergardens.com/waterfalls/waterfalls_48.jpg'
2016-06-25 16:37:45: Copy New '/Users/Joe/Desktop/MWWG/Pictures/waterfalls/waterfalls_49.jpg' -> 'ftp://metrowestwatergardens.com/waterfalls/waterfalls_49.jpg'
2016-06-25 16:37:46: == Sync Complete. Time: 00:04:06, Speed: 71.8 KB/s, OK: 446, Errors: 0
2016-06-25 16:37:46: 
