2016-06-25 12:28:45: Disable Copy original filesystem names option. Metrowest Water Gardens Pictures's sides are not support it.
2016-06-25 12:28:45: -- Analysis Started by User
2016-06-25 12:28:45: L: State file does not exist: /Users/Joe/Desktop/MWWG/Pictures/_gsdata_/_file_state_v4._gs
2016-06-25 12:28:45: R: State file does not exist: ftp://metrowestwatergardens.com/_gsdata_/_file_state_v4._gs
2016-06-25 12:28:48: Changes: 148, Conflicts: 0, CopyTime: 0, CopyState: 0/5, Errors: 0, All: 159
2016-06-25 12:28:48: Left to Right: Copy File: 136 Delete File: 12 
2016-06-25 12:28:48: -- Analysis Complete. Time 00:00:04, Speed: 39 files/s
2016-06-25 12:28:48: 
2016-06-25 12:29:20: New _gsdata_ folder(s) created, so rescan all job folders for their ghosts
2016-06-25 12:29:20: == Sync Started by User
2016-06-25 12:29:21: Delete File 'ftp://metrowestwatergardens.com/.ftpquota'
2016-06-25 12:29:22: Delete File 'ftp://metrowestwatergardens.com/critters/Critters_Pix01.JPG'
2016-06-25 12:29:23: Delete File 'ftp://metrowestwatergardens.com/Metroewst Water Gadens Pictures/before and after/After_10.JPG'
2016-06-25 12:29:23: Delete File 'ftp://metrowestwatergardens.com/Metroewst Water Gadens Pictures/before and after/After_11.JPG'
2016-06-25 12:29:23: Delete File 'ftp://metrowestwatergardens.com/Metroewst Water Gadens Pictures/before and after/After_12.jpg'
2016-06-25 12:29:23: Delete File 'ftp://metrowestwatergardens.com/Metroewst Water Gadens Pictures/before and after/After_13.JPG'
2016-06-25 12:29:23: Delete File 'ftp://metrowestwatergardens.com/Metroewst Water Gadens Pictures/before and after/After_5.JPG'
2016-06-25 12:29:23: Delete File 'ftp://metrowestwatergardens.com/Metroewst Water Gadens Pictures/before and after/After_8.JPG'
2016-06-25 12:29:23: Delete File 'ftp://metrowestwatergardens.com/Metroewst Water Gadens Pictures/before and after/After_9.JPG'
2016-06-25 12:29:24: Delete File 'ftp://metrowestwatergardens.com/Metroewst Water Gadens Pictures/before and after/Before_10.JPG'
2016-06-25 12:29:24: Delete Folder 'ftp://metrowestwatergardens.com/Metroewst Water Gadens Pictures/before and after'
2016-06-25 12:29:24: Delete Folder 'ftp://metrowestwatergardens.com/Metroewst Water Gadens Pictures'
2016-06-25 12:29:26: Copy Over '/Users/Joe/Desktop/MWWG/Pictures/before and after/After_10.JPG' -> 'ftp://metrowestwatergardens.com/before and after/After_10.JPG'
2016-06-25 12:29:28: Copy Over '/Users/Joe/Desktop/MWWG/Pictures/before and after/After_11.JPG' -> 'ftp://metrowestwatergardens.com/before and after/After_11.JPG'
2016-06-25 12:29:31: Copy Over '/Users/Joe/Desktop/MWWG/Pictures/before and after/After_12.jpg' -> 'ftp://metrowestwatergardens.com/before and after/After_12.jpg'
2016-06-25 12:29:33: Copy Over '/Users/Joe/Desktop/MWWG/Pictures/before and after/After_13.JPG' -> 'ftp://metrowestwatergardens.com/before and after/After_13.JPG'
2016-06-25 12:29:35: Copy Over '/Users/Joe/Desktop/MWWG/Pictures/before and after/After_5.JPG' -> 'ftp://metrowestwatergardens.com/before and after/After_5.JPG'
2016-06-25 12:29:36: Copy Over '/Users/Joe/Desktop/MWWG/Pictures/before and after/After_8.JPG' -> 'ftp://metrowestwatergardens.com/before and after/After_8.JPG'
2016-06-25 12:29:38: Copy Over '/Users/Joe/Desktop/MWWG/Pictures/before and after/After_9.JPG' -> 'ftp://metrowestwatergardens.com/before and after/After_9.JPG'
2016-06-25 12:29:39: Copy Over '/Users/Joe/Desktop/MWWG/Pictures/before and after/Before_10.JPG' -> 'ftp://metrowestwatergardens.com/before and after/Before_10.JPG'
2016-06-25 12:29:40: Copy Over '/Users/Joe/Desktop/MWWG/Pictures/before and after/Before_11.jpg' -> 'ftp://metrowestwatergardens.com/before and after/Before_11.jpg'
2016-06-25 12:29:42: Copy Over '/Users/Joe/Desktop/MWWG/Pictures/before and after/Before_12.jpg' -> 'ftp://metrowestwatergardens.com/before and after/Before_12.jpg'
2016-06-25 12:29:43: Copy Over '/Users/Joe/Desktop/MWWG/Pictures/before and after/Before_13.JPG' -> 'ftp://metrowestwatergardens.com/before and after/Before_13.JPG'
2016-06-25 12:29:45: Copy Over '/Users/Joe/Desktop/MWWG/Pictures/before and after/Before_5.jpg' -> 'ftp://metrowestwatergardens.com/before and after/Before_5.jpg'
2016-06-25 12:29:47: Copy Over '/Users/Joe/Desktop/MWWG/Pictures/before and after/Before_8.JPG' -> 'ftp://metrowestwatergardens.com/before and after/Before_8.JPG'
2016-06-25 12:29:48: Copy Over '/Users/Joe/Desktop/MWWG/Pictures/before and after/Before_9.JPG' -> 'ftp://metrowestwatergardens.com/before and after/Before_9.JPG'
2016-06-25 12:29:53: Copy Over '/Users/Joe/Desktop/MWWG/Pictures/before and after/IMG_0393.JPG' -> 'ftp://metrowestwatergardens.com/before and after/IMG_0393.JPG'
2016-06-25 12:29:55: Copy Over '/Users/Joe/Desktop/MWWG/Pictures/before and after/IMG_0394.JPG' -> 'ftp://metrowestwatergardens.com/before and after/IMG_0394.JPG'
2016-06-25 12:29:56: Copy Over '/Users/Joe/Desktop/MWWG/Pictures/critters/Critters_Pix02.JPG' -> 'ftp://metrowestwatergardens.com/critters/Critters_Pix02.JPG'
2016-06-25 12:29:59: Copy Over '/Users/Joe/Desktop/MWWG/Pictures/critters/Critters_Pix03.JPG' -> 'ftp://metrowestwatergardens.com/critters/Critters_Pix03.JPG'
2016-06-25 12:30:00: Copy Over '/Users/Joe/Desktop/MWWG/Pictures/critters/Critters_Pix04.JPG' -> 'ftp://metrowestwatergardens.com/critters/Critters_Pix04.JPG'
2016-06-25 12:30:01: Copy Over '/Users/Joe/Desktop/MWWG/Pictures/critters/Critters_Pix05.JPG' -> 'ftp://metrowestwatergardens.com/critters/Critters_Pix05.JPG'
2016-06-25 12:30:03: Copy Over '/Users/Joe/Desktop/MWWG/Pictures/critters/Critters_Pix06.JPG' -> 'ftp://metrowestwatergardens.com/critters/Critters_Pix06.JPG'
2016-06-25 12:30:04: Copy Over '/Users/Joe/Desktop/MWWG/Pictures/critters/Critters_Pix07.JPG' -> 'ftp://metrowestwatergardens.com/critters/Critters_Pix07.JPG'
2016-06-25 12:30:05: Copy Over '/Users/Joe/Desktop/MWWG/Pictures/critters/Critters_Pix08.JPG' -> 'ftp://metrowestwatergardens.com/critters/Critters_Pix08.JPG'
2016-06-25 12:30:07: Copy Over '/Users/Joe/Desktop/MWWG/Pictures/critters/Critters_Pix09.JPG' -> 'ftp://metrowestwatergardens.com/critters/Critters_Pix09.JPG'
2016-06-25 12:30:08: Copy Over '/Users/Joe/Desktop/MWWG/Pictures/critters/Critters_Pix10.JPG' -> 'ftp://metrowestwatergardens.com/critters/Critters_Pix10.JPG'
2016-06-25 12:30:09: Copy Over '/Users/Joe/Desktop/MWWG/Pictures/critters/Critters_Pix11.JPG' -> 'ftp://metrowestwatergardens.com/critters/Critters_Pix11.JPG'
2016-06-25 12:30:10: Copy Over '/Users/Joe/Desktop/MWWG/Pictures/critters/Critters_Pix12.JPG' -> 'ftp://metrowestwatergardens.com/critters/Critters_Pix12.JPG'
2016-06-25 12:30:12: Copy Over '/Users/Joe/Desktop/MWWG/Pictures/critters/Critters_Pix13.JPG' -> 'ftp://metrowestwatergardens.com/critters/Critters_Pix13.JPG'
2016-06-25 12:30:13: Copy Over '/Users/Joe/Desktop/MWWG/Pictures/critters/Critters_Pix14.JPG' -> 'ftp://metrowestwatergardens.com/critters/Critters_Pix14.JPG'
2016-06-25 12:30:14: Copy Over '/Users/Joe/Desktop/MWWG/Pictures/critters/Critters_Pix15.JPG' -> 'ftp://metrowestwatergardens.com/critters/Critters_Pix15.JPG'
2016-06-25 12:30:15: Copy Over '/Users/Joe/Desktop/MWWG/Pictures/critters/Critters_Pix16.JPG' -> 'ftp://metrowestwatergardens.com/critters/Critters_Pix16.JPG'
2016-06-25 12:30:17: Copy Over '/Users/Joe/Desktop/MWWG/Pictures/plants/Plants_Pix01.JPG' -> 'ftp://metrowestwatergardens.com/plants/Plants_Pix01.JPG'
2016-06-25 12:30:18: Copy Over '/Users/Joe/Desktop/MWWG/Pictures/plants/Plants_Pix02.JPG' -> 'ftp://metrowestwatergardens.com/plants/Plants_Pix02.JPG'
2016-06-25 12:30:20: Copy Over '/Users/Joe/Desktop/MWWG/Pictures/plants/Plants_Pix03.JPG' -> 'ftp://metrowestwatergardens.com/plants/Plants_Pix03.JPG'
2016-06-25 12:30:21: Copy Over '/Users/Joe/Desktop/MWWG/Pictures/plants/Plants_Pix04.JPG' -> 'ftp://metrowestwatergardens.com/plants/Plants_Pix04.JPG'
2016-06-25 12:30:22: Copy Over '/Users/Joe/Desktop/MWWG/Pictures/plants/Plants_Pix05.JPG' -> 'ftp://metrowestwatergardens.com/plants/Plants_Pix05.JPG'
2016-06-25 12:30:23: Copy Over '/Users/Joe/Desktop/MWWG/Pictures/plants/Plants_Pix06.JPG' -> 'ftp://metrowestwatergardens.com/plants/Plants_Pix06.JPG'
2016-06-25 12:30:25: Copy Over '/Users/Joe/Desktop/MWWG/Pictures/plants/Plants_Pix07.JPG' -> 'ftp://metrowestwatergardens.com/plants/Plants_Pix07.JPG'
2016-06-25 12:30:28: Copy Over '/Users/Joe/Desktop/MWWG/Pictures/plants/Plants_Pix08.JPG' -> 'ftp://metrowestwatergardens.com/plants/Plants_Pix08.JPG'
2016-06-25 12:30:29: Copy Over '/Users/Joe/Desktop/MWWG/Pictures/plants/Plants_Pix09.JPG' -> 'ftp://metrowestwatergardens.com/plants/Plants_Pix09.JPG'
2016-06-25 12:30:30: Copy Over '/Users/Joe/Desktop/MWWG/Pictures/plants/Plants_Pix10.JPG' -> 'ftp://metrowestwatergardens.com/plants/Plants_Pix10.JPG'
2016-06-25 12:30:32: Copy Over '/Users/Joe/Desktop/MWWG/Pictures/plants/Plants_Pix11.JPG' -> 'ftp://metrowestwatergardens.com/plants/Plants_Pix11.JPG'
2016-06-25 12:30:33: Copy Over '/Users/Joe/Desktop/MWWG/Pictures/plants/Plants_Pix12.JPG' -> 'ftp://metrowestwatergardens.com/plants/Plants_Pix12.JPG'
2016-06-25 12:30:35: Copy Over '/Users/Joe/Desktop/MWWG/Pictures/ponds/Ponds_Pix01.JPG' -> 'ftp://metrowestwatergardens.com/ponds/Ponds_Pix01.JPG'
2016-06-25 12:30:36: Copy Over '/Users/Joe/Desktop/MWWG/Pictures/ponds/Ponds_Pix02.JPG' -> 'ftp://metrowestwatergardens.com/ponds/Ponds_Pix02.JPG'
2016-06-25 12:30:38: Copy Over '/Users/Joe/Desktop/MWWG/Pictures/ponds/Ponds_Pix03.JPG' -> 'ftp://metrowestwatergardens.com/ponds/Ponds_Pix03.JPG'
2016-06-25 12:30:39: Copy Over '/Users/Joe/Desktop/MWWG/Pictures/ponds/Ponds_Pix04.JPG' -> 'ftp://metrowestwatergardens.com/ponds/Ponds_Pix04.JPG'
2016-06-25 12:30:40: Copy Over '/Users/Joe/Desktop/MWWG/Pictures/ponds/Ponds_Pix05.JPG' -> 'ftp://metrowestwatergardens.com/ponds/Ponds_Pix05.JPG'
2016-06-25 12:30:42: Copy Over '/Users/Joe/Desktop/MWWG/Pictures/ponds/Ponds_Pix06.JPG' -> 'ftp://metrowestwatergardens.com/ponds/Ponds_Pix06.JPG'
2016-06-25 12:30:43: Copy Over '/Users/Joe/Desktop/MWWG/Pictures/ponds/Ponds_Pix07.JPG' -> 'ftp://metrowestwatergardens.com/ponds/Ponds_Pix07.JPG'
2016-06-25 12:30:45: Copy Over '/Users/Joe/Desktop/MWWG/Pictures/ponds/Ponds_Pix08.JPG' -> 'ftp://metrowestwatergardens.com/ponds/Ponds_Pix08.JPG'
2016-06-25 12:30:46: Copy Over '/Users/Joe/Desktop/MWWG/Pictures/ponds/Ponds_Pix09.JPG' -> 'ftp://metrowestwatergardens.com/ponds/Ponds_Pix09.JPG'
2016-06-25 12:30:47: Copy Over '/Users/Joe/Desktop/MWWG/Pictures/ponds/Ponds_Pix10.jpg' -> 'ftp://metrowestwatergardens.com/ponds/Ponds_Pix10.jpg'
2016-06-25 12:30:49: Copy Over '/Users/Joe/Desktop/MWWG/Pictures/ponds/Ponds_Pix11.jpg' -> 'ftp://metrowestwatergardens.com/ponds/Ponds_Pix11.jpg'
2016-06-25 12:30:50: Copy Over '/Users/Joe/Desktop/MWWG/Pictures/ponds/Ponds_Pix12.jpg' -> 'ftp://metrowestwatergardens.com/ponds/Ponds_Pix12.jpg'
2016-06-25 12:30:52: Copy Over '/Users/Joe/Desktop/MWWG/Pictures/ponds/Ponds_Pix13.JPG' -> 'ftp://metrowestwatergardens.com/ponds/Ponds_Pix13.JPG'
2016-06-25 12:30:53: Copy Over '/Users/Joe/Desktop/MWWG/Pictures/ponds/Ponds_Pix14.JPG' -> 'ftp://metrowestwatergardens.com/ponds/Ponds_Pix14.JPG'
2016-06-25 12:30:55: Copy Over '/Users/Joe/Desktop/MWWG/Pictures/ponds/Ponds_Pix15.jpg' -> 'ftp://metrowestwatergardens.com/ponds/Ponds_Pix15.jpg'
2016-06-25 12:30:56: Copy Over '/Users/Joe/Desktop/MWWG/Pictures/ponds/Ponds_Pix16.JPG' -> 'ftp://metrowestwatergardens.com/ponds/Ponds_Pix16.JPG'
2016-06-25 12:30:58: Copy Over '/Users/Joe/Desktop/MWWG/Pictures/ponds/Ponds_Pix17.jpg' -> 'ftp://metrowestwatergardens.com/ponds/Ponds_Pix17.jpg'
2016-06-25 12:30:59: Copy Over '/Users/Joe/Desktop/MWWG/Pictures/ponds/Ponds_Pix18.jpg' -> 'ftp://metrowestwatergardens.com/ponds/Ponds_Pix18.jpg'
2016-06-25 12:31:01: Copy Over '/Users/Joe/Desktop/MWWG/Pictures/ponds/Ponds_Pix19.jpg' -> 'ftp://metrowestwatergardens.com/ponds/Ponds_Pix19.jpg'
2016-06-25 12:31:02: Copy Over '/Users/Joe/Desktop/MWWG/Pictures/ponds/Ponds_Pix20.jpg' -> 'ftp://metrowestwatergardens.com/ponds/Ponds_Pix20.jpg'
2016-06-25 12:31:03: Copy Over '/Users/Joe/Desktop/MWWG/Pictures/ponds/Ponds_Pix21.JPG' -> 'ftp://metrowestwatergardens.com/ponds/Ponds_Pix21.JPG'
2016-06-25 12:31:05: Copy Over '/Users/Joe/Desktop/MWWG/Pictures/ponds/Ponds_Pix22.JPG' -> 'ftp://metrowestwatergardens.com/ponds/Ponds_Pix22.JPG'
2016-06-25 12:31:06: Copy Over '/Users/Joe/Desktop/MWWG/Pictures/ponds/Ponds_Pix23.JPG' -> 'ftp://metrowestwatergardens.com/ponds/Ponds_Pix23.JPG'
2016-06-25 12:31:08: Copy Over '/Users/Joe/Desktop/MWWG/Pictures/ponds/Ponds_Pix24.jpg' -> 'ftp://metrowestwatergardens.com/ponds/Ponds_Pix24.jpg'
2016-06-25 12:31:09: Copy Over '/Users/Joe/Desktop/MWWG/Pictures/ponds/Ponds_Pix25.JPG' -> 'ftp://metrowestwatergardens.com/ponds/Ponds_Pix25.JPG'
2016-06-25 12:31:10: Copy Over '/Users/Joe/Desktop/MWWG/Pictures/ponds/Ponds_Pix26.JPG' -> 'ftp://metrowestwatergardens.com/ponds/Ponds_Pix26.JPG'
2016-06-25 12:31:12: Copy Over '/Users/Joe/Desktop/MWWG/Pictures/ponds/Ponds_Pix27.JPG' -> 'ftp://metrowestwatergardens.com/ponds/Ponds_Pix27.JPG'
2016-06-25 12:31:13: Copy Over '/Users/Joe/Desktop/MWWG/Pictures/ponds/Ponds_Pix28.JPG' -> 'ftp://metrowestwatergardens.com/ponds/Ponds_Pix28.JPG'
2016-06-25 12:31:15: Copy Over '/Users/Joe/Desktop/MWWG/Pictures/ponds/Ponds_Pix29.JPG' -> 'ftp://metrowestwatergardens.com/ponds/Ponds_Pix29.JPG'
2016-06-25 12:31:16: Copy Over '/Users/Joe/Desktop/MWWG/Pictures/ponds/Ponds_Pix30.JPG' -> 'ftp://metrowestwatergardens.com/ponds/Ponds_Pix30.JPG'
2016-06-25 12:31:18: Copy Over '/Users/Joe/Desktop/MWWG/Pictures/ponds/Ponds_Pix31.JPG' -> 'ftp://metrowestwatergardens.com/ponds/Ponds_Pix31.JPG'
2016-06-25 12:31:19: Copy Over '/Users/Joe/Desktop/MWWG/Pictures/ponds/Ponds_Pix32.JPG' -> 'ftp://metrowestwatergardens.com/ponds/Ponds_Pix32.JPG'
2016-06-25 12:31:21: Copy Over '/Users/Joe/Desktop/MWWG/Pictures/ponds/Ponds_Pix33.JPG' -> 'ftp://metrowestwatergardens.com/ponds/Ponds_Pix33.JPG'
2016-06-25 12:31:22: Copy Over '/Users/Joe/Desktop/MWWG/Pictures/ponds/Ponds_Pix34.JPG' -> 'ftp://metrowestwatergardens.com/ponds/Ponds_Pix34.JPG'
2016-06-25 12:31:23: Copy Over '/Users/Joe/Desktop/MWWG/Pictures/ponds/Ponds_Pix35.JPG' -> 'ftp://metrowestwatergardens.com/ponds/Ponds_Pix35.JPG'
2016-06-25 12:31:25: Copy Over '/Users/Joe/Desktop/MWWG/Pictures/ponds/Ponds_Pix36.JPG' -> 'ftp://metrowestwatergardens.com/ponds/Ponds_Pix36.JPG'
2016-06-25 12:31:26: Copy Over '/Users/Joe/Desktop/MWWG/Pictures/ponds/Ponds_Pix37.JPG' -> 'ftp://metrowestwatergardens.com/ponds/Ponds_Pix37.JPG'
2016-06-25 12:31:27: Copy Over '/Users/Joe/Desktop/MWWG/Pictures/ponds/Ponds_Pix38.jpg' -> 'ftp://metrowestwatergardens.com/ponds/Ponds_Pix38.jpg'
2016-06-25 12:31:29: Copy Over '/Users/Joe/Desktop/MWWG/Pictures/ponds/Ponds_Pix39.jpg' -> 'ftp://metrowestwatergardens.com/ponds/Ponds_Pix39.jpg'
2016-06-25 12:31:31: Copy Over '/Users/Joe/Desktop/MWWG/Pictures/ponds/Ponds_Pix40.jpg' -> 'ftp://metrowestwatergardens.com/ponds/Ponds_Pix40.jpg'
2016-06-25 12:31:32: Copy Over '/Users/Joe/Desktop/MWWG/Pictures/ponds/Ponds_Pix41.jpg' -> 'ftp://metrowestwatergardens.com/ponds/Ponds_Pix41.jpg'
2016-06-25 12:31:33: Copy Over '/Users/Joe/Desktop/MWWG/Pictures/ponds/Ponds_Pix42.jpg' -> 'ftp://metrowestwatergardens.com/ponds/Ponds_Pix42.jpg'
2016-06-25 12:31:37: Copy Over '/Users/Joe/Desktop/MWWG/Pictures/ponds/Ponds_Pix43.jpg' -> 'ftp://metrowestwatergardens.com/ponds/Ponds_Pix43.jpg'
2016-06-25 12:31:38: Copy Over '/Users/Joe/Desktop/MWWG/Pictures/ponds/Ponds_Pix44.JPG' -> 'ftp://metrowestwatergardens.com/ponds/Ponds_Pix44.JPG'
2016-06-25 12:31:40: Copy Over '/Users/Joe/Desktop/MWWG/Pictures/waterfalls/Waterfalls_Pix01.jpg' -> 'ftp://metrowestwatergardens.com/waterfalls/Waterfalls_Pix01.jpg'
2016-06-25 12:31:41: Copy Over '/Users/Joe/Desktop/MWWG/Pictures/waterfalls/Waterfalls_Pix02.jpg' -> 'ftp://metrowestwatergardens.com/waterfalls/Waterfalls_Pix02.jpg'
2016-06-25 12:31:43: Copy Over '/Users/Joe/Desktop/MWWG/Pictures/waterfalls/Waterfalls_Pix03.JPG' -> 'ftp://metrowestwatergardens.com/waterfalls/Waterfalls_Pix03.JPG'
2016-06-25 12:31:45: Copy Over '/Users/Joe/Desktop/MWWG/Pictures/waterfalls/Waterfalls_Pix04.JPG' -> 'ftp://metrowestwatergardens.com/waterfalls/Waterfalls_Pix04.JPG'
2016-06-25 12:31:46: Copy Over '/Users/Joe/Desktop/MWWG/Pictures/waterfalls/Waterfalls_Pix05.JPG' -> 'ftp://metrowestwatergardens.com/waterfalls/Waterfalls_Pix05.JPG'
2016-06-25 12:31:48: Copy Over '/Users/Joe/Desktop/MWWG/Pictures/waterfalls/Waterfalls_Pix06.JPG' -> 'ftp://metrowestwatergardens.com/waterfalls/Waterfalls_Pix06.JPG'
2016-06-25 12:31:50: Copy Over '/Users/Joe/Desktop/MWWG/Pictures/waterfalls/Waterfalls_Pix07.JPG' -> 'ftp://metrowestwatergardens.com/waterfalls/Waterfalls_Pix07.JPG'
2016-06-25 12:31:51: Copy Over '/Users/Joe/Desktop/MWWG/Pictures/waterfalls/Waterfalls_Pix08.JPG' -> 'ftp://metrowestwatergardens.com/waterfalls/Waterfalls_Pix08.JPG'
2016-06-25 12:31:52: Copy Over '/Users/Joe/Desktop/MWWG/Pictures/waterfalls/Waterfalls_Pix09.JPG' -> 'ftp://metrowestwatergardens.com/waterfalls/Waterfalls_Pix09.JPG'
2016-06-25 12:31:54: Copy Over '/Users/Joe/Desktop/MWWG/Pictures/waterfalls/Waterfalls_Pix10.JPG' -> 'ftp://metrowestwatergardens.com/waterfalls/Waterfalls_Pix10.JPG'
2016-06-25 12:31:55: Copy Over '/Users/Joe/Desktop/MWWG/Pictures/waterfalls/Waterfalls_Pix11.JPG' -> 'ftp://metrowestwatergardens.com/waterfalls/Waterfalls_Pix11.JPG'
2016-06-25 12:31:56: Copy Over '/Users/Joe/Desktop/MWWG/Pictures/waterfalls/Waterfalls_Pix12.jpg' -> 'ftp://metrowestwatergardens.com/waterfalls/Waterfalls_Pix12.jpg'
2016-06-25 12:31:58: Copy Over '/Users/Joe/Desktop/MWWG/Pictures/waterfalls/Waterfalls_Pix13.JPG' -> 'ftp://metrowestwatergardens.com/waterfalls/Waterfalls_Pix13.JPG'
2016-06-25 12:31:59: Copy Over '/Users/Joe/Desktop/MWWG/Pictures/waterfalls/Waterfalls_Pix14.JPG' -> 'ftp://metrowestwatergardens.com/waterfalls/Waterfalls_Pix14.JPG'
2016-06-25 12:32:01: Copy Over '/Users/Joe/Desktop/MWWG/Pictures/waterfalls/Waterfalls_Pix15.JPG' -> 'ftp://metrowestwatergardens.com/waterfalls/Waterfalls_Pix15.JPG'
2016-06-25 12:32:02: Copy Over '/Users/Joe/Desktop/MWWG/Pictures/waterfalls/Waterfalls_Pix16.JPG' -> 'ftp://metrowestwatergardens.com/waterfalls/Waterfalls_Pix16.JPG'
2016-06-25 12:32:04: Copy Over '/Users/Joe/Desktop/MWWG/Pictures/waterfalls/Waterfalls_Pix17.JPG' -> 'ftp://metrowestwatergardens.com/waterfalls/Waterfalls_Pix17.JPG'
2016-06-25 12:32:05: Copy Over '/Users/Joe/Desktop/MWWG/Pictures/waterfalls/Waterfalls_Pix18.JPG' -> 'ftp://metrowestwatergardens.com/waterfalls/Waterfalls_Pix18.JPG'
2016-06-25 12:32:06: Copy Over '/Users/Joe/Desktop/MWWG/Pictures/waterfalls/Waterfalls_Pix19.jpg' -> 'ftp://metrowestwatergardens.com/waterfalls/Waterfalls_Pix19.jpg'
2016-06-25 12:32:08: Copy Over '/Users/Joe/Desktop/MWWG/Pictures/waterfalls/Waterfalls_Pix20.JPG' -> 'ftp://metrowestwatergardens.com/waterfalls/Waterfalls_Pix20.JPG'
2016-06-25 12:32:09: Copy Over '/Users/Joe/Desktop/MWWG/Pictures/waterfalls/Waterfalls_Pix21.JPG' -> 'ftp://metrowestwatergardens.com/waterfalls/Waterfalls_Pix21.JPG'
2016-06-25 12:32:11: Copy Over '/Users/Joe/Desktop/MWWG/Pictures/waterfalls/Waterfalls_Pix22.JPG' -> 'ftp://metrowestwatergardens.com/waterfalls/Waterfalls_Pix22.JPG'
2016-06-25 12:32:12: Copy Over '/Users/Joe/Desktop/MWWG/Pictures/waterfalls/Waterfalls_Pix23.JPG' -> 'ftp://metrowestwatergardens.com/waterfalls/Waterfalls_Pix23.JPG'
2016-06-25 12:32:13: Copy Over '/Users/Joe/Desktop/MWWG/Pictures/waterfalls/Waterfalls_Pix24.JPG' -> 'ftp://metrowestwatergardens.com/waterfalls/Waterfalls_Pix24.JPG'
2016-06-25 12:32:15: Copy Over '/Users/Joe/Desktop/MWWG/Pictures/waterfalls/Waterfalls_Pix25.JPG' -> 'ftp://metrowestwatergardens.com/waterfalls/Waterfalls_Pix25.JPG'
2016-06-25 12:32:16: Copy Over '/Users/Joe/Desktop/MWWG/Pictures/waterfalls/Waterfalls_Pix26.jpg' -> 'ftp://metrowestwatergardens.com/waterfalls/Waterfalls_Pix26.jpg'
2016-06-25 12:32:17: Copy Over '/Users/Joe/Desktop/MWWG/Pictures/waterfalls/Waterfalls_Pix27.JPG' -> 'ftp://metrowestwatergardens.com/waterfalls/Waterfalls_Pix27.JPG'
2016-06-25 12:32:19: Copy Over '/Users/Joe/Desktop/MWWG/Pictures/waterfalls/Waterfalls_Pix28.JPG' -> 'ftp://metrowestwatergardens.com/waterfalls/Waterfalls_Pix28.JPG'
2016-06-25 12:32:20: Copy Over '/Users/Joe/Desktop/MWWG/Pictures/waterfalls/Waterfalls_Pix29.JPG' -> 'ftp://metrowestwatergardens.com/waterfalls/Waterfalls_Pix29.JPG'
2016-06-25 12:32:22: Copy Over '/Users/Joe/Desktop/MWWG/Pictures/waterfalls/Waterfalls_Pix30.JPG' -> 'ftp://metrowestwatergardens.com/waterfalls/Waterfalls_Pix30.JPG'
2016-06-25 12:32:23: Copy Over '/Users/Joe/Desktop/MWWG/Pictures/waterfalls/Waterfalls_Pix31.JPG' -> 'ftp://metrowestwatergardens.com/waterfalls/Waterfalls_Pix31.JPG'
2016-06-25 12:32:25: Copy Over '/Users/Joe/Desktop/MWWG/Pictures/waterfalls/Waterfalls_Pix32.JPG' -> 'ftp://metrowestwatergardens.com/waterfalls/Waterfalls_Pix32.JPG'
2016-06-25 12:32:26: Copy Over '/Users/Joe/Desktop/MWWG/Pictures/waterfalls/Waterfalls_Pix33.JPG' -> 'ftp://metrowestwatergardens.com/waterfalls/Waterfalls_Pix33.JPG'
2016-06-25 12:32:28: Copy Over '/Users/Joe/Desktop/MWWG/Pictures/waterfalls/Waterfalls_Pix34.JPG' -> 'ftp://metrowestwatergardens.com/waterfalls/Waterfalls_Pix34.JPG'
2016-06-25 12:32:29: Copy Over '/Users/Joe/Desktop/MWWG/Pictures/waterfalls/Waterfalls_Pix35.jpg' -> 'ftp://metrowestwatergardens.com/waterfalls/Waterfalls_Pix35.jpg'
2016-06-25 12:32:31: Copy Over '/Users/Joe/Desktop/MWWG/Pictures/waterfalls/Waterfalls_Pix36.JPG' -> 'ftp://metrowestwatergardens.com/waterfalls/Waterfalls_Pix36.JPG'
2016-06-25 12:32:32: Copy Over '/Users/Joe/Desktop/MWWG/Pictures/waterfalls/Waterfalls_Pix37.JPG' -> 'ftp://metrowestwatergardens.com/waterfalls/Waterfalls_Pix37.JPG'
2016-06-25 12:32:34: Copy Over '/Users/Joe/Desktop/MWWG/Pictures/waterfalls/Waterfalls_Pix38.JPG' -> 'ftp://metrowestwatergardens.com/waterfalls/Waterfalls_Pix38.JPG'
2016-06-25 12:32:35: Copy Over '/Users/Joe/Desktop/MWWG/Pictures/waterfalls/Waterfalls_Pix39.jpg' -> 'ftp://metrowestwatergardens.com/waterfalls/Waterfalls_Pix39.jpg'
2016-06-25 12:32:37: Copy Over '/Users/Joe/Desktop/MWWG/Pictures/waterfalls/Waterfalls_Pix40.jpg' -> 'ftp://metrowestwatergardens.com/waterfalls/Waterfalls_Pix40.jpg'
2016-06-25 12:32:38: Copy Over '/Users/Joe/Desktop/MWWG/Pictures/waterfalls/Waterfalls_Pix41.jpg' -> 'ftp://metrowestwatergardens.com/waterfalls/Waterfalls_Pix41.jpg'
2016-06-25 12:32:40: Copy Over '/Users/Joe/Desktop/MWWG/Pictures/waterfalls/Waterfalls_Pix42.jpg' -> 'ftp://metrowestwatergardens.com/waterfalls/Waterfalls_Pix42.jpg'
2016-06-25 12:32:41: Copy Over '/Users/Joe/Desktop/MWWG/Pictures/waterfalls/Waterfalls_Pix43.jpg' -> 'ftp://metrowestwatergardens.com/waterfalls/Waterfalls_Pix43.jpg'
2016-06-25 12:32:43: Copy Over '/Users/Joe/Desktop/MWWG/Pictures/waterfalls/Waterfalls_Pix44.jpg' -> 'ftp://metrowestwatergardens.com/waterfalls/Waterfalls_Pix44.jpg'
2016-06-25 12:32:45: Copy Over '/Users/Joe/Desktop/MWWG/Pictures/waterfalls/Waterfalls_Pix45.jpg' -> 'ftp://metrowestwatergardens.com/waterfalls/Waterfalls_Pix45.jpg'
2016-06-25 12:32:46: Copy Over '/Users/Joe/Desktop/MWWG/Pictures/waterfalls/Waterfalls_Pix46.jpg' -> 'ftp://metrowestwatergardens.com/waterfalls/Waterfalls_Pix46.jpg'
2016-06-25 12:32:48: Copy Over '/Users/Joe/Desktop/MWWG/Pictures/waterfalls/Waterfalls_Pix47.jpg' -> 'ftp://metrowestwatergardens.com/waterfalls/Waterfalls_Pix47.jpg'
2016-06-25 12:32:49: Copy Over '/Users/Joe/Desktop/MWWG/Pictures/waterfalls/Waterfalls_Pix48.jpg' -> 'ftp://metrowestwatergardens.com/waterfalls/Waterfalls_Pix48.jpg'
2016-06-25 12:32:51: Copy Over '/Users/Joe/Desktop/MWWG/Pictures/waterfalls/Waterfalls_Pix49.jpg' -> 'ftp://metrowestwatergardens.com/waterfalls/Waterfalls_Pix49.jpg'
2016-06-25 12:32:52: == Sync Complete. Time: 00:03:34, Speed: 102.0 KB/s, OK: 153, Errors: 0
2016-06-25 12:32:52: 
