2016-06-25 13:45:28: -- Analysis Started by User
2016-06-25 13:45:31: Changes: 125, Conflicts: 0, CopyTime: 0, CopyState: 0/0, Errors: 0, All: 306
2016-06-25 13:45:31: Left to Right: Copy File: 125 
2016-06-25 13:45:31: -- Analysis Complete. Time 00:00:04, Speed: 73 files/s
2016-06-25 13:45:31: 
2016-06-25 13:45:48: == Sync Started by User
2016-06-25 13:45:48: Create Folder 'ftp://metrowestwatergardens.com/before and after/thumb'
2016-06-25 13:45:48: Create Folder 'ftp://metrowestwatergardens.com/plants/thumb'
2016-06-25 13:45:49: Create Folder 'ftp://metrowestwatergardens.com/ponds/thumb'
2016-06-25 13:45:49: Create Folder 'ftp://metrowestwatergardens.com/waterfalls/thumb'
2016-06-25 13:45:49: Copy New '/Users/Joe/Desktop/MWWG/Pictures/before and after/thumb/thumb_After_10.jpg' -> 'ftp://metrowestwatergardens.com/before and after/thumb/thumb_After_10.jpg'
2016-06-25 13:45:50: Copy New '/Users/Joe/Desktop/MWWG/Pictures/before and after/thumb/thumb_After_11.jpg' -> 'ftp://metrowestwatergardens.com/before and after/thumb/thumb_After_11.jpg'
2016-06-25 13:45:51: Copy New '/Users/Joe/Desktop/MWWG/Pictures/before and after/thumb/thumb_After_12.jpg' -> 'ftp://metrowestwatergardens.com/before and after/thumb/thumb_After_12.jpg'
2016-06-25 13:45:52: Copy New '/Users/Joe/Desktop/MWWG/Pictures/before and after/thumb/thumb_After_13.jpg' -> 'ftp://metrowestwatergardens.com/before and after/thumb/thumb_After_13.jpg'
2016-06-25 13:45:53: Copy New '/Users/Joe/Desktop/MWWG/Pictures/before and after/thumb/thumb_After_5.jpg' -> 'ftp://metrowestwatergardens.com/before and after/thumb/thumb_After_5.jpg'
2016-06-25 13:45:53: Copy New '/Users/Joe/Desktop/MWWG/Pictures/before and after/thumb/thumb_After_8.jpg' -> 'ftp://metrowestwatergardens.com/before and after/thumb/thumb_After_8.jpg'
2016-06-25 13:45:54: Copy New '/Users/Joe/Desktop/MWWG/Pictures/before and after/thumb/thumb_After_9.jpg' -> 'ftp://metrowestwatergardens.com/before and after/thumb/thumb_After_9.jpg'
2016-06-25 13:45:55: Copy New '/Users/Joe/Desktop/MWWG/Pictures/before and after/thumb/thumb_Before_10.jpg' -> 'ftp://metrowestwatergardens.com/before and after/thumb/thumb_Before_10.jpg'
2016-06-25 13:45:56: Copy New '/Users/Joe/Desktop/MWWG/Pictures/before and after/thumb/thumb_Before_11.jpg' -> 'ftp://metrowestwatergardens.com/before and after/thumb/thumb_Before_11.jpg'
2016-06-25 13:45:57: Copy New '/Users/Joe/Desktop/MWWG/Pictures/before and after/thumb/thumb_Before_12.jpg' -> 'ftp://metrowestwatergardens.com/before and after/thumb/thumb_Before_12.jpg'
2016-06-25 13:45:57: Copy New '/Users/Joe/Desktop/MWWG/Pictures/before and after/thumb/thumb_Before_13.jpg' -> 'ftp://metrowestwatergardens.com/before and after/thumb/thumb_Before_13.jpg'
2016-06-25 13:45:58: Copy New '/Users/Joe/Desktop/MWWG/Pictures/before and after/thumb/thumb_Before_5.jpg' -> 'ftp://metrowestwatergardens.com/before and after/thumb/thumb_Before_5.jpg'
2016-06-25 13:45:59: Copy New '/Users/Joe/Desktop/MWWG/Pictures/before and after/thumb/thumb_Before_8.jpg' -> 'ftp://metrowestwatergardens.com/before and after/thumb/thumb_Before_8.jpg'
2016-06-25 13:46:00: Copy New '/Users/Joe/Desktop/MWWG/Pictures/before and after/thumb/thumb_Before_9.jpg' -> 'ftp://metrowestwatergardens.com/before and after/thumb/thumb_Before_9.jpg'
2016-06-25 13:46:01: Copy New '/Users/Joe/Desktop/MWWG/Pictures/before and after/thumb/thumb_IMG_0393.jpg' -> 'ftp://metrowestwatergardens.com/before and after/thumb/thumb_IMG_0393.jpg'
2016-06-25 13:46:02: Copy New '/Users/Joe/Desktop/MWWG/Pictures/before and after/thumb/thumb_IMG_0394.jpg' -> 'ftp://metrowestwatergardens.com/before and after/thumb/thumb_IMG_0394.jpg'
2016-06-25 13:46:02: Copy New '/Users/Joe/Desktop/MWWG/Pictures/plants/thumb/thumb_Plants_Pix01.jpg' -> 'ftp://metrowestwatergardens.com/plants/thumb/thumb_Plants_Pix01.jpg'
2016-06-25 13:46:03: Copy New '/Users/Joe/Desktop/MWWG/Pictures/plants/thumb/thumb_Plants_Pix02.jpg' -> 'ftp://metrowestwatergardens.com/plants/thumb/thumb_Plants_Pix02.jpg'
2016-06-25 13:46:04: Copy New '/Users/Joe/Desktop/MWWG/Pictures/plants/thumb/thumb_Plants_Pix03.jpg' -> 'ftp://metrowestwatergardens.com/plants/thumb/thumb_Plants_Pix03.jpg'
2016-06-25 13:46:05: Copy New '/Users/Joe/Desktop/MWWG/Pictures/plants/thumb/thumb_Plants_Pix04.jpg' -> 'ftp://metrowestwatergardens.com/plants/thumb/thumb_Plants_Pix04.jpg'
2016-06-25 13:46:06: Copy New '/Users/Joe/Desktop/MWWG/Pictures/plants/thumb/thumb_Plants_Pix05.jpg' -> 'ftp://metrowestwatergardens.com/plants/thumb/thumb_Plants_Pix05.jpg'
2016-06-25 13:46:07: Copy New '/Users/Joe/Desktop/MWWG/Pictures/plants/thumb/thumb_Plants_Pix06.jpg' -> 'ftp://metrowestwatergardens.com/plants/thumb/thumb_Plants_Pix06.jpg'
2016-06-25 13:46:07: Copy New '/Users/Joe/Desktop/MWWG/Pictures/plants/thumb/thumb_Plants_Pix07.jpg' -> 'ftp://metrowestwatergardens.com/plants/thumb/thumb_Plants_Pix07.jpg'
2016-06-25 13:46:08: Copy New '/Users/Joe/Desktop/MWWG/Pictures/plants/thumb/thumb_Plants_Pix08.jpg' -> 'ftp://metrowestwatergardens.com/plants/thumb/thumb_Plants_Pix08.jpg'
2016-06-25 13:46:09: Copy New '/Users/Joe/Desktop/MWWG/Pictures/plants/thumb/thumb_Plants_Pix09.jpg' -> 'ftp://metrowestwatergardens.com/plants/thumb/thumb_Plants_Pix09.jpg'
2016-06-25 13:46:10: Copy New '/Users/Joe/Desktop/MWWG/Pictures/plants/thumb/thumb_Plants_Pix10.jpg' -> 'ftp://metrowestwatergardens.com/plants/thumb/thumb_Plants_Pix10.jpg'
2016-06-25 13:46:10: Copy New '/Users/Joe/Desktop/MWWG/Pictures/plants/thumb/thumb_Plants_Pix11.jpg' -> 'ftp://metrowestwatergardens.com/plants/thumb/thumb_Plants_Pix11.jpg'
2016-06-25 13:46:11: Copy New '/Users/Joe/Desktop/MWWG/Pictures/plants/thumb/thumb_Plants_Pix12.jpg' -> 'ftp://metrowestwatergardens.com/plants/thumb/thumb_Plants_Pix12.jpg'
2016-06-25 13:46:12: Copy New '/Users/Joe/Desktop/MWWG/Pictures/ponds/thumb/thumb_Ponds_Pix01.jpg' -> 'ftp://metrowestwatergardens.com/ponds/thumb/thumb_Ponds_Pix01.jpg'
2016-06-25 13:46:13: Copy New '/Users/Joe/Desktop/MWWG/Pictures/ponds/thumb/thumb_Ponds_Pix02.jpg' -> 'ftp://metrowestwatergardens.com/ponds/thumb/thumb_Ponds_Pix02.jpg'
2016-06-25 13:46:14: Copy New '/Users/Joe/Desktop/MWWG/Pictures/ponds/thumb/thumb_Ponds_Pix03.jpg' -> 'ftp://metrowestwatergardens.com/ponds/thumb/thumb_Ponds_Pix03.jpg'
2016-06-25 13:46:15: Copy New '/Users/Joe/Desktop/MWWG/Pictures/ponds/thumb/thumb_Ponds_Pix04.jpg' -> 'ftp://metrowestwatergardens.com/ponds/thumb/thumb_Ponds_Pix04.jpg'
2016-06-25 13:46:15: Copy New '/Users/Joe/Desktop/MWWG/Pictures/ponds/thumb/thumb_Ponds_Pix05.jpg' -> 'ftp://metrowestwatergardens.com/ponds/thumb/thumb_Ponds_Pix05.jpg'
2016-06-25 13:46:16: Copy New '/Users/Joe/Desktop/MWWG/Pictures/ponds/thumb/thumb_Ponds_Pix06.jpg' -> 'ftp://metrowestwatergardens.com/ponds/thumb/thumb_Ponds_Pix06.jpg'
2016-06-25 13:46:17: Copy New '/Users/Joe/Desktop/MWWG/Pictures/ponds/thumb/thumb_Ponds_Pix07.jpg' -> 'ftp://metrowestwatergardens.com/ponds/thumb/thumb_Ponds_Pix07.jpg'
2016-06-25 13:46:18: Copy New '/Users/Joe/Desktop/MWWG/Pictures/ponds/thumb/thumb_Ponds_Pix08.jpg' -> 'ftp://metrowestwatergardens.com/ponds/thumb/thumb_Ponds_Pix08.jpg'
2016-06-25 13:46:19: Copy New '/Users/Joe/Desktop/MWWG/Pictures/ponds/thumb/thumb_Ponds_Pix09.jpg' -> 'ftp://metrowestwatergardens.com/ponds/thumb/thumb_Ponds_Pix09.jpg'
2016-06-25 13:46:20: Copy New '/Users/Joe/Desktop/MWWG/Pictures/ponds/thumb/thumb_Ponds_Pix10.jpg' -> 'ftp://metrowestwatergardens.com/ponds/thumb/thumb_Ponds_Pix10.jpg'
2016-06-25 13:46:20: Copy New '/Users/Joe/Desktop/MWWG/Pictures/ponds/thumb/thumb_Ponds_Pix11.jpg' -> 'ftp://metrowestwatergardens.com/ponds/thumb/thumb_Ponds_Pix11.jpg'
2016-06-25 13:46:21: Copy New '/Users/Joe/Desktop/MWWG/Pictures/ponds/thumb/thumb_Ponds_Pix12.jpg' -> 'ftp://metrowestwatergardens.com/ponds/thumb/thumb_Ponds_Pix12.jpg'
2016-06-25 13:46:22: Copy New '/Users/Joe/Desktop/MWWG/Pictures/ponds/thumb/thumb_Ponds_Pix13.jpg' -> 'ftp://metrowestwatergardens.com/ponds/thumb/thumb_Ponds_Pix13.jpg'
2016-06-25 13:46:23: Copy New '/Users/Joe/Desktop/MWWG/Pictures/ponds/thumb/thumb_Ponds_Pix14.jpg' -> 'ftp://metrowestwatergardens.com/ponds/thumb/thumb_Ponds_Pix14.jpg'
2016-06-25 13:46:24: Copy New '/Users/Joe/Desktop/MWWG/Pictures/ponds/thumb/thumb_Ponds_Pix15.jpg' -> 'ftp://metrowestwatergardens.com/ponds/thumb/thumb_Ponds_Pix15.jpg'
2016-06-25 13:46:25: Copy New '/Users/Joe/Desktop/MWWG/Pictures/ponds/thumb/thumb_Ponds_Pix16.jpg' -> 'ftp://metrowestwatergardens.com/ponds/thumb/thumb_Ponds_Pix16.jpg'
2016-06-25 13:46:25: Copy New '/Users/Joe/Desktop/MWWG/Pictures/ponds/thumb/thumb_Ponds_Pix17.jpg' -> 'ftp://metrowestwatergardens.com/ponds/thumb/thumb_Ponds_Pix17.jpg'
2016-06-25 13:46:26: Copy New '/Users/Joe/Desktop/MWWG/Pictures/ponds/thumb/thumb_Ponds_Pix18.jpg' -> 'ftp://metrowestwatergardens.com/ponds/thumb/thumb_Ponds_Pix18.jpg'
2016-06-25 13:46:27: Copy New '/Users/Joe/Desktop/MWWG/Pictures/ponds/thumb/thumb_Ponds_Pix19.jpg' -> 'ftp://metrowestwatergardens.com/ponds/thumb/thumb_Ponds_Pix19.jpg'
2016-06-25 13:46:28: Copy New '/Users/Joe/Desktop/MWWG/Pictures/ponds/thumb/thumb_Ponds_Pix20.jpg' -> 'ftp://metrowestwatergardens.com/ponds/thumb/thumb_Ponds_Pix20.jpg'
2016-06-25 13:46:29: Copy New '/Users/Joe/Desktop/MWWG/Pictures/ponds/thumb/thumb_Ponds_Pix21.jpg' -> 'ftp://metrowestwatergardens.com/ponds/thumb/thumb_Ponds_Pix21.jpg'
2016-06-25 13:46:29: Copy New '/Users/Joe/Desktop/MWWG/Pictures/ponds/thumb/thumb_Ponds_Pix22.jpg' -> 'ftp://metrowestwatergardens.com/ponds/thumb/thumb_Ponds_Pix22.jpg'
2016-06-25 13:46:30: Copy New '/Users/Joe/Desktop/MWWG/Pictures/ponds/thumb/thumb_Ponds_Pix23.jpg' -> 'ftp://metrowestwatergardens.com/ponds/thumb/thumb_Ponds_Pix23.jpg'
2016-06-25 13:46:31: Copy New '/Users/Joe/Desktop/MWWG/Pictures/ponds/thumb/thumb_Ponds_Pix24.jpg' -> 'ftp://metrowestwatergardens.com/ponds/thumb/thumb_Ponds_Pix24.jpg'
2016-06-25 13:46:32: Copy New '/Users/Joe/Desktop/MWWG/Pictures/ponds/thumb/thumb_Ponds_Pix25.jpg' -> 'ftp://metrowestwatergardens.com/ponds/thumb/thumb_Ponds_Pix25.jpg'
2016-06-25 13:46:33: Copy New '/Users/Joe/Desktop/MWWG/Pictures/ponds/thumb/thumb_Ponds_Pix26.jpg' -> 'ftp://metrowestwatergardens.com/ponds/thumb/thumb_Ponds_Pix26.jpg'
2016-06-25 13:46:33: Copy New '/Users/Joe/Desktop/MWWG/Pictures/ponds/thumb/thumb_Ponds_Pix27.jpg' -> 'ftp://metrowestwatergardens.com/ponds/thumb/thumb_Ponds_Pix27.jpg'
2016-06-25 13:46:34: Copy New '/Users/Joe/Desktop/MWWG/Pictures/ponds/thumb/thumb_Ponds_Pix28.jpg' -> 'ftp://metrowestwatergardens.com/ponds/thumb/thumb_Ponds_Pix28.jpg'
2016-06-25 13:46:35: Copy New '/Users/Joe/Desktop/MWWG/Pictures/ponds/thumb/thumb_Ponds_Pix29.jpg' -> 'ftp://metrowestwatergardens.com/ponds/thumb/thumb_Ponds_Pix29.jpg'
2016-06-25 13:46:36: Copy New '/Users/Joe/Desktop/MWWG/Pictures/ponds/thumb/thumb_Ponds_Pix30.jpg' -> 'ftp://metrowestwatergardens.com/ponds/thumb/thumb_Ponds_Pix30.jpg'
2016-06-25 13:46:36: Copy New '/Users/Joe/Desktop/MWWG/Pictures/ponds/thumb/thumb_Ponds_Pix31.jpg' -> 'ftp://metrowestwatergardens.com/ponds/thumb/thumb_Ponds_Pix31.jpg'
2016-06-25 13:46:37: Copy New '/Users/Joe/Desktop/MWWG/Pictures/ponds/thumb/thumb_Ponds_Pix32.jpg' -> 'ftp://metrowestwatergardens.com/ponds/thumb/thumb_Ponds_Pix32.jpg'
2016-06-25 13:46:38: Copy New '/Users/Joe/Desktop/MWWG/Pictures/ponds/thumb/thumb_Ponds_Pix33.jpg' -> 'ftp://metrowestwatergardens.com/ponds/thumb/thumb_Ponds_Pix33.jpg'
2016-06-25 13:46:39: Copy New '/Users/Joe/Desktop/MWWG/Pictures/ponds/thumb/thumb_Ponds_Pix34.jpg' -> 'ftp://metrowestwatergardens.com/ponds/thumb/thumb_Ponds_Pix34.jpg'
2016-06-25 13:46:40: Copy New '/Users/Joe/Desktop/MWWG/Pictures/ponds/thumb/thumb_Ponds_Pix35.jpg' -> 'ftp://metrowestwatergardens.com/ponds/thumb/thumb_Ponds_Pix35.jpg'
2016-06-25 13:46:40: Copy New '/Users/Joe/Desktop/MWWG/Pictures/ponds/thumb/thumb_Ponds_Pix36.jpg' -> 'ftp://metrowestwatergardens.com/ponds/thumb/thumb_Ponds_Pix36.jpg'
2016-06-25 13:46:41: Copy New '/Users/Joe/Desktop/MWWG/Pictures/ponds/thumb/thumb_Ponds_Pix37.jpg' -> 'ftp://metrowestwatergardens.com/ponds/thumb/thumb_Ponds_Pix37.jpg'
2016-06-25 13:46:42: Copy New '/Users/Joe/Desktop/MWWG/Pictures/ponds/thumb/thumb_Ponds_Pix38.jpg' -> 'ftp://metrowestwatergardens.com/ponds/thumb/thumb_Ponds_Pix38.jpg'
2016-06-25 13:46:43: Copy New '/Users/Joe/Desktop/MWWG/Pictures/ponds/thumb/thumb_Ponds_Pix39.jpg' -> 'ftp://metrowestwatergardens.com/ponds/thumb/thumb_Ponds_Pix39.jpg'
2016-06-25 13:46:44: Copy New '/Users/Joe/Desktop/MWWG/Pictures/ponds/thumb/thumb_Ponds_Pix40.jpg' -> 'ftp://metrowestwatergardens.com/ponds/thumb/thumb_Ponds_Pix40.jpg'
2016-06-25 13:46:44: Copy New '/Users/Joe/Desktop/MWWG/Pictures/ponds/thumb/thumb_Ponds_Pix41.jpg' -> 'ftp://metrowestwatergardens.com/ponds/thumb/thumb_Ponds_Pix41.jpg'
2016-06-25 13:46:45: Copy New '/Users/Joe/Desktop/MWWG/Pictures/ponds/thumb/thumb_Ponds_Pix42.jpg' -> 'ftp://metrowestwatergardens.com/ponds/thumb/thumb_Ponds_Pix42.jpg'
2016-06-25 13:46:46: Copy New '/Users/Joe/Desktop/MWWG/Pictures/ponds/thumb/thumb_Ponds_Pix43.jpg' -> 'ftp://metrowestwatergardens.com/ponds/thumb/thumb_Ponds_Pix43.jpg'
2016-06-25 13:46:47: Copy New '/Users/Joe/Desktop/MWWG/Pictures/ponds/thumb/thumb_Ponds_Pix44.jpg' -> 'ftp://metrowestwatergardens.com/ponds/thumb/thumb_Ponds_Pix44.jpg'
2016-06-25 13:46:48: Copy New '/Users/Joe/Desktop/MWWG/Pictures/waterfalls/thumb/thumb_Waterfalls_Pix01.jpg' -> 'ftp://metrowestwatergardens.com/waterfalls/thumb/thumb_Waterfalls_Pix01.jpg'
2016-06-25 13:46:49: Copy New '/Users/Joe/Desktop/MWWG/Pictures/waterfalls/thumb/thumb_Waterfalls_Pix02.jpg' -> 'ftp://metrowestwatergardens.com/waterfalls/thumb/thumb_Waterfalls_Pix02.jpg'
2016-06-25 13:46:49: Copy New '/Users/Joe/Desktop/MWWG/Pictures/waterfalls/thumb/thumb_Waterfalls_Pix03.jpg' -> 'ftp://metrowestwatergardens.com/waterfalls/thumb/thumb_Waterfalls_Pix03.jpg'
2016-06-25 13:46:50: Copy New '/Users/Joe/Desktop/MWWG/Pictures/waterfalls/thumb/thumb_Waterfalls_Pix04.jpg' -> 'ftp://metrowestwatergardens.com/waterfalls/thumb/thumb_Waterfalls_Pix04.jpg'
2016-06-25 13:46:51: Copy New '/Users/Joe/Desktop/MWWG/Pictures/waterfalls/thumb/thumb_Waterfalls_Pix05.jpg' -> 'ftp://metrowestwatergardens.com/waterfalls/thumb/thumb_Waterfalls_Pix05.jpg'
2016-06-25 13:46:52: Copy New '/Users/Joe/Desktop/MWWG/Pictures/waterfalls/thumb/thumb_Waterfalls_Pix06.jpg' -> 'ftp://metrowestwatergardens.com/waterfalls/thumb/thumb_Waterfalls_Pix06.jpg'
2016-06-25 13:46:53: Copy New '/Users/Joe/Desktop/MWWG/Pictures/waterfalls/thumb/thumb_Waterfalls_Pix07.jpg' -> 'ftp://metrowestwatergardens.com/waterfalls/thumb/thumb_Waterfalls_Pix07.jpg'
2016-06-25 13:46:53: Copy New '/Users/Joe/Desktop/MWWG/Pictures/waterfalls/thumb/thumb_Waterfalls_Pix08.jpg' -> 'ftp://metrowestwatergardens.com/waterfalls/thumb/thumb_Waterfalls_Pix08.jpg'
2016-06-25 13:46:54: Copy New '/Users/Joe/Desktop/MWWG/Pictures/waterfalls/thumb/thumb_Waterfalls_Pix09.jpg' -> 'ftp://metrowestwatergardens.com/waterfalls/thumb/thumb_Waterfalls_Pix09.jpg'
2016-06-25 13:46:55: Copy New '/Users/Joe/Desktop/MWWG/Pictures/waterfalls/thumb/thumb_Waterfalls_Pix10.jpg' -> 'ftp://metrowestwatergardens.com/waterfalls/thumb/thumb_Waterfalls_Pix10.jpg'
2016-06-25 13:46:56: Copy New '/Users/Joe/Desktop/MWWG/Pictures/waterfalls/thumb/thumb_Waterfalls_Pix11.jpg' -> 'ftp://metrowestwatergardens.com/waterfalls/thumb/thumb_Waterfalls_Pix11.jpg'
2016-06-25 13:46:57: Copy New '/Users/Joe/Desktop/MWWG/Pictures/waterfalls/thumb/thumb_Waterfalls_Pix12.jpg' -> 'ftp://metrowestwatergardens.com/waterfalls/thumb/thumb_Waterfalls_Pix12.jpg'
2016-06-25 13:46:57: Copy New '/Users/Joe/Desktop/MWWG/Pictures/waterfalls/thumb/thumb_Waterfalls_Pix13.jpg' -> 'ftp://metrowestwatergardens.com/waterfalls/thumb/thumb_Waterfalls_Pix13.jpg'
2016-06-25 13:46:58: Copy New '/Users/Joe/Desktop/MWWG/Pictures/waterfalls/thumb/thumb_Waterfalls_Pix14.jpg' -> 'ftp://metrowestwatergardens.com/waterfalls/thumb/thumb_Waterfalls_Pix14.jpg'
2016-06-25 13:46:59: Copy New '/Users/Joe/Desktop/MWWG/Pictures/waterfalls/thumb/thumb_Waterfalls_Pix15.jpg' -> 'ftp://metrowestwatergardens.com/waterfalls/thumb/thumb_Waterfalls_Pix15.jpg'
2016-06-25 13:47:00: Copy New '/Users/Joe/Desktop/MWWG/Pictures/waterfalls/thumb/thumb_Waterfalls_Pix16.jpg' -> 'ftp://metrowestwatergardens.com/waterfalls/thumb/thumb_Waterfalls_Pix16.jpg'
2016-06-25 13:47:01: Copy New '/Users/Joe/Desktop/MWWG/Pictures/waterfalls/thumb/thumb_Waterfalls_Pix17.jpg' -> 'ftp://metrowestwatergardens.com/waterfalls/thumb/thumb_Waterfalls_Pix17.jpg'
2016-06-25 13:47:01: Copy New '/Users/Joe/Desktop/MWWG/Pictures/waterfalls/thumb/thumb_Waterfalls_Pix18.jpg' -> 'ftp://metrowestwatergardens.com/waterfalls/thumb/thumb_Waterfalls_Pix18.jpg'
2016-06-25 13:47:02: Copy New '/Users/Joe/Desktop/MWWG/Pictures/waterfalls/thumb/thumb_Waterfalls_Pix19.jpg' -> 'ftp://metrowestwatergardens.com/waterfalls/thumb/thumb_Waterfalls_Pix19.jpg'
2016-06-25 13:47:03: Copy New '/Users/Joe/Desktop/MWWG/Pictures/waterfalls/thumb/thumb_Waterfalls_Pix20.jpg' -> 'ftp://metrowestwatergardens.com/waterfalls/thumb/thumb_Waterfalls_Pix20.jpg'
2016-06-25 13:47:04: Copy New '/Users/Joe/Desktop/MWWG/Pictures/waterfalls/thumb/thumb_Waterfalls_Pix21.jpg' -> 'ftp://metrowestwatergardens.com/waterfalls/thumb/thumb_Waterfalls_Pix21.jpg'
2016-06-25 13:47:05: Copy New '/Users/Joe/Desktop/MWWG/Pictures/waterfalls/thumb/thumb_Waterfalls_Pix22.jpg' -> 'ftp://metrowestwatergardens.com/waterfalls/thumb/thumb_Waterfalls_Pix22.jpg'
2016-06-25 13:47:05: Copy New '/Users/Joe/Desktop/MWWG/Pictures/waterfalls/thumb/thumb_Waterfalls_Pix23.jpg' -> 'ftp://metrowestwatergardens.com/waterfalls/thumb/thumb_Waterfalls_Pix23.jpg'
2016-06-25 13:47:06: Copy New '/Users/Joe/Desktop/MWWG/Pictures/waterfalls/thumb/thumb_Waterfalls_Pix24.jpg' -> 'ftp://metrowestwatergardens.com/waterfalls/thumb/thumb_Waterfalls_Pix24.jpg'
2016-06-25 13:47:07: Copy New '/Users/Joe/Desktop/MWWG/Pictures/waterfalls/thumb/thumb_Waterfalls_Pix25.jpg' -> 'ftp://metrowestwatergardens.com/waterfalls/thumb/thumb_Waterfalls_Pix25.jpg'
2016-06-25 13:47:08: Copy New '/Users/Joe/Desktop/MWWG/Pictures/waterfalls/thumb/thumb_Waterfalls_Pix26.jpg' -> 'ftp://metrowestwatergardens.com/waterfalls/thumb/thumb_Waterfalls_Pix26.jpg'
2016-06-25 13:47:09: Copy New '/Users/Joe/Desktop/MWWG/Pictures/waterfalls/thumb/thumb_Waterfalls_Pix27.jpg' -> 'ftp://metrowestwatergardens.com/waterfalls/thumb/thumb_Waterfalls_Pix27.jpg'
2016-06-25 13:47:10: Copy New '/Users/Joe/Desktop/MWWG/Pictures/waterfalls/thumb/thumb_Waterfalls_Pix28.jpg' -> 'ftp://metrowestwatergardens.com/waterfalls/thumb/thumb_Waterfalls_Pix28.jpg'
2016-06-25 13:47:10: Copy New '/Users/Joe/Desktop/MWWG/Pictures/waterfalls/thumb/thumb_Waterfalls_Pix29.jpg' -> 'ftp://metrowestwatergardens.com/waterfalls/thumb/thumb_Waterfalls_Pix29.jpg'
2016-06-25 13:47:11: Copy New '/Users/Joe/Desktop/MWWG/Pictures/waterfalls/thumb/thumb_Waterfalls_Pix30.jpg' -> 'ftp://metrowestwatergardens.com/waterfalls/thumb/thumb_Waterfalls_Pix30.jpg'
2016-06-25 13:47:12: Copy New '/Users/Joe/Desktop/MWWG/Pictures/waterfalls/thumb/thumb_Waterfalls_Pix31.jpg' -> 'ftp://metrowestwatergardens.com/waterfalls/thumb/thumb_Waterfalls_Pix31.jpg'
2016-06-25 13:47:13: Copy New '/Users/Joe/Desktop/MWWG/Pictures/waterfalls/thumb/thumb_Waterfalls_Pix32.jpg' -> 'ftp://metrowestwatergardens.com/waterfalls/thumb/thumb_Waterfalls_Pix32.jpg'
2016-06-25 13:47:13: Copy New '/Users/Joe/Desktop/MWWG/Pictures/waterfalls/thumb/thumb_Waterfalls_Pix33.jpg' -> 'ftp://metrowestwatergardens.com/waterfalls/thumb/thumb_Waterfalls_Pix33.jpg'
2016-06-25 13:47:14: Copy New '/Users/Joe/Desktop/MWWG/Pictures/waterfalls/thumb/thumb_Waterfalls_Pix34.jpg' -> 'ftp://metrowestwatergardens.com/waterfalls/thumb/thumb_Waterfalls_Pix34.jpg'
2016-06-25 13:47:15: Copy New '/Users/Joe/Desktop/MWWG/Pictures/waterfalls/thumb/thumb_Waterfalls_Pix35.jpg' -> 'ftp://metrowestwatergardens.com/waterfalls/thumb/thumb_Waterfalls_Pix35.jpg'
2016-06-25 13:47:16: Copy New '/Users/Joe/Desktop/MWWG/Pictures/waterfalls/thumb/thumb_Waterfalls_Pix36.jpg' -> 'ftp://metrowestwatergardens.com/waterfalls/thumb/thumb_Waterfalls_Pix36.jpg'
2016-06-25 13:47:17: Copy New '/Users/Joe/Desktop/MWWG/Pictures/waterfalls/thumb/thumb_Waterfalls_Pix37.jpg' -> 'ftp://metrowestwatergardens.com/waterfalls/thumb/thumb_Waterfalls_Pix37.jpg'
2016-06-25 13:47:18: Copy New '/Users/Joe/Desktop/MWWG/Pictures/waterfalls/thumb/thumb_Waterfalls_Pix38.jpg' -> 'ftp://metrowestwatergardens.com/waterfalls/thumb/thumb_Waterfalls_Pix38.jpg'
2016-06-25 13:47:18: Copy New '/Users/Joe/Desktop/MWWG/Pictures/waterfalls/thumb/thumb_Waterfalls_Pix39.jpg' -> 'ftp://metrowestwatergardens.com/waterfalls/thumb/thumb_Waterfalls_Pix39.jpg'
2016-06-25 13:47:19: Copy New '/Users/Joe/Desktop/MWWG/Pictures/waterfalls/thumb/thumb_Waterfalls_Pix40.jpg' -> 'ftp://metrowestwatergardens.com/waterfalls/thumb/thumb_Waterfalls_Pix40.jpg'
2016-06-25 13:47:20: Copy New '/Users/Joe/Desktop/MWWG/Pictures/waterfalls/thumb/thumb_Waterfalls_Pix41.jpg' -> 'ftp://metrowestwatergardens.com/waterfalls/thumb/thumb_Waterfalls_Pix41.jpg'
2016-06-25 13:47:21: Copy New '/Users/Joe/Desktop/MWWG/Pictures/waterfalls/thumb/thumb_Waterfalls_Pix42.jpg' -> 'ftp://metrowestwatergardens.com/waterfalls/thumb/thumb_Waterfalls_Pix42.jpg'
2016-06-25 13:47:22: Copy New '/Users/Joe/Desktop/MWWG/Pictures/waterfalls/thumb/thumb_Waterfalls_Pix43.jpg' -> 'ftp://metrowestwatergardens.com/waterfalls/thumb/thumb_Waterfalls_Pix43.jpg'
2016-06-25 13:47:23: Copy New '/Users/Joe/Desktop/MWWG/Pictures/waterfalls/thumb/thumb_Waterfalls_Pix44.jpg' -> 'ftp://metrowestwatergardens.com/waterfalls/thumb/thumb_Waterfalls_Pix44.jpg'
2016-06-25 13:47:23: Copy New '/Users/Joe/Desktop/MWWG/Pictures/waterfalls/thumb/thumb_Waterfalls_Pix45.jpg' -> 'ftp://metrowestwatergardens.com/waterfalls/thumb/thumb_Waterfalls_Pix45.jpg'
2016-06-25 13:47:24: Copy New '/Users/Joe/Desktop/MWWG/Pictures/waterfalls/thumb/thumb_Waterfalls_Pix46.jpg' -> 'ftp://metrowestwatergardens.com/waterfalls/thumb/thumb_Waterfalls_Pix46.jpg'
2016-06-25 13:47:25: Copy New '/Users/Joe/Desktop/MWWG/Pictures/waterfalls/thumb/thumb_Waterfalls_Pix47.jpg' -> 'ftp://metrowestwatergardens.com/waterfalls/thumb/thumb_Waterfalls_Pix47.jpg'
2016-06-25 13:47:26: Copy New '/Users/Joe/Desktop/MWWG/Pictures/waterfalls/thumb/thumb_Waterfalls_Pix48.jpg' -> 'ftp://metrowestwatergardens.com/waterfalls/thumb/thumb_Waterfalls_Pix48.jpg'
2016-06-25 13:47:27: Copy New '/Users/Joe/Desktop/MWWG/Pictures/waterfalls/thumb/thumb_Waterfalls_Pix49.jpg' -> 'ftp://metrowestwatergardens.com/waterfalls/thumb/thumb_Waterfalls_Pix49.jpg'
2016-06-25 13:47:28: == Sync Complete. Time: 00:01:42, Speed: 13.5 KB/s, OK: 125, Errors: 0
2016-06-25 13:47:28: 
