2016-06-25 16:43:42: -- Analysis Started by User
2016-06-25 16:43:46: Changes: 198, Conflicts: 0, CopyTime: 0, CopyState: 0/0, Errors: 0, All: 678
2016-06-25 16:43:46: Left to Right: Copy File: 198 
2016-06-25 16:43:46: -- Analysis Complete. Time 00:00:05, Speed: 78 files/s
2016-06-25 16:43:46: 
2016-06-25 16:44:19: == Sync Started by User
2016-06-25 16:44:20: Copy New '/Users/Joe/Desktop/MWWG/Pictures/before and after/beforeandafter_01.jpg' -> 'ftp://metrowestwatergardens.com/before and after/beforeandafter_01.jpg'
2016-06-25 16:44:21: Copy New '/Users/Joe/Desktop/MWWG/Pictures/before and after/beforeandafter_02.jpg' -> 'ftp://metrowestwatergardens.com/before and after/beforeandafter_02.jpg'
2016-06-25 16:44:23: Copy New '/Users/Joe/Desktop/MWWG/Pictures/before and after/beforeandafter_03.jpg' -> 'ftp://metrowestwatergardens.com/before and after/beforeandafter_03.jpg'
2016-06-25 16:44:24: Copy New '/Users/Joe/Desktop/MWWG/Pictures/before and after/beforeandafter_04.jpg' -> 'ftp://metrowestwatergardens.com/before and after/beforeandafter_04.jpg'
2016-06-25 16:44:25: Copy New '/Users/Joe/Desktop/MWWG/Pictures/before and after/beforeandafter_05.jpg' -> 'ftp://metrowestwatergardens.com/before and after/beforeandafter_05.jpg'
2016-06-25 16:44:26: Copy New '/Users/Joe/Desktop/MWWG/Pictures/before and after/beforeandafter_06.jpg' -> 'ftp://metrowestwatergardens.com/before and after/beforeandafter_06.jpg'
2016-06-25 16:44:28: Copy New '/Users/Joe/Desktop/MWWG/Pictures/before and after/beforeandafter_07.jpg' -> 'ftp://metrowestwatergardens.com/before and after/beforeandafter_07.jpg'
2016-06-25 16:44:29: Copy New '/Users/Joe/Desktop/MWWG/Pictures/before and after/beforeandafter_08.jpg' -> 'ftp://metrowestwatergardens.com/before and after/beforeandafter_08.jpg'
2016-06-25 16:44:30: Copy New '/Users/Joe/Desktop/MWWG/Pictures/before and after/beforeandafter_09.jpg' -> 'ftp://metrowestwatergardens.com/before and after/beforeandafter_09.jpg'
2016-06-25 16:44:31: Copy New '/Users/Joe/Desktop/MWWG/Pictures/before and after/beforeandafter_10.jpg' -> 'ftp://metrowestwatergardens.com/before and after/beforeandafter_10.jpg'
2016-06-25 16:44:32: Copy New '/Users/Joe/Desktop/MWWG/Pictures/before and after/beforeandafter_11.jpg' -> 'ftp://metrowestwatergardens.com/before and after/beforeandafter_11.jpg'
2016-06-25 16:44:34: Copy New '/Users/Joe/Desktop/MWWG/Pictures/before and after/beforeandafter_12.jpg' -> 'ftp://metrowestwatergardens.com/before and after/beforeandafter_12.jpg'
2016-06-25 16:44:35: Copy New '/Users/Joe/Desktop/MWWG/Pictures/before and after/beforeandafter_13.jpg' -> 'ftp://metrowestwatergardens.com/before and after/beforeandafter_13.jpg'
2016-06-25 16:44:36: Copy New '/Users/Joe/Desktop/MWWG/Pictures/before and after/beforeandafter_14.jpg' -> 'ftp://metrowestwatergardens.com/before and after/beforeandafter_14.jpg'
2016-06-25 16:44:37: Copy New '/Users/Joe/Desktop/MWWG/Pictures/before and after/thumb/thumb_beforeandafter_01.jpg' -> 'ftp://metrowestwatergardens.com/before and after/thumb/thumb_beforeandafter_01.jpg'
2016-06-25 16:44:38: Copy New '/Users/Joe/Desktop/MWWG/Pictures/before and after/thumb/thumb_beforeandafter_02.jpg' -> 'ftp://metrowestwatergardens.com/before and after/thumb/thumb_beforeandafter_02.jpg'
2016-06-25 16:44:39: Copy New '/Users/Joe/Desktop/MWWG/Pictures/before and after/thumb/thumb_beforeandafter_03.jpg' -> 'ftp://metrowestwatergardens.com/before and after/thumb/thumb_beforeandafter_03.jpg'
2016-06-25 16:44:40: Copy New '/Users/Joe/Desktop/MWWG/Pictures/before and after/thumb/thumb_beforeandafter_04.jpg' -> 'ftp://metrowestwatergardens.com/before and after/thumb/thumb_beforeandafter_04.jpg'
2016-06-25 16:44:40: Copy New '/Users/Joe/Desktop/MWWG/Pictures/before and after/thumb/thumb_beforeandafter_05.jpg' -> 'ftp://metrowestwatergardens.com/before and after/thumb/thumb_beforeandafter_05.jpg'
2016-06-25 16:44:41: Copy New '/Users/Joe/Desktop/MWWG/Pictures/before and after/thumb/thumb_beforeandafter_06.jpg' -> 'ftp://metrowestwatergardens.com/before and after/thumb/thumb_beforeandafter_06.jpg'
2016-06-25 16:44:42: Copy New '/Users/Joe/Desktop/MWWG/Pictures/before and after/thumb/thumb_beforeandafter_07.jpg' -> 'ftp://metrowestwatergardens.com/before and after/thumb/thumb_beforeandafter_07.jpg'
2016-06-25 16:44:43: Copy New '/Users/Joe/Desktop/MWWG/Pictures/before and after/thumb/thumb_beforeandafter_08.jpg' -> 'ftp://metrowestwatergardens.com/before and after/thumb/thumb_beforeandafter_08.jpg'
2016-06-25 16:44:44: Copy New '/Users/Joe/Desktop/MWWG/Pictures/before and after/thumb/thumb_beforeandafter_09.jpg' -> 'ftp://metrowestwatergardens.com/before and after/thumb/thumb_beforeandafter_09.jpg'
2016-06-25 16:44:44: Copy New '/Users/Joe/Desktop/MWWG/Pictures/before and after/thumb/thumb_beforeandafter_10.jpg' -> 'ftp://metrowestwatergardens.com/before and after/thumb/thumb_beforeandafter_10.jpg'
2016-06-25 16:44:45: Copy New '/Users/Joe/Desktop/MWWG/Pictures/before and after/thumb/thumb_beforeandafter_11.jpg' -> 'ftp://metrowestwatergardens.com/before and after/thumb/thumb_beforeandafter_11.jpg'
2016-06-25 16:44:46: Copy New '/Users/Joe/Desktop/MWWG/Pictures/before and after/thumb/thumb_beforeandafter_12.jpg' -> 'ftp://metrowestwatergardens.com/before and after/thumb/thumb_beforeandafter_12.jpg'
2016-06-25 16:44:47: Copy New '/Users/Joe/Desktop/MWWG/Pictures/before and after/thumb/thumb_beforeandafter_13.jpg' -> 'ftp://metrowestwatergardens.com/before and after/thumb/thumb_beforeandafter_13.jpg'
2016-06-25 16:44:48: Copy New '/Users/Joe/Desktop/MWWG/Pictures/before and after/thumb/thumb_beforeandafter_14.jpg' -> 'ftp://metrowestwatergardens.com/before and after/thumb/thumb_beforeandafter_14.jpg'
2016-06-25 16:44:49: Copy New '/Users/Joe/Desktop/MWWG/Pictures/critters/thumb/thumb_critters_01.jpg' -> 'ftp://metrowestwatergardens.com/critters/thumb/thumb_critters_01.jpg'
2016-06-25 16:44:49: Copy New '/Users/Joe/Desktop/MWWG/Pictures/critters/thumb/thumb_critters_02.jpg' -> 'ftp://metrowestwatergardens.com/critters/thumb/thumb_critters_02.jpg'
2016-06-25 16:44:50: Copy New '/Users/Joe/Desktop/MWWG/Pictures/critters/thumb/thumb_critters_03.jpg' -> 'ftp://metrowestwatergardens.com/critters/thumb/thumb_critters_03.jpg'
2016-06-25 16:44:51: Copy New '/Users/Joe/Desktop/MWWG/Pictures/critters/thumb/thumb_critters_04.jpg' -> 'ftp://metrowestwatergardens.com/critters/thumb/thumb_critters_04.jpg'
2016-06-25 16:44:52: Copy New '/Users/Joe/Desktop/MWWG/Pictures/critters/thumb/thumb_critters_05.jpg' -> 'ftp://metrowestwatergardens.com/critters/thumb/thumb_critters_05.jpg'
2016-06-25 16:44:52: Copy New '/Users/Joe/Desktop/MWWG/Pictures/critters/thumb/thumb_critters_06.jpg' -> 'ftp://metrowestwatergardens.com/critters/thumb/thumb_critters_06.jpg'
2016-06-25 16:44:53: Copy New '/Users/Joe/Desktop/MWWG/Pictures/critters/thumb/thumb_critters_07.jpg' -> 'ftp://metrowestwatergardens.com/critters/thumb/thumb_critters_07.jpg'
2016-06-25 16:44:54: Copy New '/Users/Joe/Desktop/MWWG/Pictures/critters/thumb/thumb_critters_08.jpg' -> 'ftp://metrowestwatergardens.com/critters/thumb/thumb_critters_08.jpg'
2016-06-25 16:44:55: Copy New '/Users/Joe/Desktop/MWWG/Pictures/critters/thumb/thumb_critters_09.jpg' -> 'ftp://metrowestwatergardens.com/critters/thumb/thumb_critters_09.jpg'
2016-06-25 16:44:56: Copy New '/Users/Joe/Desktop/MWWG/Pictures/critters/thumb/thumb_critters_10.jpg' -> 'ftp://metrowestwatergardens.com/critters/thumb/thumb_critters_10.jpg'
2016-06-25 16:44:56: Copy New '/Users/Joe/Desktop/MWWG/Pictures/critters/thumb/thumb_critters_11.jpg' -> 'ftp://metrowestwatergardens.com/critters/thumb/thumb_critters_11.jpg'
2016-06-25 16:44:57: Copy New '/Users/Joe/Desktop/MWWG/Pictures/critters/thumb/thumb_critters_12.jpg' -> 'ftp://metrowestwatergardens.com/critters/thumb/thumb_critters_12.jpg'
2016-06-25 16:44:58: Copy New '/Users/Joe/Desktop/MWWG/Pictures/critters/thumb/thumb_critters_13.jpg' -> 'ftp://metrowestwatergardens.com/critters/thumb/thumb_critters_13.jpg'
2016-06-25 16:44:59: Copy New '/Users/Joe/Desktop/MWWG/Pictures/critters/thumb/thumb_critters_14.jpg' -> 'ftp://metrowestwatergardens.com/critters/thumb/thumb_critters_14.jpg'
2016-06-25 16:45:00: Copy New '/Users/Joe/Desktop/MWWG/Pictures/critters/thumb/thumb_critters_15.jpg' -> 'ftp://metrowestwatergardens.com/critters/thumb/thumb_critters_15.jpg'
2016-06-25 16:45:01: Copy New '/Users/Joe/Desktop/MWWG/Pictures/critters/thumb/thumb_critters_16.jpg' -> 'ftp://metrowestwatergardens.com/critters/thumb/thumb_critters_16.jpg'
2016-06-25 16:45:01: Copy New '/Users/Joe/Desktop/MWWG/Pictures/plants/thumb/thumb_plants_01.jpg' -> 'ftp://metrowestwatergardens.com/plants/thumb/thumb_plants_01.jpg'
2016-06-25 16:45:02: Copy New '/Users/Joe/Desktop/MWWG/Pictures/plants/thumb/thumb_plants_02.jpg' -> 'ftp://metrowestwatergardens.com/plants/thumb/thumb_plants_02.jpg'
2016-06-25 16:45:03: Copy New '/Users/Joe/Desktop/MWWG/Pictures/plants/thumb/thumb_plants_03.jpg' -> 'ftp://metrowestwatergardens.com/plants/thumb/thumb_plants_03.jpg'
2016-06-25 16:45:04: Copy New '/Users/Joe/Desktop/MWWG/Pictures/plants/thumb/thumb_plants_04.jpg' -> 'ftp://metrowestwatergardens.com/plants/thumb/thumb_plants_04.jpg'
2016-06-25 16:45:04: Copy New '/Users/Joe/Desktop/MWWG/Pictures/plants/thumb/thumb_plants_05.jpg' -> 'ftp://metrowestwatergardens.com/plants/thumb/thumb_plants_05.jpg'
2016-06-25 16:45:05: Copy New '/Users/Joe/Desktop/MWWG/Pictures/plants/thumb/thumb_plants_06.jpg' -> 'ftp://metrowestwatergardens.com/plants/thumb/thumb_plants_06.jpg'
2016-06-25 16:45:06: Copy New '/Users/Joe/Desktop/MWWG/Pictures/plants/thumb/thumb_plants_07.jpg' -> 'ftp://metrowestwatergardens.com/plants/thumb/thumb_plants_07.jpg'
2016-06-25 16:45:07: Copy New '/Users/Joe/Desktop/MWWG/Pictures/plants/thumb/thumb_plants_08.jpg' -> 'ftp://metrowestwatergardens.com/plants/thumb/thumb_plants_08.jpg'
2016-06-25 16:45:08: Copy New '/Users/Joe/Desktop/MWWG/Pictures/plants/thumb/thumb_plants_09.jpg' -> 'ftp://metrowestwatergardens.com/plants/thumb/thumb_plants_09.jpg'
2016-06-25 16:45:09: Copy New '/Users/Joe/Desktop/MWWG/Pictures/plants/thumb/thumb_plants_10.jpg' -> 'ftp://metrowestwatergardens.com/plants/thumb/thumb_plants_10.jpg'
2016-06-25 16:45:09: Copy New '/Users/Joe/Desktop/MWWG/Pictures/plants/thumb/thumb_plants_11.jpg' -> 'ftp://metrowestwatergardens.com/plants/thumb/thumb_plants_11.jpg'
2016-06-25 16:45:10: Copy New '/Users/Joe/Desktop/MWWG/Pictures/plants/thumb/thumb_plants_12.jpg' -> 'ftp://metrowestwatergardens.com/plants/thumb/thumb_plants_12.jpg'
2016-06-25 16:45:11: Copy New '/Users/Joe/Desktop/MWWG/Pictures/ponds/thumb/thumb_ponds_01.jpg' -> 'ftp://metrowestwatergardens.com/ponds/thumb/thumb_ponds_01.jpg'
2016-06-25 16:45:12: Copy New '/Users/Joe/Desktop/MWWG/Pictures/ponds/thumb/thumb_ponds_02.jpg' -> 'ftp://metrowestwatergardens.com/ponds/thumb/thumb_ponds_02.jpg'
2016-06-25 16:45:13: Copy New '/Users/Joe/Desktop/MWWG/Pictures/ponds/thumb/thumb_ponds_03.jpg' -> 'ftp://metrowestwatergardens.com/ponds/thumb/thumb_ponds_03.jpg'
2016-06-25 16:45:14: Copy New '/Users/Joe/Desktop/MWWG/Pictures/ponds/thumb/thumb_ponds_04.jpg' -> 'ftp://metrowestwatergardens.com/ponds/thumb/thumb_ponds_04.jpg'
2016-06-25 16:45:14: Copy New '/Users/Joe/Desktop/MWWG/Pictures/ponds/thumb/thumb_ponds_05.jpg' -> 'ftp://metrowestwatergardens.com/ponds/thumb/thumb_ponds_05.jpg'
2016-06-25 16:45:15: Copy New '/Users/Joe/Desktop/MWWG/Pictures/ponds/thumb/thumb_ponds_06.jpg' -> 'ftp://metrowestwatergardens.com/ponds/thumb/thumb_ponds_06.jpg'
2016-06-25 16:45:16: Copy New '/Users/Joe/Desktop/MWWG/Pictures/ponds/thumb/thumb_ponds_07.jpg' -> 'ftp://metrowestwatergardens.com/ponds/thumb/thumb_ponds_07.jpg'
2016-06-25 16:45:17: Copy New '/Users/Joe/Desktop/MWWG/Pictures/ponds/thumb/thumb_ponds_08.jpg' -> 'ftp://metrowestwatergardens.com/ponds/thumb/thumb_ponds_08.jpg'
2016-06-25 16:45:18: Copy New '/Users/Joe/Desktop/MWWG/Pictures/ponds/thumb/thumb_ponds_09.jpg' -> 'ftp://metrowestwatergardens.com/ponds/thumb/thumb_ponds_09.jpg'
2016-06-25 16:45:19: Copy New '/Users/Joe/Desktop/MWWG/Pictures/ponds/thumb/thumb_ponds_10.jpg' -> 'ftp://metrowestwatergardens.com/ponds/thumb/thumb_ponds_10.jpg'
2016-06-25 16:45:19: Copy New '/Users/Joe/Desktop/MWWG/Pictures/ponds/thumb/thumb_ponds_11.jpg' -> 'ftp://metrowestwatergardens.com/ponds/thumb/thumb_ponds_11.jpg'
2016-06-25 16:45:20: Copy New '/Users/Joe/Desktop/MWWG/Pictures/ponds/thumb/thumb_ponds_12.jpg' -> 'ftp://metrowestwatergardens.com/ponds/thumb/thumb_ponds_12.jpg'
2016-06-25 16:45:21: Copy New '/Users/Joe/Desktop/MWWG/Pictures/ponds/thumb/thumb_ponds_13.jpg' -> 'ftp://metrowestwatergardens.com/ponds/thumb/thumb_ponds_13.jpg'
2016-06-25 16:45:22: Copy New '/Users/Joe/Desktop/MWWG/Pictures/ponds/thumb/thumb_ponds_14.jpg' -> 'ftp://metrowestwatergardens.com/ponds/thumb/thumb_ponds_14.jpg'
2016-06-25 16:45:22: Copy New '/Users/Joe/Desktop/MWWG/Pictures/ponds/thumb/thumb_ponds_15.jpg' -> 'ftp://metrowestwatergardens.com/ponds/thumb/thumb_ponds_15.jpg'
2016-06-25 16:45:23: Copy New '/Users/Joe/Desktop/MWWG/Pictures/ponds/thumb/thumb_ponds_16.jpg' -> 'ftp://metrowestwatergardens.com/ponds/thumb/thumb_ponds_16.jpg'
2016-06-25 16:45:24: Copy New '/Users/Joe/Desktop/MWWG/Pictures/ponds/thumb/thumb_ponds_17.jpg' -> 'ftp://metrowestwatergardens.com/ponds/thumb/thumb_ponds_17.jpg'
2016-06-25 16:45:25: Copy New '/Users/Joe/Desktop/MWWG/Pictures/ponds/thumb/thumb_ponds_18.jpg' -> 'ftp://metrowestwatergardens.com/ponds/thumb/thumb_ponds_18.jpg'
2016-06-25 16:45:26: Copy New '/Users/Joe/Desktop/MWWG/Pictures/ponds/thumb/thumb_ponds_19.jpg' -> 'ftp://metrowestwatergardens.com/ponds/thumb/thumb_ponds_19.jpg'
2016-06-25 16:45:26: Copy New '/Users/Joe/Desktop/MWWG/Pictures/ponds/thumb/thumb_ponds_20.jpg' -> 'ftp://metrowestwatergardens.com/ponds/thumb/thumb_ponds_20.jpg'
2016-06-25 16:45:27: Copy New '/Users/Joe/Desktop/MWWG/Pictures/ponds/thumb/thumb_ponds_21.jpg' -> 'ftp://metrowestwatergardens.com/ponds/thumb/thumb_ponds_21.jpg'
2016-06-25 16:45:28: Copy New '/Users/Joe/Desktop/MWWG/Pictures/ponds/thumb/thumb_ponds_22.jpg' -> 'ftp://metrowestwatergardens.com/ponds/thumb/thumb_ponds_22.jpg'
2016-06-25 16:45:29: Copy New '/Users/Joe/Desktop/MWWG/Pictures/ponds/thumb/thumb_ponds_23.jpg' -> 'ftp://metrowestwatergardens.com/ponds/thumb/thumb_ponds_23.jpg'
2016-06-25 16:45:30: Copy New '/Users/Joe/Desktop/MWWG/Pictures/ponds/thumb/thumb_ponds_24.jpg' -> 'ftp://metrowestwatergardens.com/ponds/thumb/thumb_ponds_24.jpg'
2016-06-25 16:45:31: Copy New '/Users/Joe/Desktop/MWWG/Pictures/ponds/thumb/thumb_ponds_25.jpg' -> 'ftp://metrowestwatergardens.com/ponds/thumb/thumb_ponds_25.jpg'
2016-06-25 16:45:31: Copy New '/Users/Joe/Desktop/MWWG/Pictures/ponds/thumb/thumb_ponds_26.jpg' -> 'ftp://metrowestwatergardens.com/ponds/thumb/thumb_ponds_26.jpg'
2016-06-25 16:45:32: Copy New '/Users/Joe/Desktop/MWWG/Pictures/ponds/thumb/thumb_ponds_27.jpg' -> 'ftp://metrowestwatergardens.com/ponds/thumb/thumb_ponds_27.jpg'
2016-06-25 16:45:33: Copy New '/Users/Joe/Desktop/MWWG/Pictures/ponds/thumb/thumb_ponds_28.jpg' -> 'ftp://metrowestwatergardens.com/ponds/thumb/thumb_ponds_28.jpg'
2016-06-25 16:45:34: Copy New '/Users/Joe/Desktop/MWWG/Pictures/ponds/thumb/thumb_ponds_29.jpg' -> 'ftp://metrowestwatergardens.com/ponds/thumb/thumb_ponds_29.jpg'
2016-06-25 16:45:35: Copy New '/Users/Joe/Desktop/MWWG/Pictures/ponds/thumb/thumb_ponds_30.jpg' -> 'ftp://metrowestwatergardens.com/ponds/thumb/thumb_ponds_30.jpg'
2016-06-25 16:45:35: Copy New '/Users/Joe/Desktop/MWWG/Pictures/ponds/thumb/thumb_ponds_31.jpg' -> 'ftp://metrowestwatergardens.com/ponds/thumb/thumb_ponds_31.jpg'
2016-06-25 16:45:36: Copy New '/Users/Joe/Desktop/MWWG/Pictures/ponds/thumb/thumb_ponds_32.jpg' -> 'ftp://metrowestwatergardens.com/ponds/thumb/thumb_ponds_32.jpg'
2016-06-25 16:45:37: Copy New '/Users/Joe/Desktop/MWWG/Pictures/ponds/thumb/thumb_ponds_33.jpg' -> 'ftp://metrowestwatergardens.com/ponds/thumb/thumb_ponds_33.jpg'
2016-06-25 16:45:38: Copy New '/Users/Joe/Desktop/MWWG/Pictures/ponds/thumb/thumb_ponds_34.jpg' -> 'ftp://metrowestwatergardens.com/ponds/thumb/thumb_ponds_34.jpg'
2016-06-25 16:45:39: Copy New '/Users/Joe/Desktop/MWWG/Pictures/ponds/thumb/thumb_ponds_35.jpg' -> 'ftp://metrowestwatergardens.com/ponds/thumb/thumb_ponds_35.jpg'
2016-06-25 16:45:39: Copy New '/Users/Joe/Desktop/MWWG/Pictures/ponds/thumb/thumb_ponds_36.jpg' -> 'ftp://metrowestwatergardens.com/ponds/thumb/thumb_ponds_36.jpg'
2016-06-25 16:45:40: Copy New '/Users/Joe/Desktop/MWWG/Pictures/ponds/thumb/thumb_ponds_37.jpg' -> 'ftp://metrowestwatergardens.com/ponds/thumb/thumb_ponds_37.jpg'
2016-06-25 16:45:41: Copy New '/Users/Joe/Desktop/MWWG/Pictures/ponds/thumb/thumb_ponds_38.jpg' -> 'ftp://metrowestwatergardens.com/ponds/thumb/thumb_ponds_38.jpg'
2016-06-25 16:45:42: Copy New '/Users/Joe/Desktop/MWWG/Pictures/ponds/thumb/thumb_ponds_39.jpg' -> 'ftp://metrowestwatergardens.com/ponds/thumb/thumb_ponds_39.jpg'
2016-06-25 16:45:43: Copy New '/Users/Joe/Desktop/MWWG/Pictures/ponds/thumb/thumb_ponds_40.jpg' -> 'ftp://metrowestwatergardens.com/ponds/thumb/thumb_ponds_40.jpg'
2016-06-25 16:45:43: Copy New '/Users/Joe/Desktop/MWWG/Pictures/ponds/thumb/thumb_ponds_41.jpg' -> 'ftp://metrowestwatergardens.com/ponds/thumb/thumb_ponds_41.jpg'
2016-06-25 16:45:44: Copy New '/Users/Joe/Desktop/MWWG/Pictures/ponds/thumb/thumb_ponds_42.jpg' -> 'ftp://metrowestwatergardens.com/ponds/thumb/thumb_ponds_42.jpg'
2016-06-25 16:45:45: Copy New '/Users/Joe/Desktop/MWWG/Pictures/ponds/thumb/thumb_ponds_43.jpg' -> 'ftp://metrowestwatergardens.com/ponds/thumb/thumb_ponds_43.jpg'
2016-06-25 16:45:46: Copy New '/Users/Joe/Desktop/MWWG/Pictures/ponds/thumb/thumb_ponds_44.jpg' -> 'ftp://metrowestwatergardens.com/ponds/thumb/thumb_ponds_44.jpg'
2016-06-25 16:45:47: Copy New '/Users/Joe/Desktop/MWWG/Pictures/ponds/thumb/thumb_ponds_45.jpg' -> 'ftp://metrowestwatergardens.com/ponds/thumb/thumb_ponds_45.jpg'
2016-06-25 16:45:48: Copy New '/Users/Joe/Desktop/MWWG/Pictures/ponds/thumb/thumb_ponds_46.jpg' -> 'ftp://metrowestwatergardens.com/ponds/thumb/thumb_ponds_46.jpg'
2016-06-25 16:45:49: Copy New '/Users/Joe/Desktop/MWWG/Pictures/ponds/thumb/thumb_ponds_47.jpg' -> 'ftp://metrowestwatergardens.com/ponds/thumb/thumb_ponds_47.jpg'
2016-06-25 16:45:49: Copy New '/Users/Joe/Desktop/MWWG/Pictures/ponds/thumb/thumb_ponds_48.jpg' -> 'ftp://metrowestwatergardens.com/ponds/thumb/thumb_ponds_48.jpg'
2016-06-25 16:45:50: Copy New '/Users/Joe/Desktop/MWWG/Pictures/ponds/thumb/thumb_ponds_49.jpg' -> 'ftp://metrowestwatergardens.com/ponds/thumb/thumb_ponds_49.jpg'
2016-06-25 16:45:51: Copy New '/Users/Joe/Desktop/MWWG/Pictures/ponds/thumb/thumb_ponds_50.jpg' -> 'ftp://metrowestwatergardens.com/ponds/thumb/thumb_ponds_50.jpg'
2016-06-25 16:45:52: Copy New '/Users/Joe/Desktop/MWWG/Pictures/ponds/thumb/thumb_ponds_51.jpg' -> 'ftp://metrowestwatergardens.com/ponds/thumb/thumb_ponds_51.jpg'
2016-06-25 16:45:52: Copy New '/Users/Joe/Desktop/MWWG/Pictures/ponds/thumb/thumb_ponds_52.jpg' -> 'ftp://metrowestwatergardens.com/ponds/thumb/thumb_ponds_52.jpg'
2016-06-25 16:45:53: Copy New '/Users/Joe/Desktop/MWWG/Pictures/ponds/thumb/thumb_ponds_53.jpg' -> 'ftp://metrowestwatergardens.com/ponds/thumb/thumb_ponds_53.jpg'
2016-06-25 16:45:54: Copy New '/Users/Joe/Desktop/MWWG/Pictures/ponds/thumb/thumb_ponds_54.jpg' -> 'ftp://metrowestwatergardens.com/ponds/thumb/thumb_ponds_54.jpg'
2016-06-25 16:45:55: Copy New '/Users/Joe/Desktop/MWWG/Pictures/ponds/thumb/thumb_ponds_55.jpg' -> 'ftp://metrowestwatergardens.com/ponds/thumb/thumb_ponds_55.jpg'
2016-06-25 16:45:56: Copy New '/Users/Joe/Desktop/MWWG/Pictures/ponds/thumb/thumb_ponds_56.jpg' -> 'ftp://metrowestwatergardens.com/ponds/thumb/thumb_ponds_56.jpg'
2016-06-25 16:45:56: Copy New '/Users/Joe/Desktop/MWWG/Pictures/ponds/thumb/thumb_ponds_57.jpg' -> 'ftp://metrowestwatergardens.com/ponds/thumb/thumb_ponds_57.jpg'
2016-06-25 16:45:57: Copy New '/Users/Joe/Desktop/MWWG/Pictures/ponds/thumb/thumb_ponds_58.jpg' -> 'ftp://metrowestwatergardens.com/ponds/thumb/thumb_ponds_58.jpg'
2016-06-25 16:45:58: Copy New '/Users/Joe/Desktop/MWWG/Pictures/ponds/thumb/thumb_ponds_59.jpg' -> 'ftp://metrowestwatergardens.com/ponds/thumb/thumb_ponds_59.jpg'
2016-06-25 16:45:59: Copy New '/Users/Joe/Desktop/MWWG/Pictures/ponds/thumb/thumb_ponds_60.jpg' -> 'ftp://metrowestwatergardens.com/ponds/thumb/thumb_ponds_60.jpg'
2016-06-25 16:46:00: Copy New '/Users/Joe/Desktop/MWWG/Pictures/ponds/thumb/thumb_ponds_61.jpg' -> 'ftp://metrowestwatergardens.com/ponds/thumb/thumb_ponds_61.jpg'
2016-06-25 16:46:01: Copy New '/Users/Joe/Desktop/MWWG/Pictures/ponds/thumb/thumb_ponds_62.jpg' -> 'ftp://metrowestwatergardens.com/ponds/thumb/thumb_ponds_62.jpg'
2016-06-25 16:46:01: Copy New '/Users/Joe/Desktop/MWWG/Pictures/ponds/thumb/thumb_ponds_63.jpg' -> 'ftp://metrowestwatergardens.com/ponds/thumb/thumb_ponds_63.jpg'
2016-06-25 16:46:02: Copy New '/Users/Joe/Desktop/MWWG/Pictures/ponds/thumb/thumb_ponds_64.jpg' -> 'ftp://metrowestwatergardens.com/ponds/thumb/thumb_ponds_64.jpg'
2016-06-25 16:46:03: Copy New '/Users/Joe/Desktop/MWWG/Pictures/ponds/thumb/thumb_ponds_65.jpg' -> 'ftp://metrowestwatergardens.com/ponds/thumb/thumb_ponds_65.jpg'
2016-06-25 16:46:04: Copy New '/Users/Joe/Desktop/MWWG/Pictures/ponds/thumb/thumb_ponds_66.jpg' -> 'ftp://metrowestwatergardens.com/ponds/thumb/thumb_ponds_66.jpg'
2016-06-25 16:46:04: Copy New '/Users/Joe/Desktop/MWWG/Pictures/ponds/thumb/thumb_ponds_67.jpg' -> 'ftp://metrowestwatergardens.com/ponds/thumb/thumb_ponds_67.jpg'
2016-06-25 16:46:05: Copy New '/Users/Joe/Desktop/MWWG/Pictures/ponds/thumb/thumb_ponds_68.jpg' -> 'ftp://metrowestwatergardens.com/ponds/thumb/thumb_ponds_68.jpg'
2016-06-25 16:46:06: Copy New '/Users/Joe/Desktop/MWWG/Pictures/ponds/thumb/thumb_ponds_69.jpg' -> 'ftp://metrowestwatergardens.com/ponds/thumb/thumb_ponds_69.jpg'
2016-06-25 16:46:07: Copy New '/Users/Joe/Desktop/MWWG/Pictures/ponds/thumb/thumb_ponds_70.jpg' -> 'ftp://metrowestwatergardens.com/ponds/thumb/thumb_ponds_70.jpg'
2016-06-25 16:46:08: Copy New '/Users/Joe/Desktop/MWWG/Pictures/ponds/thumb/thumb_ponds_71.jpg' -> 'ftp://metrowestwatergardens.com/ponds/thumb/thumb_ponds_71.jpg'
2016-06-25 16:46:08: Copy New '/Users/Joe/Desktop/MWWG/Pictures/ponds/thumb/thumb_ponds_72.jpg' -> 'ftp://metrowestwatergardens.com/ponds/thumb/thumb_ponds_72.jpg'
2016-06-25 16:46:09: Copy New '/Users/Joe/Desktop/MWWG/Pictures/ponds/thumb/thumb_ponds_73.jpg' -> 'ftp://metrowestwatergardens.com/ponds/thumb/thumb_ponds_73.jpg'
2016-06-25 16:46:10: Copy New '/Users/Joe/Desktop/MWWG/Pictures/ponds/thumb/thumb_ponds_74.jpg' -> 'ftp://metrowestwatergardens.com/ponds/thumb/thumb_ponds_74.jpg'
2016-06-25 16:46:11: Copy New '/Users/Joe/Desktop/MWWG/Pictures/ponds/thumb/thumb_ponds_75.jpg' -> 'ftp://metrowestwatergardens.com/ponds/thumb/thumb_ponds_75.jpg'
2016-06-25 16:46:12: Copy New '/Users/Joe/Desktop/MWWG/Pictures/ponds/thumb/thumb_ponds_76.jpg' -> 'ftp://metrowestwatergardens.com/ponds/thumb/thumb_ponds_76.jpg'
2016-06-25 16:46:13: Copy New '/Users/Joe/Desktop/MWWG/Pictures/ponds/thumb/thumb_ponds_77.jpg' -> 'ftp://metrowestwatergardens.com/ponds/thumb/thumb_ponds_77.jpg'
2016-06-25 16:46:13: Copy New '/Users/Joe/Desktop/MWWG/Pictures/ponds/thumb/thumb_ponds_78.jpg' -> 'ftp://metrowestwatergardens.com/ponds/thumb/thumb_ponds_78.jpg'
2016-06-25 16:46:14: Copy New '/Users/Joe/Desktop/MWWG/Pictures/ponds/thumb/thumb_ponds_79.jpg' -> 'ftp://metrowestwatergardens.com/ponds/thumb/thumb_ponds_79.jpg'
2016-06-25 16:46:15: Copy New '/Users/Joe/Desktop/MWWG/Pictures/ponds/thumb/thumb_ponds_80.jpg' -> 'ftp://metrowestwatergardens.com/ponds/thumb/thumb_ponds_80.jpg'
2016-06-25 16:46:16: Copy New '/Users/Joe/Desktop/MWWG/Pictures/ponds/thumb/thumb_ponds_81.jpg' -> 'ftp://metrowestwatergardens.com/ponds/thumb/thumb_ponds_81.jpg'
2016-06-25 16:46:16: Copy New '/Users/Joe/Desktop/MWWG/Pictures/ponds/thumb/thumb_ponds_82.jpg' -> 'ftp://metrowestwatergardens.com/ponds/thumb/thumb_ponds_82.jpg'
2016-06-25 16:46:17: Copy New '/Users/Joe/Desktop/MWWG/Pictures/ponds/thumb/thumb_ponds_83.jpg' -> 'ftp://metrowestwatergardens.com/ponds/thumb/thumb_ponds_83.jpg'
2016-06-25 16:46:18: Copy New '/Users/Joe/Desktop/MWWG/Pictures/ponds/thumb/thumb_ponds_84.jpg' -> 'ftp://metrowestwatergardens.com/ponds/thumb/thumb_ponds_84.jpg'
2016-06-25 16:46:19: Copy New '/Users/Joe/Desktop/MWWG/Pictures/ponds/thumb/thumb_ponds_85.jpg' -> 'ftp://metrowestwatergardens.com/ponds/thumb/thumb_ponds_85.jpg'
2016-06-25 16:46:20: Copy New '/Users/Joe/Desktop/MWWG/Pictures/ponds/thumb/thumb_ponds_86.jpg' -> 'ftp://metrowestwatergardens.com/ponds/thumb/thumb_ponds_86.jpg'
2016-06-25 16:46:21: Copy New '/Users/Joe/Desktop/MWWG/Pictures/ponds/thumb/thumb_ponds_87.jpg' -> 'ftp://metrowestwatergardens.com/ponds/thumb/thumb_ponds_87.jpg'
2016-06-25 16:46:21: Copy New '/Users/Joe/Desktop/MWWG/Pictures/ponds/thumb/thumb_ponds_88.jpg' -> 'ftp://metrowestwatergardens.com/ponds/thumb/thumb_ponds_88.jpg'
2016-06-25 16:46:22: Copy New '/Users/Joe/Desktop/MWWG/Pictures/ponds/thumb/thumb_ponds_89.jpg' -> 'ftp://metrowestwatergardens.com/ponds/thumb/thumb_ponds_89.jpg'
2016-06-25 16:46:23: Copy New '/Users/Joe/Desktop/MWWG/Pictures/ponds/thumb/thumb_ponds_90.jpg' -> 'ftp://metrowestwatergardens.com/ponds/thumb/thumb_ponds_90.jpg'
2016-06-25 16:46:24: Copy New '/Users/Joe/Desktop/MWWG/Pictures/ponds/thumb/thumb_ponds_91.jpg' -> 'ftp://metrowestwatergardens.com/ponds/thumb/thumb_ponds_91.jpg'
2016-06-25 16:46:25: Copy New '/Users/Joe/Desktop/MWWG/Pictures/ponds/thumb/thumb_ponds_92.jpg' -> 'ftp://metrowestwatergardens.com/ponds/thumb/thumb_ponds_92.jpg'
2016-06-25 16:46:25: Copy New '/Users/Joe/Desktop/MWWG/Pictures/ponds/thumb/thumb_ponds_93.jpg' -> 'ftp://metrowestwatergardens.com/ponds/thumb/thumb_ponds_93.jpg'
2016-06-25 16:46:26: Copy New '/Users/Joe/Desktop/MWWG/Pictures/waterfalls/thumb/thumb_waterfalls_01.jpg' -> 'ftp://metrowestwatergardens.com/waterfalls/thumb/thumb_waterfalls_01.jpg'
2016-06-25 16:46:27: Copy New '/Users/Joe/Desktop/MWWG/Pictures/waterfalls/thumb/thumb_waterfalls_02.jpg' -> 'ftp://metrowestwatergardens.com/waterfalls/thumb/thumb_waterfalls_02.jpg'
2016-06-25 16:46:28: Copy New '/Users/Joe/Desktop/MWWG/Pictures/waterfalls/thumb/thumb_waterfalls_03.jpg' -> 'ftp://metrowestwatergardens.com/waterfalls/thumb/thumb_waterfalls_03.jpg'
2016-06-25 16:46:29: Copy New '/Users/Joe/Desktop/MWWG/Pictures/waterfalls/thumb/thumb_waterfalls_04.jpg' -> 'ftp://metrowestwatergardens.com/waterfalls/thumb/thumb_waterfalls_04.jpg'
2016-06-25 16:46:30: Copy New '/Users/Joe/Desktop/MWWG/Pictures/waterfalls/thumb/thumb_waterfalls_05.jpg' -> 'ftp://metrowestwatergardens.com/waterfalls/thumb/thumb_waterfalls_05.jpg'
2016-06-25 16:46:31: Copy New '/Users/Joe/Desktop/MWWG/Pictures/waterfalls/thumb/thumb_waterfalls_06.jpg' -> 'ftp://metrowestwatergardens.com/waterfalls/thumb/thumb_waterfalls_06.jpg'
2016-06-25 16:46:31: Copy New '/Users/Joe/Desktop/MWWG/Pictures/waterfalls/thumb/thumb_waterfalls_07.jpg' -> 'ftp://metrowestwatergardens.com/waterfalls/thumb/thumb_waterfalls_07.jpg'
2016-06-25 16:46:32: Copy New '/Users/Joe/Desktop/MWWG/Pictures/waterfalls/thumb/thumb_waterfalls_08.jpg' -> 'ftp://metrowestwatergardens.com/waterfalls/thumb/thumb_waterfalls_08.jpg'
2016-06-25 16:46:33: Copy New '/Users/Joe/Desktop/MWWG/Pictures/waterfalls/thumb/thumb_waterfalls_09.jpg' -> 'ftp://metrowestwatergardens.com/waterfalls/thumb/thumb_waterfalls_09.jpg'
2016-06-25 16:46:34: Copy New '/Users/Joe/Desktop/MWWG/Pictures/waterfalls/thumb/thumb_waterfalls_10.jpg' -> 'ftp://metrowestwatergardens.com/waterfalls/thumb/thumb_waterfalls_10.jpg'
2016-06-25 16:46:35: Copy New '/Users/Joe/Desktop/MWWG/Pictures/waterfalls/thumb/thumb_waterfalls_11.jpg' -> 'ftp://metrowestwatergardens.com/waterfalls/thumb/thumb_waterfalls_11.jpg'
2016-06-25 16:46:36: Copy New '/Users/Joe/Desktop/MWWG/Pictures/waterfalls/thumb/thumb_waterfalls_12.jpg' -> 'ftp://metrowestwatergardens.com/waterfalls/thumb/thumb_waterfalls_12.jpg'
2016-06-25 16:46:36: Copy New '/Users/Joe/Desktop/MWWG/Pictures/waterfalls/thumb/thumb_waterfalls_13.jpg' -> 'ftp://metrowestwatergardens.com/waterfalls/thumb/thumb_waterfalls_13.jpg'
2016-06-25 16:46:37: Copy New '/Users/Joe/Desktop/MWWG/Pictures/waterfalls/thumb/thumb_waterfalls_14.jpg' -> 'ftp://metrowestwatergardens.com/waterfalls/thumb/thumb_waterfalls_14.jpg'
2016-06-25 16:46:38: Copy New '/Users/Joe/Desktop/MWWG/Pictures/waterfalls/thumb/thumb_waterfalls_15.jpg' -> 'ftp://metrowestwatergardens.com/waterfalls/thumb/thumb_waterfalls_15.jpg'
2016-06-25 16:46:39: Copy New '/Users/Joe/Desktop/MWWG/Pictures/waterfalls/thumb/thumb_waterfalls_16.jpg' -> 'ftp://metrowestwatergardens.com/waterfalls/thumb/thumb_waterfalls_16.jpg'
2016-06-25 16:46:40: Copy New '/Users/Joe/Desktop/MWWG/Pictures/waterfalls/thumb/thumb_waterfalls_17.jpg' -> 'ftp://metrowestwatergardens.com/waterfalls/thumb/thumb_waterfalls_17.jpg'
2016-06-25 16:46:40: Copy New '/Users/Joe/Desktop/MWWG/Pictures/waterfalls/thumb/thumb_waterfalls_18.jpg' -> 'ftp://metrowestwatergardens.com/waterfalls/thumb/thumb_waterfalls_18.jpg'
2016-06-25 16:46:41: Copy New '/Users/Joe/Desktop/MWWG/Pictures/waterfalls/thumb/thumb_waterfalls_19.jpg' -> 'ftp://metrowestwatergardens.com/waterfalls/thumb/thumb_waterfalls_19.jpg'
2016-06-25 16:46:42: Copy New '/Users/Joe/Desktop/MWWG/Pictures/waterfalls/thumb/thumb_waterfalls_20.jpg' -> 'ftp://metrowestwatergardens.com/waterfalls/thumb/thumb_waterfalls_20.jpg'
2016-06-25 16:46:43: Copy New '/Users/Joe/Desktop/MWWG/Pictures/waterfalls/thumb/thumb_waterfalls_21.jpg' -> 'ftp://metrowestwatergardens.com/waterfalls/thumb/thumb_waterfalls_21.jpg'
2016-06-25 16:46:44: Copy New '/Users/Joe/Desktop/MWWG/Pictures/waterfalls/thumb/thumb_waterfalls_22.jpg' -> 'ftp://metrowestwatergardens.com/waterfalls/thumb/thumb_waterfalls_22.jpg'
2016-06-25 16:46:44: Copy New '/Users/Joe/Desktop/MWWG/Pictures/waterfalls/thumb/thumb_waterfalls_23.jpg' -> 'ftp://metrowestwatergardens.com/waterfalls/thumb/thumb_waterfalls_23.jpg'
2016-06-25 16:46:45: Copy New '/Users/Joe/Desktop/MWWG/Pictures/waterfalls/thumb/thumb_waterfalls_24.jpg' -> 'ftp://metrowestwatergardens.com/waterfalls/thumb/thumb_waterfalls_24.jpg'
2016-06-25 16:46:46: Copy New '/Users/Joe/Desktop/MWWG/Pictures/waterfalls/thumb/thumb_waterfalls_25.jpg' -> 'ftp://metrowestwatergardens.com/waterfalls/thumb/thumb_waterfalls_25.jpg'
2016-06-25 16:46:47: Copy New '/Users/Joe/Desktop/MWWG/Pictures/waterfalls/thumb/thumb_waterfalls_26.jpg' -> 'ftp://metrowestwatergardens.com/waterfalls/thumb/thumb_waterfalls_26.jpg'
2016-06-25 16:46:47: Copy New '/Users/Joe/Desktop/MWWG/Pictures/waterfalls/thumb/thumb_waterfalls_27.jpg' -> 'ftp://metrowestwatergardens.com/waterfalls/thumb/thumb_waterfalls_27.jpg'
2016-06-25 16:46:48: Copy New '/Users/Joe/Desktop/MWWG/Pictures/waterfalls/thumb/thumb_waterfalls_28.jpg' -> 'ftp://metrowestwatergardens.com/waterfalls/thumb/thumb_waterfalls_28.jpg'
2016-06-25 16:46:49: Copy New '/Users/Joe/Desktop/MWWG/Pictures/waterfalls/thumb/thumb_waterfalls_29.jpg' -> 'ftp://metrowestwatergardens.com/waterfalls/thumb/thumb_waterfalls_29.jpg'
2016-06-25 16:46:50: Copy New '/Users/Joe/Desktop/MWWG/Pictures/waterfalls/thumb/thumb_waterfalls_30.jpg' -> 'ftp://metrowestwatergardens.com/waterfalls/thumb/thumb_waterfalls_30.jpg'
2016-06-25 16:46:51: Copy New '/Users/Joe/Desktop/MWWG/Pictures/waterfalls/thumb/thumb_waterfalls_31.jpg' -> 'ftp://metrowestwatergardens.com/waterfalls/thumb/thumb_waterfalls_31.jpg'
2016-06-25 16:46:52: Copy New '/Users/Joe/Desktop/MWWG/Pictures/waterfalls/thumb/thumb_waterfalls_32.jpg' -> 'ftp://metrowestwatergardens.com/waterfalls/thumb/thumb_waterfalls_32.jpg'
2016-06-25 16:46:53: Copy New '/Users/Joe/Desktop/MWWG/Pictures/waterfalls/thumb/thumb_waterfalls_33.jpg' -> 'ftp://metrowestwatergardens.com/waterfalls/thumb/thumb_waterfalls_33.jpg'
2016-06-25 16:46:53: Copy New '/Users/Joe/Desktop/MWWG/Pictures/waterfalls/thumb/thumb_waterfalls_34.jpg' -> 'ftp://metrowestwatergardens.com/waterfalls/thumb/thumb_waterfalls_34.jpg'
2016-06-25 16:46:54: Copy New '/Users/Joe/Desktop/MWWG/Pictures/waterfalls/thumb/thumb_waterfalls_35.jpg' -> 'ftp://metrowestwatergardens.com/waterfalls/thumb/thumb_waterfalls_35.jpg'
2016-06-25 16:46:55: Copy New '/Users/Joe/Desktop/MWWG/Pictures/waterfalls/thumb/thumb_waterfalls_36.jpg' -> 'ftp://metrowestwatergardens.com/waterfalls/thumb/thumb_waterfalls_36.jpg'
2016-06-25 16:46:56: Copy New '/Users/Joe/Desktop/MWWG/Pictures/waterfalls/thumb/thumb_waterfalls_37.jpg' -> 'ftp://metrowestwatergardens.com/waterfalls/thumb/thumb_waterfalls_37.jpg'
2016-06-25 16:46:56: Copy New '/Users/Joe/Desktop/MWWG/Pictures/waterfalls/thumb/thumb_waterfalls_38.jpg' -> 'ftp://metrowestwatergardens.com/waterfalls/thumb/thumb_waterfalls_38.jpg'
2016-06-25 16:46:57: Copy New '/Users/Joe/Desktop/MWWG/Pictures/waterfalls/thumb/thumb_waterfalls_39.jpg' -> 'ftp://metrowestwatergardens.com/waterfalls/thumb/thumb_waterfalls_39.jpg'
2016-06-25 16:46:58: Copy New '/Users/Joe/Desktop/MWWG/Pictures/waterfalls/thumb/thumb_waterfalls_40.jpg' -> 'ftp://metrowestwatergardens.com/waterfalls/thumb/thumb_waterfalls_40.jpg'
2016-06-25 16:46:59: Copy New '/Users/Joe/Desktop/MWWG/Pictures/waterfalls/thumb/thumb_waterfalls_41.jpg' -> 'ftp://metrowestwatergardens.com/waterfalls/thumb/thumb_waterfalls_41.jpg'
2016-06-25 16:47:00: Copy New '/Users/Joe/Desktop/MWWG/Pictures/waterfalls/thumb/thumb_waterfalls_42.jpg' -> 'ftp://metrowestwatergardens.com/waterfalls/thumb/thumb_waterfalls_42.jpg'
2016-06-25 16:47:01: Copy New '/Users/Joe/Desktop/MWWG/Pictures/waterfalls/thumb/thumb_waterfalls_43.jpg' -> 'ftp://metrowestwatergardens.com/waterfalls/thumb/thumb_waterfalls_43.jpg'
2016-06-25 16:47:01: Copy New '/Users/Joe/Desktop/MWWG/Pictures/waterfalls/thumb/thumb_waterfalls_44.jpg' -> 'ftp://metrowestwatergardens.com/waterfalls/thumb/thumb_waterfalls_44.jpg'
2016-06-25 16:47:02: Copy New '/Users/Joe/Desktop/MWWG/Pictures/waterfalls/thumb/thumb_waterfalls_45.jpg' -> 'ftp://metrowestwatergardens.com/waterfalls/thumb/thumb_waterfalls_45.jpg'
2016-06-25 16:47:03: Copy New '/Users/Joe/Desktop/MWWG/Pictures/waterfalls/thumb/thumb_waterfalls_46.jpg' -> 'ftp://metrowestwatergardens.com/waterfalls/thumb/thumb_waterfalls_46.jpg'
2016-06-25 16:47:04: Copy New '/Users/Joe/Desktop/MWWG/Pictures/waterfalls/thumb/thumb_waterfalls_47.jpg' -> 'ftp://metrowestwatergardens.com/waterfalls/thumb/thumb_waterfalls_47.jpg'
2016-06-25 16:47:05: Copy New '/Users/Joe/Desktop/MWWG/Pictures/waterfalls/thumb/thumb_waterfalls_48.jpg' -> 'ftp://metrowestwatergardens.com/waterfalls/thumb/thumb_waterfalls_48.jpg'
2016-06-25 16:47:05: Copy New '/Users/Joe/Desktop/MWWG/Pictures/waterfalls/thumb/thumb_waterfalls_49.jpg' -> 'ftp://metrowestwatergardens.com/waterfalls/thumb/thumb_waterfalls_49.jpg'
2016-06-25 16:47:06: == Sync Complete. Time: 00:02:49, Speed: 20.4 KB/s, OK: 198, Errors: 0
2016-06-25 16:47:07: 
